<?xml version="1.0" encoding="UTF-8"?>
<testng-results ignored="0" total="5" passed="5" failed="0" skipped="0">
  <reporter-output>
  </reporter-output>
  <suite started-at="2022-10-01T14:04:32 WIB" name="Default suite" finished-at="2022-10-01T14:05:11 WIB" duration-ms="38729">
    <groups>
      <group name="cucumber">
        <method signature="AbstractTestNGCucumberTests.runScenario(io.cucumber.testng.PickleWrapper,io.cucumber.testng.FeatureWrapper)[pri:0, instance:com.sqa.psikotes.framework.runner.TestRunner@2767e23c]" name="runScenario" class="io.cucumber.testng.AbstractTestNGCucumberTests"/>
      </group> <!-- cucumber -->
    </groups>
    <test started-at="2022-10-01T14:04:32 WIB" name="Default test" finished-at="2022-10-01T14:05:11 WIB" duration-ms="38729">
      <class name="com.sqa.psikotes.framework.runner.TestRunner">
        <test-method is-config="true" signature="setUpClass(org.testng.ITestContext)[pri:0, instance:com.sqa.psikotes.framework.runner.TestRunner@2767e23c]" started-at="2022-10-01T14:04:32 WIB" name="setUpClass" finished-at="2022-10-01T14:04:33 WIB" duration-ms="671" status="PASS">
          <params>
            <param index="0">
              <value>
                <![CDATA[org.testng.TestRunner@c318864]]>
              </value>
            </param>
          </params>
          <reporter-output>
          </reporter-output>
        </test-method> <!-- setUpClass -->
        <test-method signature="runScenario(io.cucumber.testng.PickleWrapper,io.cucumber.testng.FeatureWrapper)[pri:0, instance:com.sqa.psikotes.framework.runner.TestRunner@2767e23c]" started-at="2022-10-01T14:04:33 WIB" name="runScenario" description="Runs Cucumber Scenarios" data-provider="scenarios" finished-at="2022-10-01T14:04:42 WIB" duration-ms="9595" status="PASS">
          <params>
            <param index="0">
              <value>
                <![CDATA["TSLP001001 Admin login valid dan menekan tombol sign in"]]>
              </value>
            </param>
            <param index="1">
              <value>
                <![CDATA["TSLP001 Admin login valid ke web"]]>
              </value>
            </param>
          </params>
          <reporter-output>
          </reporter-output>
        </test-method> <!-- runScenario -->
        <test-method signature="runScenario(io.cucumber.testng.PickleWrapper,io.cucumber.testng.FeatureWrapper)[pri:0, instance:com.sqa.psikotes.framework.runner.TestRunner@2767e23c]" started-at="2022-10-01T14:04:42 WIB" name="runScenario" description="Runs Cucumber Scenarios" data-provider="scenarios" finished-at="2022-10-01T14:04:51 WIB" duration-ms="8280" status="PASS">
          <params>
            <param index="0">
              <value>
                <![CDATA["TSLP001N002 Admin login valid dan menekan tombol enter (green button) username"]]>
              </value>
            </param>
            <param index="1">
              <value>
                <![CDATA["TSLP001 Admin login valid ke web"]]>
              </value>
            </param>
          </params>
          <reporter-output>
          </reporter-output>
        </test-method> <!-- runScenario -->
        <test-method signature="runScenario(io.cucumber.testng.PickleWrapper,io.cucumber.testng.FeatureWrapper)[pri:0, instance:com.sqa.psikotes.framework.runner.TestRunner@2767e23c]" started-at="2022-10-01T14:04:51 WIB" name="runScenario" description="Runs Cucumber Scenarios" data-provider="scenarios" finished-at="2022-10-01T14:04:58 WIB" duration-ms="7306" status="PASS">
          <params>
            <param index="0">
              <value>
                <![CDATA["TSLP001N003 Admin login valid dan menekan tombol enter (green button) password"]]>
              </value>
            </param>
            <param index="1">
              <value>
                <![CDATA["TSLP001 Admin login valid ke web"]]>
              </value>
            </param>
          </params>
          <reporter-output>
          </reporter-output>
        </test-method> <!-- runScenario -->
        <test-method signature="runScenario(io.cucumber.testng.PickleWrapper,io.cucumber.testng.FeatureWrapper)[pri:0, instance:com.sqa.psikotes.framework.runner.TestRunner@2767e23c]" started-at="2022-10-01T14:04:58 WIB" name="runScenario" description="Runs Cucumber Scenarios" data-provider="scenarios" finished-at="2022-10-01T14:05:05 WIB" duration-ms="7428" status="PASS">
          <params>
            <param index="0">
              <value>
                <![CDATA["TSLP001004 Admin login valid dan menekan enter keyboard"]]>
              </value>
            </param>
            <param index="1">
              <value>
                <![CDATA["TSLP001 Admin login valid ke web"]]>
              </value>
            </param>
          </params>
          <reporter-output>
          </reporter-output>
        </test-method> <!-- runScenario -->
        <test-method signature="runScenario(io.cucumber.testng.PickleWrapper,io.cucumber.testng.FeatureWrapper)[pri:0, instance:com.sqa.psikotes.framework.runner.TestRunner@2767e23c]" started-at="2022-10-01T14:05:05 WIB" name="runScenario" description="Runs Cucumber Scenarios" data-provider="scenarios" finished-at="2022-10-01T14:05:10 WIB" duration-ms="5025" status="PASS">
          <params>
            <param index="0">
              <value>
                <![CDATA["TSAP001001 Admin masuk ke halaman admin"]]>
              </value>
            </param>
            <param index="1">
              <value>
                <![CDATA["TSAP001 Masuk halaman admin"]]>
              </value>
            </param>
          </params>
          <reporter-output>
          </reporter-output>
        </test-method> <!-- runScenario -->
        <test-method is-config="true" signature="tearDownClass()[pri:0, instance:com.sqa.psikotes.framework.runner.TestRunner@2767e23c]" started-at="2022-10-01T14:05:10 WIB" name="tearDownClass" finished-at="2022-10-01T14:05:11 WIB" duration-ms="370" status="PASS">
          <reporter-output>
          </reporter-output>
        </test-method> <!-- tearDownClass -->
      </class> <!-- com.sqa.psikotes.framework.runner.TestRunner -->
    </test> <!-- Default test -->
  </suite> <!-- Default suite -->
</testng-results>
