<?xml version="1.0" encoding="UTF-8"?>
<testng-results ignored="0" total="49" passed="49" failed="0" skipped="0">
  <reporter-output>
  </reporter-output>
  <suite started-at="2022-10-03T22:16:45 WIB" name="Default suite" finished-at="2022-10-03T22:25:13 WIB" duration-ms="507828">
    <groups>
      <group name="cucumber">
        <method signature="AbstractTestNGCucumberTests.runScenario(io.cucumber.testng.PickleWrapper,io.cucumber.testng.FeatureWrapper)[pri:0, instance:com.sqa.psikotes.framework.runner.TestRunner@2767e23c]" name="runScenario" class="io.cucumber.testng.AbstractTestNGCucumberTests"/>
      </group> <!-- cucumber -->
    </groups>
    <test started-at="2022-10-03T22:16:45 WIB" name="Default test" finished-at="2022-10-03T22:25:13 WIB" duration-ms="507828">
      <class name="com.sqa.psikotes.framework.runner.TestRunner">
        <test-method is-config="true" signature="setUpClass(org.testng.ITestContext)[pri:0, instance:com.sqa.psikotes.framework.runner.TestRunner@2767e23c]" started-at="2022-10-03T22:16:45 WIB" name="setUpClass" finished-at="2022-10-03T22:16:46 WIB" duration-ms="748" status="PASS">
          <params>
            <param index="0">
              <value>
                <![CDATA[org.testng.TestRunner@3fd93330]]>
              </value>
            </param>
          </params>
          <reporter-output>
          </reporter-output>
        </test-method> <!-- setUpClass -->
        <test-method signature="runScenario(io.cucumber.testng.PickleWrapper,io.cucumber.testng.FeatureWrapper)[pri:0, instance:com.sqa.psikotes.framework.runner.TestRunner@2767e23c]" started-at="2022-10-03T22:16:46 WIB" name="runScenario" description="Runs Cucumber Scenarios" data-provider="scenarios" finished-at="2022-10-03T22:16:57 WIB" duration-ms="11742" status="PASS">
          <params>
            <param index="0">
              <value>
                <![CDATA["TSLP001001 Admin login valid dan menekan tombol sign in"]]>
              </value>
            </param>
            <param index="1">
              <value>
                <![CDATA["TSLP001 Admin login valid ke web"]]>
              </value>
            </param>
          </params>
          <reporter-output>
          </reporter-output>
        </test-method> <!-- runScenario -->
        <test-method signature="runScenario(io.cucumber.testng.PickleWrapper,io.cucumber.testng.FeatureWrapper)[pri:0, instance:com.sqa.psikotes.framework.runner.TestRunner@2767e23c]" started-at="2022-10-03T22:16:57 WIB" name="runScenario" description="Runs Cucumber Scenarios" data-provider="scenarios" finished-at="2022-10-03T22:17:06 WIB" duration-ms="8291" status="PASS">
          <params>
            <param index="0">
              <value>
                <![CDATA["TSLP001N002 Admin login valid dan menekan tombol enter (green button) username"]]>
              </value>
            </param>
            <param index="1">
              <value>
                <![CDATA["TSLP001 Admin login valid ke web"]]>
              </value>
            </param>
          </params>
          <reporter-output>
          </reporter-output>
        </test-method> <!-- runScenario -->
        <test-method signature="runScenario(io.cucumber.testng.PickleWrapper,io.cucumber.testng.FeatureWrapper)[pri:0, instance:com.sqa.psikotes.framework.runner.TestRunner@2767e23c]" started-at="2022-10-03T22:17:06 WIB" name="runScenario" description="Runs Cucumber Scenarios" data-provider="scenarios" finished-at="2022-10-03T22:17:13 WIB" duration-ms="7676" status="PASS">
          <params>
            <param index="0">
              <value>
                <![CDATA["TSLP001N003 Admin login valid dan menekan tombol enter (green button) password"]]>
              </value>
            </param>
            <param index="1">
              <value>
                <![CDATA["TSLP001 Admin login valid ke web"]]>
              </value>
            </param>
          </params>
          <reporter-output>
          </reporter-output>
        </test-method> <!-- runScenario -->
        <test-method signature="runScenario(io.cucumber.testng.PickleWrapper,io.cucumber.testng.FeatureWrapper)[pri:0, instance:com.sqa.psikotes.framework.runner.TestRunner@2767e23c]" started-at="2022-10-03T22:17:13 WIB" name="runScenario" description="Runs Cucumber Scenarios" data-provider="scenarios" finished-at="2022-10-03T22:17:21 WIB" duration-ms="7551" status="PASS">
          <params>
            <param index="0">
              <value>
                <![CDATA["TSLP001004 Admin login valid dan menekan enter keyboard"]]>
              </value>
            </param>
            <param index="1">
              <value>
                <![CDATA["TSLP001 Admin login valid ke web"]]>
              </value>
            </param>
          </params>
          <reporter-output>
          </reporter-output>
        </test-method> <!-- runScenario -->
        <test-method signature="runScenario(io.cucumber.testng.PickleWrapper,io.cucumber.testng.FeatureWrapper)[pri:0, instance:com.sqa.psikotes.framework.runner.TestRunner@2767e23c]" started-at="2022-10-03T22:17:21 WIB" name="runScenario" description="Runs Cucumber Scenarios" data-provider="scenarios" finished-at="2022-10-03T22:17:27 WIB" duration-ms="5942" status="PASS">
          <params>
            <param index="0">
              <value>
                <![CDATA["TSAP001001 Admin masuk ke halaman admin"]]>
              </value>
            </param>
            <param index="1">
              <value>
                <![CDATA["TSAP001 Masuk halaman admin"]]>
              </value>
            </param>
          </params>
          <reporter-output>
          </reporter-output>
        </test-method> <!-- runScenario -->
        <test-method signature="runScenario(io.cucumber.testng.PickleWrapper,io.cucumber.testng.FeatureWrapper)[pri:0, instance:com.sqa.psikotes.framework.runner.TestRunner@2767e23c]" started-at="2022-10-03T22:17:27 WIB" name="runScenario" description="Runs Cucumber Scenarios" data-provider="scenarios" finished-at="2022-10-03T22:17:36 WIB" duration-ms="9010" status="PASS">
          <params>
            <param index="0">
              <value>
                <![CDATA["TSAP002001 Admin mencari data dengan tombol search"]]>
              </value>
            </param>
            <param index="1">
              <value>
                <![CDATA["TSAP002 Admin Search Data"]]>
              </value>
            </param>
          </params>
          <reporter-output>
          </reporter-output>
        </test-method> <!-- runScenario -->
        <test-method signature="runScenario(io.cucumber.testng.PickleWrapper,io.cucumber.testng.FeatureWrapper)[pri:0, instance:com.sqa.psikotes.framework.runner.TestRunner@2767e23c]" started-at="2022-10-03T22:17:36 WIB" name="runScenario" description="Runs Cucumber Scenarios" data-provider="scenarios" finished-at="2022-10-03T22:17:46 WIB" duration-ms="10116" status="PASS">
          <params>
            <param index="0">
              <value>
                <![CDATA["TSAP002001 Admin mencari data dengan tombol search"]]>
              </value>
            </param>
            <param index="1">
              <value>
                <![CDATA["TSAP002 Admin Search Data"]]>
              </value>
            </param>
          </params>
          <reporter-output>
          </reporter-output>
        </test-method> <!-- runScenario -->
        <test-method signature="runScenario(io.cucumber.testng.PickleWrapper,io.cucumber.testng.FeatureWrapper)[pri:0, instance:com.sqa.psikotes.framework.runner.TestRunner@2767e23c]" started-at="2022-10-03T22:17:46 WIB" name="runScenario" description="Runs Cucumber Scenarios" data-provider="scenarios" finished-at="2022-10-03T22:17:55 WIB" duration-ms="9163" status="PASS">
          <params>
            <param index="0">
              <value>
                <![CDATA["TSAP002001 Admin mencari data dengan tombol search"]]>
              </value>
            </param>
            <param index="1">
              <value>
                <![CDATA["TSAP002 Admin Search Data"]]>
              </value>
            </param>
          </params>
          <reporter-output>
          </reporter-output>
        </test-method> <!-- runScenario -->
        <test-method signature="runScenario(io.cucumber.testng.PickleWrapper,io.cucumber.testng.FeatureWrapper)[pri:0, instance:com.sqa.psikotes.framework.runner.TestRunner@2767e23c]" started-at="2022-10-03T22:17:55 WIB" name="runScenario" description="Runs Cucumber Scenarios" data-provider="scenarios" finished-at="2022-10-03T22:18:04 WIB" duration-ms="9130" status="PASS">
          <params>
            <param index="0">
              <value>
                <![CDATA["TSAP002001 Admin mencari data dengan tombol search"]]>
              </value>
            </param>
            <param index="1">
              <value>
                <![CDATA["TSAP002 Admin Search Data"]]>
              </value>
            </param>
          </params>
          <reporter-output>
          </reporter-output>
        </test-method> <!-- runScenario -->
        <test-method signature="runScenario(io.cucumber.testng.PickleWrapper,io.cucumber.testng.FeatureWrapper)[pri:0, instance:com.sqa.psikotes.framework.runner.TestRunner@2767e23c]" started-at="2022-10-03T22:18:04 WIB" name="runScenario" description="Runs Cucumber Scenarios" data-provider="scenarios" finished-at="2022-10-03T22:18:14 WIB" duration-ms="9212" status="PASS">
          <params>
            <param index="0">
              <value>
                <![CDATA["TSAP002001 Admin mencari data dengan tombol search"]]>
              </value>
            </param>
            <param index="1">
              <value>
                <![CDATA["TSAP002 Admin Search Data"]]>
              </value>
            </param>
          </params>
          <reporter-output>
          </reporter-output>
        </test-method> <!-- runScenario -->
        <test-method signature="runScenario(io.cucumber.testng.PickleWrapper,io.cucumber.testng.FeatureWrapper)[pri:0, instance:com.sqa.psikotes.framework.runner.TestRunner@2767e23c]" started-at="2022-10-03T22:18:14 WIB" name="runScenario" description="Runs Cucumber Scenarios" data-provider="scenarios" finished-at="2022-10-03T22:18:23 WIB" duration-ms="9188" status="PASS">
          <params>
            <param index="0">
              <value>
                <![CDATA["TSAP002001 Admin mencari data dengan tombol search"]]>
              </value>
            </param>
            <param index="1">
              <value>
                <![CDATA["TSAP002 Admin Search Data"]]>
              </value>
            </param>
          </params>
          <reporter-output>
          </reporter-output>
        </test-method> <!-- runScenario -->
        <test-method signature="runScenario(io.cucumber.testng.PickleWrapper,io.cucumber.testng.FeatureWrapper)[pri:0, instance:com.sqa.psikotes.framework.runner.TestRunner@2767e23c]" started-at="2022-10-03T22:18:23 WIB" name="runScenario" description="Runs Cucumber Scenarios" data-provider="scenarios" finished-at="2022-10-03T22:18:32 WIB" duration-ms="9131" status="PASS">
          <params>
            <param index="0">
              <value>
                <![CDATA["TSAP002002 Admin mencari data dengan  tombol enter (green button)"]]>
              </value>
            </param>
            <param index="1">
              <value>
                <![CDATA["TSAP002 Admin Search Data"]]>
              </value>
            </param>
          </params>
          <reporter-output>
          </reporter-output>
        </test-method> <!-- runScenario -->
        <test-method signature="runScenario(io.cucumber.testng.PickleWrapper,io.cucumber.testng.FeatureWrapper)[pri:0, instance:com.sqa.psikotes.framework.runner.TestRunner@2767e23c]" started-at="2022-10-03T22:18:32 WIB" name="runScenario" description="Runs Cucumber Scenarios" data-provider="scenarios" finished-at="2022-10-03T22:18:41 WIB" duration-ms="9445" status="PASS">
          <params>
            <param index="0">
              <value>
                <![CDATA["TSAP002002 Admin mencari data dengan  tombol enter (green button)"]]>
              </value>
            </param>
            <param index="1">
              <value>
                <![CDATA["TSAP002 Admin Search Data"]]>
              </value>
            </param>
          </params>
          <reporter-output>
          </reporter-output>
        </test-method> <!-- runScenario -->
        <test-method signature="runScenario(io.cucumber.testng.PickleWrapper,io.cucumber.testng.FeatureWrapper)[pri:0, instance:com.sqa.psikotes.framework.runner.TestRunner@2767e23c]" started-at="2022-10-03T22:18:41 WIB" name="runScenario" description="Runs Cucumber Scenarios" data-provider="scenarios" finished-at="2022-10-03T22:18:52 WIB" duration-ms="11070" status="PASS">
          <params>
            <param index="0">
              <value>
                <![CDATA["TSAP002002 Admin mencari data dengan  tombol enter (green button)"]]>
              </value>
            </param>
            <param index="1">
              <value>
                <![CDATA["TSAP002 Admin Search Data"]]>
              </value>
            </param>
          </params>
          <reporter-output>
          </reporter-output>
        </test-method> <!-- runScenario -->
        <test-method signature="runScenario(io.cucumber.testng.PickleWrapper,io.cucumber.testng.FeatureWrapper)[pri:0, instance:com.sqa.psikotes.framework.runner.TestRunner@2767e23c]" started-at="2022-10-03T22:18:52 WIB" name="runScenario" description="Runs Cucumber Scenarios" data-provider="scenarios" finished-at="2022-10-03T22:19:02 WIB" duration-ms="9105" status="PASS">
          <params>
            <param index="0">
              <value>
                <![CDATA["TSAP002002 Admin mencari data dengan  tombol enter (green button)"]]>
              </value>
            </param>
            <param index="1">
              <value>
                <![CDATA["TSAP002 Admin Search Data"]]>
              </value>
            </param>
          </params>
          <reporter-output>
          </reporter-output>
        </test-method> <!-- runScenario -->
        <test-method signature="runScenario(io.cucumber.testng.PickleWrapper,io.cucumber.testng.FeatureWrapper)[pri:0, instance:com.sqa.psikotes.framework.runner.TestRunner@2767e23c]" started-at="2022-10-03T22:19:02 WIB" name="runScenario" description="Runs Cucumber Scenarios" data-provider="scenarios" finished-at="2022-10-03T22:19:11 WIB" duration-ms="9223" status="PASS">
          <params>
            <param index="0">
              <value>
                <![CDATA["TSAP002002 Admin mencari data dengan  tombol enter (green button)"]]>
              </value>
            </param>
            <param index="1">
              <value>
                <![CDATA["TSAP002 Admin Search Data"]]>
              </value>
            </param>
          </params>
          <reporter-output>
          </reporter-output>
        </test-method> <!-- runScenario -->
        <test-method signature="runScenario(io.cucumber.testng.PickleWrapper,io.cucumber.testng.FeatureWrapper)[pri:0, instance:com.sqa.psikotes.framework.runner.TestRunner@2767e23c]" started-at="2022-10-03T22:19:11 WIB" name="runScenario" description="Runs Cucumber Scenarios" data-provider="scenarios" finished-at="2022-10-03T22:19:20 WIB" duration-ms="9245" status="PASS">
          <params>
            <param index="0">
              <value>
                <![CDATA["TSAP002002 Admin mencari data dengan  tombol enter (green button)"]]>
              </value>
            </param>
            <param index="1">
              <value>
                <![CDATA["TSAP002 Admin Search Data"]]>
              </value>
            </param>
          </params>
          <reporter-output>
          </reporter-output>
        </test-method> <!-- runScenario -->
        <test-method signature="runScenario(io.cucumber.testng.PickleWrapper,io.cucumber.testng.FeatureWrapper)[pri:0, instance:com.sqa.psikotes.framework.runner.TestRunner@2767e23c]" started-at="2022-10-03T22:19:20 WIB" name="runScenario" description="Runs Cucumber Scenarios" data-provider="scenarios" finished-at="2022-10-03T22:19:30 WIB" duration-ms="9573" status="PASS">
          <params>
            <param index="0">
              <value>
                <![CDATA["TSAP002003 Admin mencari data dengan tombol enter pada keyboard"]]>
              </value>
            </param>
            <param index="1">
              <value>
                <![CDATA["TSAP002 Admin Search Data"]]>
              </value>
            </param>
          </params>
          <reporter-output>
          </reporter-output>
        </test-method> <!-- runScenario -->
        <test-method signature="runScenario(io.cucumber.testng.PickleWrapper,io.cucumber.testng.FeatureWrapper)[pri:0, instance:com.sqa.psikotes.framework.runner.TestRunner@2767e23c]" started-at="2022-10-03T22:19:30 WIB" name="runScenario" description="Runs Cucumber Scenarios" data-provider="scenarios" finished-at="2022-10-03T22:19:41 WIB" duration-ms="11407" status="PASS">
          <params>
            <param index="0">
              <value>
                <![CDATA["TSAP002003 Admin mencari data dengan tombol enter pada keyboard"]]>
              </value>
            </param>
            <param index="1">
              <value>
                <![CDATA["TSAP002 Admin Search Data"]]>
              </value>
            </param>
          </params>
          <reporter-output>
          </reporter-output>
        </test-method> <!-- runScenario -->
        <test-method signature="runScenario(io.cucumber.testng.PickleWrapper,io.cucumber.testng.FeatureWrapper)[pri:0, instance:com.sqa.psikotes.framework.runner.TestRunner@2767e23c]" started-at="2022-10-03T22:19:41 WIB" name="runScenario" description="Runs Cucumber Scenarios" data-provider="scenarios" finished-at="2022-10-03T22:19:50 WIB" duration-ms="9144" status="PASS">
          <params>
            <param index="0">
              <value>
                <![CDATA["TSAP002003 Admin mencari data dengan tombol enter pada keyboard"]]>
              </value>
            </param>
            <param index="1">
              <value>
                <![CDATA["TSAP002 Admin Search Data"]]>
              </value>
            </param>
          </params>
          <reporter-output>
          </reporter-output>
        </test-method> <!-- runScenario -->
        <test-method signature="runScenario(io.cucumber.testng.PickleWrapper,io.cucumber.testng.FeatureWrapper)[pri:0, instance:com.sqa.psikotes.framework.runner.TestRunner@2767e23c]" started-at="2022-10-03T22:19:50 WIB" name="runScenario" description="Runs Cucumber Scenarios" data-provider="scenarios" finished-at="2022-10-03T22:20:02 WIB" duration-ms="11445" status="PASS">
          <params>
            <param index="0">
              <value>
                <![CDATA["TSAP002003 Admin mencari data dengan tombol enter pada keyboard"]]>
              </value>
            </param>
            <param index="1">
              <value>
                <![CDATA["TSAP002 Admin Search Data"]]>
              </value>
            </param>
          </params>
          <reporter-output>
          </reporter-output>
        </test-method> <!-- runScenario -->
        <test-method signature="runScenario(io.cucumber.testng.PickleWrapper,io.cucumber.testng.FeatureWrapper)[pri:0, instance:com.sqa.psikotes.framework.runner.TestRunner@2767e23c]" started-at="2022-10-03T22:20:02 WIB" name="runScenario" description="Runs Cucumber Scenarios" data-provider="scenarios" finished-at="2022-10-03T22:20:11 WIB" duration-ms="9153" status="PASS">
          <params>
            <param index="0">
              <value>
                <![CDATA["TSAP002003 Admin mencari data dengan tombol enter pada keyboard"]]>
              </value>
            </param>
            <param index="1">
              <value>
                <![CDATA["TSAP002 Admin Search Data"]]>
              </value>
            </param>
          </params>
          <reporter-output>
          </reporter-output>
        </test-method> <!-- runScenario -->
        <test-method signature="runScenario(io.cucumber.testng.PickleWrapper,io.cucumber.testng.FeatureWrapper)[pri:0, instance:com.sqa.psikotes.framework.runner.TestRunner@2767e23c]" started-at="2022-10-03T22:20:11 WIB" name="runScenario" description="Runs Cucumber Scenarios" data-provider="scenarios" finished-at="2022-10-03T22:20:20 WIB" duration-ms="9221" status="PASS">
          <params>
            <param index="0">
              <value>
                <![CDATA["TSAP002003 Admin mencari data dengan tombol enter pada keyboard"]]>
              </value>
            </param>
            <param index="1">
              <value>
                <![CDATA["TSAP002 Admin Search Data"]]>
              </value>
            </param>
          </params>
          <reporter-output>
          </reporter-output>
        </test-method> <!-- runScenario -->
        <test-method signature="runScenario(io.cucumber.testng.PickleWrapper,io.cucumber.testng.FeatureWrapper)[pri:0, instance:com.sqa.psikotes.framework.runner.TestRunner@2767e23c]" started-at="2022-10-03T22:20:20 WIB" name="runScenario" description="Runs Cucumber Scenarios" data-provider="scenarios" finished-at="2022-10-03T22:20:29 WIB" duration-ms="9228" status="PASS">
          <params>
            <param index="0">
              <value>
                <![CDATA["TSAP004001 Admin menampilkan10 data admin"]]>
              </value>
            </param>
            <param index="1">
              <value>
                <![CDATA["TSAP004 Menampilkan data admin"]]>
              </value>
            </param>
          </params>
          <reporter-output>
          </reporter-output>
        </test-method> <!-- runScenario -->
        <test-method signature="runScenario(io.cucumber.testng.PickleWrapper,io.cucumber.testng.FeatureWrapper)[pri:0, instance:com.sqa.psikotes.framework.runner.TestRunner@2767e23c]" started-at="2022-10-03T22:20:29 WIB" name="runScenario" description="Runs Cucumber Scenarios" data-provider="scenarios" finished-at="2022-10-03T22:20:38 WIB" duration-ms="9234" status="PASS">
          <params>
            <param index="0">
              <value>
                <![CDATA["TSAP004002 Admin menampilkan25 data admin"]]>
              </value>
            </param>
            <param index="1">
              <value>
                <![CDATA["TSAP004 Menampilkan data admin"]]>
              </value>
            </param>
          </params>
          <reporter-output>
          </reporter-output>
        </test-method> <!-- runScenario -->
        <test-method signature="runScenario(io.cucumber.testng.PickleWrapper,io.cucumber.testng.FeatureWrapper)[pri:0, instance:com.sqa.psikotes.framework.runner.TestRunner@2767e23c]" started-at="2022-10-03T22:20:38 WIB" name="runScenario" description="Runs Cucumber Scenarios" data-provider="scenarios" finished-at="2022-10-03T22:20:48 WIB" duration-ms="9065" status="PASS">
          <params>
            <param index="0">
              <value>
                <![CDATA["TSAP004003 Admin menampilkan50 data admin"]]>
              </value>
            </param>
            <param index="1">
              <value>
                <![CDATA["TSAP004 Menampilkan data admin"]]>
              </value>
            </param>
          </params>
          <reporter-output>
          </reporter-output>
        </test-method> <!-- runScenario -->
        <test-method signature="runScenario(io.cucumber.testng.PickleWrapper,io.cucumber.testng.FeatureWrapper)[pri:0, instance:com.sqa.psikotes.framework.runner.TestRunner@2767e23c]" started-at="2022-10-03T22:20:48 WIB" name="runScenario" description="Runs Cucumber Scenarios" data-provider="scenarios" finished-at="2022-10-03T22:20:56 WIB" duration-ms="8238" status="PASS">
          <params>
            <param index="0">
              <value>
                <![CDATA["TSAP004004 Admin menampilkan100 data admin"]]>
              </value>
            </param>
            <param index="1">
              <value>
                <![CDATA["TSAP004 Menampilkan data admin"]]>
              </value>
            </param>
          </params>
          <reporter-output>
          </reporter-output>
        </test-method> <!-- runScenario -->
        <test-method signature="runScenario(io.cucumber.testng.PickleWrapper,io.cucumber.testng.FeatureWrapper)[pri:0, instance:com.sqa.psikotes.framework.runner.TestRunner@2767e23c]" started-at="2022-10-03T22:20:56 WIB" name="runScenario" description="Runs Cucumber Scenarios" data-provider="scenarios" finished-at="2022-10-03T22:21:07 WIB" duration-ms="11262" status="PASS">
          <params>
            <param index="0">
              <value>
                <![CDATA["TSAP005001 Admin menampilkan10 data  admin pada page ke1"]]>
              </value>
            </param>
            <param index="1">
              <value>
                <![CDATA["TSAP005 Menampilkan10 Data admin"]]>
              </value>
            </param>
          </params>
          <reporter-output>
          </reporter-output>
        </test-method> <!-- runScenario -->
        <test-method signature="runScenario(io.cucumber.testng.PickleWrapper,io.cucumber.testng.FeatureWrapper)[pri:0, instance:com.sqa.psikotes.framework.runner.TestRunner@2767e23c]" started-at="2022-10-03T22:21:07 WIB" name="runScenario" description="Runs Cucumber Scenarios" data-provider="scenarios" finished-at="2022-10-03T22:21:18 WIB" duration-ms="11073" status="PASS">
          <params>
            <param index="0">
              <value>
                <![CDATA["TSAP005002 Admin menampilkan10 data  admin pada page ke2"]]>
              </value>
            </param>
            <param index="1">
              <value>
                <![CDATA["TSAP005 Menampilkan10 Data admin"]]>
              </value>
            </param>
          </params>
          <reporter-output>
          </reporter-output>
        </test-method> <!-- runScenario -->
        <test-method signature="runScenario(io.cucumber.testng.PickleWrapper,io.cucumber.testng.FeatureWrapper)[pri:0, instance:com.sqa.psikotes.framework.runner.TestRunner@2767e23c]" started-at="2022-10-03T22:21:18 WIB" name="runScenario" description="Runs Cucumber Scenarios" data-provider="scenarios" finished-at="2022-10-03T22:21:29 WIB" duration-ms="11400" status="PASS">
          <params>
            <param index="0">
              <value>
                <![CDATA["TSAP005003 Admin menampilkan10 data  admin pada page ke3"]]>
              </value>
            </param>
            <param index="1">
              <value>
                <![CDATA["TSAP005 Menampilkan10 Data admin"]]>
              </value>
            </param>
          </params>
          <reporter-output>
          </reporter-output>
        </test-method> <!-- runScenario -->
        <test-method signature="runScenario(io.cucumber.testng.PickleWrapper,io.cucumber.testng.FeatureWrapper)[pri:0, instance:com.sqa.psikotes.framework.runner.TestRunner@2767e23c]" started-at="2022-10-03T22:21:29 WIB" name="runScenario" description="Runs Cucumber Scenarios" data-provider="scenarios" finished-at="2022-10-03T22:21:41 WIB" duration-ms="11259" status="PASS">
          <params>
            <param index="0">
              <value>
                <![CDATA["TSAP005004 Admin menampilkan10 data  admin pada page ke4"]]>
              </value>
            </param>
            <param index="1">
              <value>
                <![CDATA["TSAP005 Menampilkan10 Data admin"]]>
              </value>
            </param>
          </params>
          <reporter-output>
          </reporter-output>
        </test-method> <!-- runScenario -->
        <test-method signature="runScenario(io.cucumber.testng.PickleWrapper,io.cucumber.testng.FeatureWrapper)[pri:0, instance:com.sqa.psikotes.framework.runner.TestRunner@2767e23c]" started-at="2022-10-03T22:21:41 WIB" name="runScenario" description="Runs Cucumber Scenarios" data-provider="scenarios" finished-at="2022-10-03T22:21:52 WIB" duration-ms="11234" status="PASS">
          <params>
            <param index="0">
              <value>
                <![CDATA["TSAP005005 Admin menampilkan10 data  admin pada page ke5"]]>
              </value>
            </param>
            <param index="1">
              <value>
                <![CDATA["TSAP005 Menampilkan10 Data admin"]]>
              </value>
            </param>
          </params>
          <reporter-output>
          </reporter-output>
        </test-method> <!-- runScenario -->
        <test-method signature="runScenario(io.cucumber.testng.PickleWrapper,io.cucumber.testng.FeatureWrapper)[pri:0, instance:com.sqa.psikotes.framework.runner.TestRunner@2767e23c]" started-at="2022-10-03T22:21:52 WIB" name="runScenario" description="Runs Cucumber Scenarios" data-provider="scenarios" finished-at="2022-10-03T22:22:03 WIB" duration-ms="11185" status="PASS">
          <params>
            <param index="0">
              <value>
                <![CDATA["TSAP005006 Admin menampilkan10 data  admin pada page ke6"]]>
              </value>
            </param>
            <param index="1">
              <value>
                <![CDATA["TSAP005 Menampilkan10 Data admin"]]>
              </value>
            </param>
          </params>
          <reporter-output>
          </reporter-output>
        </test-method> <!-- runScenario -->
        <test-method signature="runScenario(io.cucumber.testng.PickleWrapper,io.cucumber.testng.FeatureWrapper)[pri:0, instance:com.sqa.psikotes.framework.runner.TestRunner@2767e23c]" started-at="2022-10-03T22:22:03 WIB" name="runScenario" description="Runs Cucumber Scenarios" data-provider="scenarios" finished-at="2022-10-03T22:22:15 WIB" duration-ms="12311" status="PASS">
          <params>
            <param index="0">
              <value>
                <![CDATA["TSAP005007 Admin menampilkan10 data  admin pada page ke7"]]>
              </value>
            </param>
            <param index="1">
              <value>
                <![CDATA["TSAP005 Menampilkan10 Data admin"]]>
              </value>
            </param>
          </params>
          <reporter-output>
          </reporter-output>
        </test-method> <!-- runScenario -->
        <test-method signature="runScenario(io.cucumber.testng.PickleWrapper,io.cucumber.testng.FeatureWrapper)[pri:0, instance:com.sqa.psikotes.framework.runner.TestRunner@2767e23c]" started-at="2022-10-03T22:22:15 WIB" name="runScenario" description="Runs Cucumber Scenarios" data-provider="scenarios" finished-at="2022-10-03T22:22:28 WIB" duration-ms="12228" status="PASS">
          <params>
            <param index="0">
              <value>
                <![CDATA["TSAP005008 Admin menampilkan10 data  admin pada page ke8"]]>
              </value>
            </param>
            <param index="1">
              <value>
                <![CDATA["TSAP005 Menampilkan10 Data admin"]]>
              </value>
            </param>
          </params>
          <reporter-output>
          </reporter-output>
        </test-method> <!-- runScenario -->
        <test-method signature="runScenario(io.cucumber.testng.PickleWrapper,io.cucumber.testng.FeatureWrapper)[pri:0, instance:com.sqa.psikotes.framework.runner.TestRunner@2767e23c]" started-at="2022-10-03T22:22:28 WIB" name="runScenario" description="Runs Cucumber Scenarios" data-provider="scenarios" finished-at="2022-10-03T22:22:40 WIB" duration-ms="12276" status="PASS">
          <params>
            <param index="0">
              <value>
                <![CDATA["TSAP005009 Admin menampilkan10 data  admin pada page ke9"]]>
              </value>
            </param>
            <param index="1">
              <value>
                <![CDATA["TSAP005 Menampilkan10 Data admin"]]>
              </value>
            </param>
          </params>
          <reporter-output>
          </reporter-output>
        </test-method> <!-- runScenario -->
        <test-method signature="runScenario(io.cucumber.testng.PickleWrapper,io.cucumber.testng.FeatureWrapper)[pri:0, instance:com.sqa.psikotes.framework.runner.TestRunner@2767e23c]" started-at="2022-10-03T22:22:40 WIB" name="runScenario" description="Runs Cucumber Scenarios" data-provider="scenarios" finished-at="2022-10-03T22:22:52 WIB" duration-ms="12339" status="PASS">
          <params>
            <param index="0">
              <value>
                <![CDATA["TSAP005010 Admin menampilkan10 data  admin pada page ke10"]]>
              </value>
            </param>
            <param index="1">
              <value>
                <![CDATA["TSAP005 Menampilkan10 Data admin"]]>
              </value>
            </param>
          </params>
          <reporter-output>
          </reporter-output>
        </test-method> <!-- runScenario -->
        <test-method signature="runScenario(io.cucumber.testng.PickleWrapper,io.cucumber.testng.FeatureWrapper)[pri:0, instance:com.sqa.psikotes.framework.runner.TestRunner@2767e23c]" started-at="2022-10-03T22:22:52 WIB" name="runScenario" description="Runs Cucumber Scenarios" data-provider="scenarios" finished-at="2022-10-03T22:23:05 WIB" duration-ms="12434" status="PASS">
          <params>
            <param index="0">
              <value>
                <![CDATA["TSAP005011 Admin menampilkan10 data admin pada page paling awal"]]>
              </value>
            </param>
            <param index="1">
              <value>
                <![CDATA["TSAP005 Menampilkan10 Data admin"]]>
              </value>
            </param>
          </params>
          <reporter-output>
          </reporter-output>
        </test-method> <!-- runScenario -->
        <test-method signature="runScenario(io.cucumber.testng.PickleWrapper,io.cucumber.testng.FeatureWrapper)[pri:0, instance:com.sqa.psikotes.framework.runner.TestRunner@2767e23c]" started-at="2022-10-03T22:23:05 WIB" name="runScenario" description="Runs Cucumber Scenarios" data-provider="scenarios" finished-at="2022-10-03T22:23:16 WIB" duration-ms="11137" status="PASS">
          <params>
            <param index="0">
              <value>
                <![CDATA["TSAP005012 Admin menampilkan10 data admin pada page paling terakhir"]]>
              </value>
            </param>
            <param index="1">
              <value>
                <![CDATA["TSAP005 Menampilkan10 Data admin"]]>
              </value>
            </param>
          </params>
          <reporter-output>
          </reporter-output>
        </test-method> <!-- runScenario -->
        <test-method signature="runScenario(io.cucumber.testng.PickleWrapper,io.cucumber.testng.FeatureWrapper)[pri:0, instance:com.sqa.psikotes.framework.runner.TestRunner@2767e23c]" started-at="2022-10-03T22:23:16 WIB" name="runScenario" description="Runs Cucumber Scenarios" data-provider="scenarios" finished-at="2022-10-03T22:23:27 WIB" duration-ms="11279" status="PASS">
          <params>
            <param index="0">
              <value>
                <![CDATA["TSAP006001 Admin menampilkan25 data admin pada page ke1"]]>
              </value>
            </param>
            <param index="1">
              <value>
                <![CDATA["TSAP006 Menampilkan25 data admin"]]>
              </value>
            </param>
          </params>
          <reporter-output>
          </reporter-output>
        </test-method> <!-- runScenario -->
        <test-method signature="runScenario(io.cucumber.testng.PickleWrapper,io.cucumber.testng.FeatureWrapper)[pri:0, instance:com.sqa.psikotes.framework.runner.TestRunner@2767e23c]" started-at="2022-10-03T22:23:27 WIB" name="runScenario" description="Runs Cucumber Scenarios" data-provider="scenarios" finished-at="2022-10-03T22:23:39 WIB" duration-ms="11356" status="PASS">
          <params>
            <param index="0">
              <value>
                <![CDATA["TSAP006002 Admin menampilkan25 data admin pada page ke2"]]>
              </value>
            </param>
            <param index="1">
              <value>
                <![CDATA["TSAP006 Menampilkan25 data admin"]]>
              </value>
            </param>
          </params>
          <reporter-output>
          </reporter-output>
        </test-method> <!-- runScenario -->
        <test-method signature="runScenario(io.cucumber.testng.PickleWrapper,io.cucumber.testng.FeatureWrapper)[pri:0, instance:com.sqa.psikotes.framework.runner.TestRunner@2767e23c]" started-at="2022-10-03T22:23:39 WIB" name="runScenario" description="Runs Cucumber Scenarios" data-provider="scenarios" finished-at="2022-10-03T22:23:50 WIB" duration-ms="11310" status="PASS">
          <params>
            <param index="0">
              <value>
                <![CDATA["TSAP006003 Admin menampilkan25 data admin pada page ke3"]]>
              </value>
            </param>
            <param index="1">
              <value>
                <![CDATA["TSAP006 Menampilkan25 data admin"]]>
              </value>
            </param>
          </params>
          <reporter-output>
          </reporter-output>
        </test-method> <!-- runScenario -->
        <test-method signature="runScenario(io.cucumber.testng.PickleWrapper,io.cucumber.testng.FeatureWrapper)[pri:0, instance:com.sqa.psikotes.framework.runner.TestRunner@2767e23c]" started-at="2022-10-03T22:23:50 WIB" name="runScenario" description="Runs Cucumber Scenarios" data-provider="scenarios" finished-at="2022-10-03T22:24:01 WIB" duration-ms="11311" status="PASS">
          <params>
            <param index="0">
              <value>
                <![CDATA["TSAP006004 Admin menampilkan25 data admin pada page ke4"]]>
              </value>
            </param>
            <param index="1">
              <value>
                <![CDATA["TSAP006 Menampilkan25 data admin"]]>
              </value>
            </param>
          </params>
          <reporter-output>
          </reporter-output>
        </test-method> <!-- runScenario -->
        <test-method signature="runScenario(io.cucumber.testng.PickleWrapper,io.cucumber.testng.FeatureWrapper)[pri:0, instance:com.sqa.psikotes.framework.runner.TestRunner@2767e23c]" started-at="2022-10-03T22:24:01 WIB" name="runScenario" description="Runs Cucumber Scenarios" data-provider="scenarios" finished-at="2022-10-03T22:24:14 WIB" duration-ms="12535" status="PASS">
          <params>
            <param index="0">
              <value>
                <![CDATA["TSAP006005 Admin menampilkan25 data admin pada page paling awal"]]>
              </value>
            </param>
            <param index="1">
              <value>
                <![CDATA["TSAP006 Menampilkan25 data admin"]]>
              </value>
            </param>
          </params>
          <reporter-output>
          </reporter-output>
        </test-method> <!-- runScenario -->
        <test-method signature="runScenario(io.cucumber.testng.PickleWrapper,io.cucumber.testng.FeatureWrapper)[pri:0, instance:com.sqa.psikotes.framework.runner.TestRunner@2767e23c]" started-at="2022-10-03T22:24:14 WIB" name="runScenario" description="Runs Cucumber Scenarios" data-provider="scenarios" finished-at="2022-10-03T22:24:25 WIB" duration-ms="11378" status="PASS">
          <params>
            <param index="0">
              <value>
                <![CDATA["TSAP006006 Admin menampilkan25 data admin pada page paling terakhir"]]>
              </value>
            </param>
            <param index="1">
              <value>
                <![CDATA["TSAP006 Menampilkan25 data admin"]]>
              </value>
            </param>
          </params>
          <reporter-output>
          </reporter-output>
        </test-method> <!-- runScenario -->
        <test-method signature="runScenario(io.cucumber.testng.PickleWrapper,io.cucumber.testng.FeatureWrapper)[pri:0, instance:com.sqa.psikotes.framework.runner.TestRunner@2767e23c]" started-at="2022-10-03T22:24:25 WIB" name="runScenario" description="Runs Cucumber Scenarios" data-provider="scenarios" finished-at="2022-10-03T22:24:36 WIB" duration-ms="11277" status="PASS">
          <params>
            <param index="0">
              <value>
                <![CDATA["TSAP007001 Admin menampilkan50 data admin pada page ke1"]]>
              </value>
            </param>
            <param index="1">
              <value>
                <![CDATA["TSAP007 Menampilkan50 data admin"]]>
              </value>
            </param>
          </params>
          <reporter-output>
          </reporter-output>
        </test-method> <!-- runScenario -->
        <test-method signature="runScenario(io.cucumber.testng.PickleWrapper,io.cucumber.testng.FeatureWrapper)[pri:0, instance:com.sqa.psikotes.framework.runner.TestRunner@2767e23c]" started-at="2022-10-03T22:24:36 WIB" name="runScenario" description="Runs Cucumber Scenarios" data-provider="scenarios" finished-at="2022-10-03T22:24:48 WIB" duration-ms="11476" status="PASS">
          <params>
            <param index="0">
              <value>
                <![CDATA["TSAP007002 Admin menampilkan50 data admin pada page ke2"]]>
              </value>
            </param>
            <param index="1">
              <value>
                <![CDATA["TSAP007 Menampilkan50 data admin"]]>
              </value>
            </param>
          </params>
          <reporter-output>
          </reporter-output>
        </test-method> <!-- runScenario -->
        <test-method signature="runScenario(io.cucumber.testng.PickleWrapper,io.cucumber.testng.FeatureWrapper)[pri:0, instance:com.sqa.psikotes.framework.runner.TestRunner@2767e23c]" started-at="2022-10-03T22:24:48 WIB" name="runScenario" description="Runs Cucumber Scenarios" data-provider="scenarios" finished-at="2022-10-03T22:25:00 WIB" duration-ms="12286" status="PASS">
          <params>
            <param index="0">
              <value>
                <![CDATA["TSAP007003 Admin menampilkan50 data admin pada page >>"]]>
              </value>
            </param>
            <param index="1">
              <value>
                <![CDATA["TSAP007 Menampilkan50 data admin"]]>
              </value>
            </param>
          </params>
          <reporter-output>
          </reporter-output>
        </test-method> <!-- runScenario -->
        <test-method signature="runScenario(io.cucumber.testng.PickleWrapper,io.cucumber.testng.FeatureWrapper)[pri:0, instance:com.sqa.psikotes.framework.runner.TestRunner@2767e23c]" started-at="2022-10-03T22:25:00 WIB" name="runScenario" description="Runs Cucumber Scenarios" data-provider="scenarios" finished-at="2022-10-03T22:25:12 WIB" duration-ms="12303" status="PASS">
          <params>
            <param index="0">
              <value>
                <![CDATA["TSAP007004 Admin menampilkan50 data admin pada page <<"]]>
              </value>
            </param>
            <param index="1">
              <value>
                <![CDATA["TSAP007 Menampilkan50 data admin"]]>
              </value>
            </param>
          </params>
          <reporter-output>
          </reporter-output>
        </test-method> <!-- runScenario -->
        <test-method is-config="true" signature="tearDownClass()[pri:0, instance:com.sqa.psikotes.framework.runner.TestRunner@2767e23c]" started-at="2022-10-03T22:25:12 WIB" name="tearDownClass" finished-at="2022-10-03T22:25:13 WIB" duration-ms="347" status="PASS">
          <reporter-output>
          </reporter-output>
        </test-method> <!-- tearDownClass -->
      </class> <!-- com.sqa.psikotes.framework.runner.TestRunner -->
    </test> <!-- Default test -->
  </suite> <!-- Default suite -->
</testng-results>
