<?xml version="1.0" encoding="UTF-8"?>
<testng-results ignored="0" total="94" passed="78" failed="16" skipped="0">
  <reporter-output>
  </reporter-output>
  <suite started-at="2022-10-07T14:45:19 WIB" name="Default suite" finished-at="2022-10-07T15:10:39 WIB" duration-ms="1519297">
    <groups>
      <group name="cucumber">
        <method signature="AbstractTestNGCucumberTests.runScenario(io.cucumber.testng.PickleWrapper,io.cucumber.testng.FeatureWrapper)[pri:0, instance:com.sqa.psikotes.framework.runner.TestRunner@2767e23c]" name="runScenario" class="io.cucumber.testng.AbstractTestNGCucumberTests"/>
      </group> <!-- cucumber -->
    </groups>
    <test started-at="2022-10-07T14:45:19 WIB" name="Default test" finished-at="2022-10-07T15:10:39 WIB" duration-ms="1519297">
      <class name="com.sqa.psikotes.framework.runner.TestRunner">
        <test-method is-config="true" signature="setUpClass(org.testng.ITestContext)[pri:0, instance:com.sqa.psikotes.framework.runner.TestRunner@2767e23c]" started-at="2022-10-07T14:45:19 WIB" name="setUpClass" finished-at="2022-10-07T14:45:20 WIB" duration-ms="647" status="PASS">
          <params>
            <param index="0">
              <value>
                <![CDATA[org.testng.TestRunner@6217dda0]]>
              </value>
            </param>
          </params>
          <reporter-output>
          </reporter-output>
        </test-method> <!-- setUpClass -->
        <test-method signature="runScenario(io.cucumber.testng.PickleWrapper,io.cucumber.testng.FeatureWrapper)[pri:0, instance:com.sqa.psikotes.framework.runner.TestRunner@2767e23c]" started-at="2022-10-07T14:45:20 WIB" name="runScenario" description="Runs Cucumber Scenarios" data-provider="scenarios" finished-at="2022-10-07T14:45:31 WIB" duration-ms="11078" status="PASS">
          <params>
            <param index="0">
              <value>
                <![CDATA["TSAP001001 Admin masuk ke halaman admin"]]>
              </value>
            </param>
            <param index="1">
              <value>
                <![CDATA["TSAP001 Masuk halaman admin"]]>
              </value>
            </param>
          </params>
          <reporter-output>
          </reporter-output>
        </test-method> <!-- runScenario -->
        <test-method signature="runScenario(io.cucumber.testng.PickleWrapper,io.cucumber.testng.FeatureWrapper)[pri:0, instance:com.sqa.psikotes.framework.runner.TestRunner@2767e23c]" started-at="2022-10-07T14:45:31 WIB" name="runScenario" description="Runs Cucumber Scenarios" data-provider="scenarios" finished-at="2022-10-07T14:45:40 WIB" duration-ms="8924" status="PASS">
          <params>
            <param index="0">
              <value>
                <![CDATA["TSAP002001 Admin mencari data dengan tombol search"]]>
              </value>
            </param>
            <param index="1">
              <value>
                <![CDATA["TSAP002 Admin Search Data"]]>
              </value>
            </param>
          </params>
          <reporter-output>
          </reporter-output>
        </test-method> <!-- runScenario -->
        <test-method signature="runScenario(io.cucumber.testng.PickleWrapper,io.cucumber.testng.FeatureWrapper)[pri:0, instance:com.sqa.psikotes.framework.runner.TestRunner@2767e23c]" started-at="2022-10-07T14:45:40 WIB" name="runScenario" description="Runs Cucumber Scenarios" data-provider="scenarios" finished-at="2022-10-07T14:45:49 WIB" duration-ms="8764" status="PASS">
          <params>
            <param index="0">
              <value>
                <![CDATA["TSAP002001 Admin mencari data dengan tombol search"]]>
              </value>
            </param>
            <param index="1">
              <value>
                <![CDATA["TSAP002 Admin Search Data"]]>
              </value>
            </param>
          </params>
          <reporter-output>
          </reporter-output>
        </test-method> <!-- runScenario -->
        <test-method signature="runScenario(io.cucumber.testng.PickleWrapper,io.cucumber.testng.FeatureWrapper)[pri:0, instance:com.sqa.psikotes.framework.runner.TestRunner@2767e23c]" started-at="2022-10-07T14:45:49 WIB" name="runScenario" description="Runs Cucumber Scenarios" data-provider="scenarios" finished-at="2022-10-07T14:45:57 WIB" duration-ms="8811" status="PASS">
          <params>
            <param index="0">
              <value>
                <![CDATA["TSAP002001 Admin mencari data dengan tombol search"]]>
              </value>
            </param>
            <param index="1">
              <value>
                <![CDATA["TSAP002 Admin Search Data"]]>
              </value>
            </param>
          </params>
          <reporter-output>
          </reporter-output>
        </test-method> <!-- runScenario -->
        <test-method signature="runScenario(io.cucumber.testng.PickleWrapper,io.cucumber.testng.FeatureWrapper)[pri:0, instance:com.sqa.psikotes.framework.runner.TestRunner@2767e23c]" started-at="2022-10-07T14:45:57 WIB" name="runScenario" description="Runs Cucumber Scenarios" data-provider="scenarios" finished-at="2022-10-07T14:46:07 WIB" duration-ms="9526" status="PASS">
          <params>
            <param index="0">
              <value>
                <![CDATA["TSAP002001 Admin mencari data dengan tombol search"]]>
              </value>
            </param>
            <param index="1">
              <value>
                <![CDATA["TSAP002 Admin Search Data"]]>
              </value>
            </param>
          </params>
          <reporter-output>
          </reporter-output>
        </test-method> <!-- runScenario -->
        <test-method signature="runScenario(io.cucumber.testng.PickleWrapper,io.cucumber.testng.FeatureWrapper)[pri:0, instance:com.sqa.psikotes.framework.runner.TestRunner@2767e23c]" started-at="2022-10-07T14:46:07 WIB" name="runScenario" description="Runs Cucumber Scenarios" data-provider="scenarios" finished-at="2022-10-07T14:46:16 WIB" duration-ms="8798" status="PASS">
          <params>
            <param index="0">
              <value>
                <![CDATA["TSAP002001 Admin mencari data dengan tombol search"]]>
              </value>
            </param>
            <param index="1">
              <value>
                <![CDATA["TSAP002 Admin Search Data"]]>
              </value>
            </param>
          </params>
          <reporter-output>
          </reporter-output>
        </test-method> <!-- runScenario -->
        <test-method signature="runScenario(io.cucumber.testng.PickleWrapper,io.cucumber.testng.FeatureWrapper)[pri:0, instance:com.sqa.psikotes.framework.runner.TestRunner@2767e23c]" started-at="2022-10-07T14:46:16 WIB" name="runScenario" description="Runs Cucumber Scenarios" data-provider="scenarios" finished-at="2022-10-07T14:46:25 WIB" duration-ms="8840" status="PASS">
          <params>
            <param index="0">
              <value>
                <![CDATA["TSAP002001 Admin mencari data dengan tombol search"]]>
              </value>
            </param>
            <param index="1">
              <value>
                <![CDATA["TSAP002 Admin Search Data"]]>
              </value>
            </param>
          </params>
          <reporter-output>
          </reporter-output>
        </test-method> <!-- runScenario -->
        <test-method signature="runScenario(io.cucumber.testng.PickleWrapper,io.cucumber.testng.FeatureWrapper)[pri:0, instance:com.sqa.psikotes.framework.runner.TestRunner@2767e23c]" started-at="2022-10-07T14:46:25 WIB" name="runScenario" description="Runs Cucumber Scenarios" data-provider="scenarios" finished-at="2022-10-07T14:46:34 WIB" duration-ms="8971" status="FAIL">
          <params>
            <param index="0">
              <value>
                <![CDATA["TSAP002002 Admin mencari data dengan  tombol enter (green button)"]]>
              </value>
            </param>
            <param index="1">
              <value>
                <![CDATA["TSAP002 Admin Search Data"]]>
              </value>
            </param>
          </params>
          <exception class="java.lang.AssertionError">
            <message>
              <![CDATA[expected [true] but found [false]]]>
            </message>
            <full-stacktrace>
              <![CDATA[java.lang.AssertionError: expected [true] but found [false]
at org.testng.Assert.fail(Assert.java:110)
at org.testng.Assert.failNotEquals(Assert.java:1413)
at org.testng.Assert.assertTrue(Assert.java:56)
at org.testng.Assert.assertTrue(Assert.java:66)
at com.sqa.psikotes.framework.runner.TestAPSearchDataAdminValid.tsap002002_admin_berhasil_mencari_data_two_yang_dicari(TestAPSearchDataAdminValid.java:85)
at ✽.TSAP002002 Admin berhasil mencari Tyler yang dicari(file:///C:/Users/NEXSOFT/git/TARunanto/TARunanto/src/main/resources/features/055APSearchDataAdminValid.feature:29)
]]>
            </full-stacktrace>
          </exception> <!-- java.lang.AssertionError -->
          <reporter-output>
          </reporter-output>
        </test-method> <!-- runScenario -->
        <test-method signature="runScenario(io.cucumber.testng.PickleWrapper,io.cucumber.testng.FeatureWrapper)[pri:0, instance:com.sqa.psikotes.framework.runner.TestRunner@2767e23c]" started-at="2022-10-07T14:46:34 WIB" name="runScenario" description="Runs Cucumber Scenarios" data-provider="scenarios" finished-at="2022-10-07T14:47:30 WIB" duration-ms="55942" status="FAIL">
          <params>
            <param index="0">
              <value>
                <![CDATA["TSAP002002 Admin mencari data dengan  tombol enter (green button)"]]>
              </value>
            </param>
            <param index="1">
              <value>
                <![CDATA["TSAP002 Admin Search Data"]]>
              </value>
            </param>
          </params>
          <exception class="org.openqa.selenium.NoSuchElementException">
            <message>
              <![CDATA[no such element: Unable to locate element: {"method":"xpath","selector":"//input[@id='tl_user_management--51690_text']"}
  (Session info: chrome=106.0.5249.103)
For documentation on this error, please visit: https://selenium.dev/exceptions/#no_such_element
Build info: version: '4.4.0', revision: 'e5c75ed026a'
System info: host: 'LAPTOP-ASKQ9BMM', ip: '10.0.0.250', os.name: 'Windows 10', os.arch: 'amd64', os.version: '10.0', java.version: '17.0.4.1'
Driver info: org.openqa.selenium.chrome.ChromeDriver
Command: [e1accc8d0228df20bb517d9ead555577, findElement {using=xpath, value=//input[@id='tl_user_management--51690_text']}]
Capabilities {acceptInsecureCerts: false, browserName: chrome, browserVersion: 106.0.5249.103, chrome: {chromedriverVersion: 106.0.5249.61 (511755355844..., userDataDir: C:\Users\NEXSOFT\AppData\Lo...}, goog:chromeOptions: {debuggerAddress: localhost:55893}, networkConnectionEnabled: false, pageLoadStrategy: normal, platformName: WINDOWS, proxy: Proxy(), se:cdp: ws://localhost:55893/devtoo..., se:cdpVersion: 106.0.5249.103, setWindowRect: true, strictFileInteractability: false, timeouts: {implicit: 0, pageLoad: 300000, script: 30000}, unhandledPromptBehavior: dismiss and notify, webauthn:extension:credBlob: true, webauthn:extension:largeBlob: true, webauthn:virtualAuthenticators: true}
Session ID: e1accc8d0228df20bb517d9ead555577]]>
            </message>
            <full-stacktrace>
              <![CDATA[org.openqa.selenium.NoSuchElementException: no such element: Unable to locate element: {"method":"xpath","selector":"//input[@id='tl_user_management--51690_text']"}
  (Session info: chrome=106.0.5249.103)
For documentation on this error, please visit: https://selenium.dev/exceptions/#no_such_element
Build info: version: '4.4.0', revision: 'e5c75ed026a'
System info: host: 'LAPTOP-ASKQ9BMM', ip: '10.0.0.250', os.name: 'Windows 10', os.arch: 'amd64', os.version: '10.0', java.version: '17.0.4.1'
Driver info: org.openqa.selenium.chrome.ChromeDriver
Command: [e1accc8d0228df20bb517d9ead555577, findElement {using=xpath, value=//input[@id='tl_user_management--51690_text']}]
Capabilities {acceptInsecureCerts: false, browserName: chrome, browserVersion: 106.0.5249.103, chrome: {chromedriverVersion: 106.0.5249.61 (511755355844..., userDataDir: C:\Users\NEXSOFT\AppData\Lo...}, goog:chromeOptions: {debuggerAddress: localhost:55893}, networkConnectionEnabled: false, pageLoadStrategy: normal, platformName: WINDOWS, proxy: Proxy(), se:cdp: ws://localhost:55893/devtoo..., se:cdpVersion: 106.0.5249.103, setWindowRect: true, strictFileInteractability: false, timeouts: {implicit: 0, pageLoad: 300000, script: 30000}, unhandledPromptBehavior: dismiss and notify, webauthn:extension:credBlob: true, webauthn:extension:largeBlob: true, webauthn:virtualAuthenticators: true}
Session ID: e1accc8d0228df20bb517d9ead555577
at java.base/jdk.internal.reflect.NativeConstructorAccessorImpl.newInstance0(Native Method)
at java.base/jdk.internal.reflect.NativeConstructorAccessorImpl.newInstance(NativeConstructorAccessorImpl.java:77)
at java.base/jdk.internal.reflect.DelegatingConstructorAccessorImpl.newInstance(DelegatingConstructorAccessorImpl.java:45)
at java.base/java.lang.reflect.Constructor.newInstanceWithCaller(Constructor.java:499)
at java.base/java.lang.reflect.Constructor.newInstance(Constructor.java:480)
at org.openqa.selenium.remote.codec.w3c.W3CHttpResponseCodec.createException(W3CHttpResponseCodec.java:200)
at org.openqa.selenium.remote.codec.w3c.W3CHttpResponseCodec.decode(W3CHttpResponseCodec.java:133)
at org.openqa.selenium.remote.codec.w3c.W3CHttpResponseCodec.decode(W3CHttpResponseCodec.java:53)
at org.openqa.selenium.remote.HttpCommandExecutor.execute(HttpCommandExecutor.java:184)
at org.openqa.selenium.remote.service.DriverCommandExecutor.invokeExecute(DriverCommandExecutor.java:167)
at org.openqa.selenium.remote.service.DriverCommandExecutor.execute(DriverCommandExecutor.java:142)
at org.openqa.selenium.remote.RemoteWebDriver.execute(RemoteWebDriver.java:547)
at org.openqa.selenium.remote.ElementLocation$ElementFinder$2.findElement(ElementLocation.java:162)
at org.openqa.selenium.remote.ElementLocation.findElement(ElementLocation.java:60)
at org.openqa.selenium.remote.RemoteWebDriver.findElement(RemoteWebDriver.java:365)
at org.openqa.selenium.remote.RemoteWebDriver.findElement(RemoteWebDriver.java:357)
at org.openqa.selenium.support.pagefactory.DefaultElementLocator.findElement(DefaultElementLocator.java:70)
at org.openqa.selenium.support.pagefactory.internal.LocatingElementHandler.invoke(LocatingElementHandler.java:39)
at jdk.proxy2/jdk.proxy2.$Proxy31.click(Unknown Source)
at com.sqa.psikotes.framework.page.AdminPage.clickInSearch(AdminPage.java:399)
at com.sqa.psikotes.framework.runner.TestAPSearchDataAdminValid.tsap002_admin_berhasil_klik_field_search_data_admin(TestAPSearchDataAdminValid.java:34)
at ✽.TSAP002 Admin berhasil klik field search data admin(file:///C:/Users/NEXSOFT/git/TARunanto/TARunanto/src/main/resources/features/055APSearchDataAdminValid.feature:8)
]]>
            </full-stacktrace>
          </exception> <!-- org.openqa.selenium.NoSuchElementException -->
          <reporter-output>
          </reporter-output>
        </test-method> <!-- runScenario -->
        <test-method signature="runScenario(io.cucumber.testng.PickleWrapper,io.cucumber.testng.FeatureWrapper)[pri:0, instance:com.sqa.psikotes.framework.runner.TestRunner@2767e23c]" started-at="2022-10-07T14:47:30 WIB" name="runScenario" description="Runs Cucumber Scenarios" data-provider="scenarios" finished-at="2022-10-07T14:47:53 WIB" duration-ms="23510" status="FAIL">
          <params>
            <param index="0">
              <value>
                <![CDATA["TSAP002002 Admin mencari data dengan  tombol enter (green button)"]]>
              </value>
            </param>
            <param index="1">
              <value>
                <![CDATA["TSAP002 Admin Search Data"]]>
              </value>
            </param>
          </params>
          <exception class="java.lang.AssertionError">
            <message>
              <![CDATA[expected [true] but found [false]]]>
            </message>
            <full-stacktrace>
              <![CDATA[java.lang.AssertionError: expected [true] but found [false]
at org.testng.Assert.fail(Assert.java:110)
at org.testng.Assert.failNotEquals(Assert.java:1413)
at org.testng.Assert.assertTrue(Assert.java:56)
at org.testng.Assert.assertTrue(Assert.java:66)
at com.sqa.psikotes.framework.runner.TestAPSearchDataAdminValid.tsap002002_admin_berhasil_mencari_data_two_yang_dicari(TestAPSearchDataAdminValid.java:87)
at ✽.TSAP002002 Admin berhasil mencari Admin yang dicari(file:///C:/Users/NEXSOFT/git/TARunanto/TARunanto/src/main/resources/features/055APSearchDataAdminValid.feature:29)
]]>
            </full-stacktrace>
          </exception> <!-- java.lang.AssertionError -->
          <reporter-output>
          </reporter-output>
        </test-method> <!-- runScenario -->
        <test-method signature="runScenario(io.cucumber.testng.PickleWrapper,io.cucumber.testng.FeatureWrapper)[pri:0, instance:com.sqa.psikotes.framework.runner.TestRunner@2767e23c]" started-at="2022-10-07T14:47:53 WIB" name="runScenario" description="Runs Cucumber Scenarios" data-provider="scenarios" finished-at="2022-10-07T14:48:02 WIB" duration-ms="8806" status="FAIL">
          <params>
            <param index="0">
              <value>
                <![CDATA["TSAP002002 Admin mencari data dengan  tombol enter (green button)"]]>
              </value>
            </param>
            <param index="1">
              <value>
                <![CDATA["TSAP002 Admin Search Data"]]>
              </value>
            </param>
          </params>
          <exception class="java.lang.AssertionError">
            <message>
              <![CDATA[expected [true] but found [false]]]>
            </message>
            <full-stacktrace>
              <![CDATA[java.lang.AssertionError: expected [true] but found [false]
at org.testng.Assert.fail(Assert.java:110)
at org.testng.Assert.failNotEquals(Assert.java:1413)
at org.testng.Assert.assertTrue(Assert.java:56)
at org.testng.Assert.assertTrue(Assert.java:66)
at com.sqa.psikotes.framework.runner.TestAPSearchDataAdminValid.tsap002002_admin_berhasil_mencari_data_two_yang_dicari(TestAPSearchDataAdminValid.java:89)
at ✽.TSAP002002 Admin berhasil mencari DEVELOPER yang dicari(file:///C:/Users/NEXSOFT/git/TARunanto/TARunanto/src/main/resources/features/055APSearchDataAdminValid.feature:29)
]]>
            </full-stacktrace>
          </exception> <!-- java.lang.AssertionError -->
          <reporter-output>
          </reporter-output>
        </test-method> <!-- runScenario -->
        <test-method signature="runScenario(io.cucumber.testng.PickleWrapper,io.cucumber.testng.FeatureWrapper)[pri:0, instance:com.sqa.psikotes.framework.runner.TestRunner@2767e23c]" started-at="2022-10-07T14:48:02 WIB" name="runScenario" description="Runs Cucumber Scenarios" data-provider="scenarios" finished-at="2022-10-07T14:48:11 WIB" duration-ms="8864" status="FAIL">
          <params>
            <param index="0">
              <value>
                <![CDATA["TSAP002002 Admin mencari data dengan  tombol enter (green button)"]]>
              </value>
            </param>
            <param index="1">
              <value>
                <![CDATA["TSAP002 Admin Search Data"]]>
              </value>
            </param>
          </params>
          <exception class="java.lang.AssertionError">
            <message>
              <![CDATA[expected [true] but found [false]]]>
            </message>
            <full-stacktrace>
              <![CDATA[java.lang.AssertionError: expected [true] but found [false]
at org.testng.Assert.fail(Assert.java:110)
at org.testng.Assert.failNotEquals(Assert.java:1413)
at org.testng.Assert.assertTrue(Assert.java:56)
at org.testng.Assert.assertTrue(Assert.java:66)
at com.sqa.psikotes.framework.runner.TestAPSearchDataAdminValid.tsap002002_admin_berhasil_mencari_data_two_yang_dicari(TestAPSearchDataAdminValid.java:91)
at ✽.TSAP002002 Admin berhasil mencari 4251768538 yang dicari(file:///C:/Users/NEXSOFT/git/TARunanto/TARunanto/src/main/resources/features/055APSearchDataAdminValid.feature:29)
]]>
            </full-stacktrace>
          </exception> <!-- java.lang.AssertionError -->
          <reporter-output>
          </reporter-output>
        </test-method> <!-- runScenario -->
        <test-method signature="runScenario(io.cucumber.testng.PickleWrapper,io.cucumber.testng.FeatureWrapper)[pri:0, instance:com.sqa.psikotes.framework.runner.TestRunner@2767e23c]" started-at="2022-10-07T14:48:11 WIB" name="runScenario" description="Runs Cucumber Scenarios" data-provider="scenarios" finished-at="2022-10-07T14:48:20 WIB" duration-ms="8865" status="FAIL">
          <params>
            <param index="0">
              <value>
                <![CDATA["TSAP002002 Admin mencari data dengan  tombol enter (green button)"]]>
              </value>
            </param>
            <param index="1">
              <value>
                <![CDATA["TSAP002 Admin Search Data"]]>
              </value>
            </param>
          </params>
          <exception class="java.lang.AssertionError">
            <message>
              <![CDATA[expected [true] but found [false]]]>
            </message>
            <full-stacktrace>
              <![CDATA[java.lang.AssertionError: expected [true] but found [false]
at org.testng.Assert.fail(Assert.java:110)
at org.testng.Assert.failNotEquals(Assert.java:1413)
at org.testng.Assert.assertTrue(Assert.java:56)
at org.testng.Assert.assertTrue(Assert.java:66)
at com.sqa.psikotes.framework.runner.TestAPSearchDataAdminValid.tsap002002_admin_berhasil_mencari_data_two_yang_dicari(TestAPSearchDataAdminValid.java:93)
at ✽.TSAP002002 Admin berhasil mencari ACTIVE yang dicari(file:///C:/Users/NEXSOFT/git/TARunanto/TARunanto/src/main/resources/features/055APSearchDataAdminValid.feature:29)
]]>
            </full-stacktrace>
          </exception> <!-- java.lang.AssertionError -->
          <reporter-output>
          </reporter-output>
        </test-method> <!-- runScenario -->
        <test-method signature="runScenario(io.cucumber.testng.PickleWrapper,io.cucumber.testng.FeatureWrapper)[pri:0, instance:com.sqa.psikotes.framework.runner.TestRunner@2767e23c]" started-at="2022-10-07T14:48:20 WIB" name="runScenario" description="Runs Cucumber Scenarios" data-provider="scenarios" finished-at="2022-10-07T14:48:29 WIB" duration-ms="8884" status="FAIL">
          <params>
            <param index="0">
              <value>
                <![CDATA["TSAP002003 Admin mencari data dengan tombol enter pada keyboard"]]>
              </value>
            </param>
            <param index="1">
              <value>
                <![CDATA["TSAP002 Admin Search Data"]]>
              </value>
            </param>
          </params>
          <exception class="java.lang.AssertionError">
            <message>
              <![CDATA[expected [true] but found [false]]]>
            </message>
            <full-stacktrace>
              <![CDATA[java.lang.AssertionError: expected [true] but found [false]
at org.testng.Assert.fail(Assert.java:110)
at org.testng.Assert.failNotEquals(Assert.java:1413)
at org.testng.Assert.assertTrue(Assert.java:56)
at org.testng.Assert.assertTrue(Assert.java:66)
at com.sqa.psikotes.framework.runner.TestAPSearchDataAdminValid.tsap002003_admin_berhasil_mencari_data_three_yang_dicari(TestAPSearchDataAdminValid.java:126)
at ✽.TSAP002003 Admin berhasil mencari Elijah yang dicari(file:///C:/Users/NEXSOFT/git/TARunanto/TARunanto/src/main/resources/features/055APSearchDataAdminValid.feature:44)
]]>
            </full-stacktrace>
          </exception> <!-- java.lang.AssertionError -->
          <reporter-output>
          </reporter-output>
        </test-method> <!-- runScenario -->
        <test-method signature="runScenario(io.cucumber.testng.PickleWrapper,io.cucumber.testng.FeatureWrapper)[pri:0, instance:com.sqa.psikotes.framework.runner.TestRunner@2767e23c]" started-at="2022-10-07T14:48:29 WIB" name="runScenario" description="Runs Cucumber Scenarios" data-provider="scenarios" finished-at="2022-10-07T14:48:37 WIB" duration-ms="8822" status="FAIL">
          <params>
            <param index="0">
              <value>
                <![CDATA["TSAP002003 Admin mencari data dengan tombol enter pada keyboard"]]>
              </value>
            </param>
            <param index="1">
              <value>
                <![CDATA["TSAP002 Admin Search Data"]]>
              </value>
            </param>
          </params>
          <exception class="java.lang.AssertionError">
            <message>
              <![CDATA[expected [true] but found [false]]]>
            </message>
            <full-stacktrace>
              <![CDATA[java.lang.AssertionError: expected [true] but found [false]
at org.testng.Assert.fail(Assert.java:110)
at org.testng.Assert.failNotEquals(Assert.java:1413)
at org.testng.Assert.assertTrue(Assert.java:56)
at org.testng.Assert.assertTrue(Assert.java:66)
at com.sqa.psikotes.framework.runner.TestAPSearchDataAdminValid.tsap002003_admin_berhasil_mencari_data_three_yang_dicari(TestAPSearchDataAdminValid.java:116)
at ✽.TSAP002003 Admin berhasil mencari Nick Doherty yang dicari(file:///C:/Users/NEXSOFT/git/TARunanto/TARunanto/src/main/resources/features/055APSearchDataAdminValid.feature:44)
]]>
            </full-stacktrace>
          </exception> <!-- java.lang.AssertionError -->
          <reporter-output>
          </reporter-output>
        </test-method> <!-- runScenario -->
        <test-method signature="runScenario(io.cucumber.testng.PickleWrapper,io.cucumber.testng.FeatureWrapper)[pri:0, instance:com.sqa.psikotes.framework.runner.TestRunner@2767e23c]" started-at="2022-10-07T14:48:37 WIB" name="runScenario" description="Runs Cucumber Scenarios" data-provider="scenarios" finished-at="2022-10-07T14:48:46 WIB" duration-ms="8820" status="FAIL">
          <params>
            <param index="0">
              <value>
                <![CDATA["TSAP002003 Admin mencari data dengan tombol enter pada keyboard"]]>
              </value>
            </param>
            <param index="1">
              <value>
                <![CDATA["TSAP002 Admin Search Data"]]>
              </value>
            </param>
          </params>
          <exception class="java.lang.AssertionError">
            <message>
              <![CDATA[expected [true] but found [false]]]>
            </message>
            <full-stacktrace>
              <![CDATA[java.lang.AssertionError: expected [true] but found [false]
at org.testng.Assert.fail(Assert.java:110)
at org.testng.Assert.failNotEquals(Assert.java:1413)
at org.testng.Assert.assertTrue(Assert.java:56)
at org.testng.Assert.assertTrue(Assert.java:66)
at com.sqa.psikotes.framework.runner.TestAPSearchDataAdminValid.tsap002003_admin_berhasil_mencari_data_three_yang_dicari(TestAPSearchDataAdminValid.java:118)
at ✽.TSAP002003 Admin berhasil mencari Admin yang dicari(file:///C:/Users/NEXSOFT/git/TARunanto/TARunanto/src/main/resources/features/055APSearchDataAdminValid.feature:44)
]]>
            </full-stacktrace>
          </exception> <!-- java.lang.AssertionError -->
          <reporter-output>
          </reporter-output>
        </test-method> <!-- runScenario -->
        <test-method signature="runScenario(io.cucumber.testng.PickleWrapper,io.cucumber.testng.FeatureWrapper)[pri:0, instance:com.sqa.psikotes.framework.runner.TestRunner@2767e23c]" started-at="2022-10-07T14:48:46 WIB" name="runScenario" description="Runs Cucumber Scenarios" data-provider="scenarios" finished-at="2022-10-07T14:48:55 WIB" duration-ms="8828" status="FAIL">
          <params>
            <param index="0">
              <value>
                <![CDATA["TSAP002003 Admin mencari data dengan tombol enter pada keyboard"]]>
              </value>
            </param>
            <param index="1">
              <value>
                <![CDATA["TSAP002 Admin Search Data"]]>
              </value>
            </param>
          </params>
          <exception class="java.lang.AssertionError">
            <message>
              <![CDATA[expected [true] but found [false]]]>
            </message>
            <full-stacktrace>
              <![CDATA[java.lang.AssertionError: expected [true] but found [false]
at org.testng.Assert.fail(Assert.java:110)
at org.testng.Assert.failNotEquals(Assert.java:1413)
at org.testng.Assert.assertTrue(Assert.java:56)
at org.testng.Assert.assertTrue(Assert.java:66)
at com.sqa.psikotes.framework.runner.TestAPSearchDataAdminValid.tsap002003_admin_berhasil_mencari_data_three_yang_dicari(TestAPSearchDataAdminValid.java:120)
at ✽.TSAP002003 Admin berhasil mencari DEVELOPER yang dicari(file:///C:/Users/NEXSOFT/git/TARunanto/TARunanto/src/main/resources/features/055APSearchDataAdminValid.feature:44)
]]>
            </full-stacktrace>
          </exception> <!-- java.lang.AssertionError -->
          <reporter-output>
          </reporter-output>
        </test-method> <!-- runScenario -->
        <test-method signature="runScenario(io.cucumber.testng.PickleWrapper,io.cucumber.testng.FeatureWrapper)[pri:0, instance:com.sqa.psikotes.framework.runner.TestRunner@2767e23c]" started-at="2022-10-07T14:48:55 WIB" name="runScenario" description="Runs Cucumber Scenarios" data-provider="scenarios" finished-at="2022-10-07T14:49:04 WIB" duration-ms="8851" status="FAIL">
          <params>
            <param index="0">
              <value>
                <![CDATA["TSAP002003 Admin mencari data dengan tombol enter pada keyboard"]]>
              </value>
            </param>
            <param index="1">
              <value>
                <![CDATA["TSAP002 Admin Search Data"]]>
              </value>
            </param>
          </params>
          <exception class="java.lang.AssertionError">
            <message>
              <![CDATA[expected [true] but found [false]]]>
            </message>
            <full-stacktrace>
              <![CDATA[java.lang.AssertionError: expected [true] but found [false]
at org.testng.Assert.fail(Assert.java:110)
at org.testng.Assert.failNotEquals(Assert.java:1413)
at org.testng.Assert.assertTrue(Assert.java:56)
at org.testng.Assert.assertTrue(Assert.java:66)
at com.sqa.psikotes.framework.runner.TestAPSearchDataAdminValid.tsap002003_admin_berhasil_mencari_data_three_yang_dicari(TestAPSearchDataAdminValid.java:122)
at ✽.TSAP002003 Admin berhasil mencari 2771035365 yang dicari(file:///C:/Users/NEXSOFT/git/TARunanto/TARunanto/src/main/resources/features/055APSearchDataAdminValid.feature:44)
]]>
            </full-stacktrace>
          </exception> <!-- java.lang.AssertionError -->
          <reporter-output>
          </reporter-output>
        </test-method> <!-- runScenario -->
        <test-method signature="runScenario(io.cucumber.testng.PickleWrapper,io.cucumber.testng.FeatureWrapper)[pri:0, instance:com.sqa.psikotes.framework.runner.TestRunner@2767e23c]" started-at="2022-10-07T14:49:04 WIB" name="runScenario" description="Runs Cucumber Scenarios" data-provider="scenarios" finished-at="2022-10-07T14:49:13 WIB" duration-ms="8767" status="FAIL">
          <params>
            <param index="0">
              <value>
                <![CDATA["TSAP002003 Admin mencari data dengan tombol enter pada keyboard"]]>
              </value>
            </param>
            <param index="1">
              <value>
                <![CDATA["TSAP002 Admin Search Data"]]>
              </value>
            </param>
          </params>
          <exception class="java.lang.AssertionError">
            <message>
              <![CDATA[expected [true] but found [false]]]>
            </message>
            <full-stacktrace>
              <![CDATA[java.lang.AssertionError: expected [true] but found [false]
at org.testng.Assert.fail(Assert.java:110)
at org.testng.Assert.failNotEquals(Assert.java:1413)
at org.testng.Assert.assertTrue(Assert.java:56)
at org.testng.Assert.assertTrue(Assert.java:66)
at com.sqa.psikotes.framework.runner.TestAPSearchDataAdminValid.tsap002003_admin_berhasil_mencari_data_three_yang_dicari(TestAPSearchDataAdminValid.java:124)
at ✽.TSAP002003 Admin berhasil mencari ACTIVE yang dicari(file:///C:/Users/NEXSOFT/git/TARunanto/TARunanto/src/main/resources/features/055APSearchDataAdminValid.feature:44)
]]>
            </full-stacktrace>
          </exception> <!-- java.lang.AssertionError -->
          <reporter-output>
          </reporter-output>
        </test-method> <!-- runScenario -->
        <test-method signature="runScenario(io.cucumber.testng.PickleWrapper,io.cucumber.testng.FeatureWrapper)[pri:0, instance:com.sqa.psikotes.framework.runner.TestRunner@2767e23c]" started-at="2022-10-07T14:49:13 WIB" name="runScenario" description="Runs Cucumber Scenarios" data-provider="scenarios" finished-at="2022-10-07T14:49:32 WIB" duration-ms="19608" status="FAIL">
          <params>
            <param index="0">
              <value>
                <![CDATA["TSAP003001 Admin menyetujui menambahkan data akun admin"]]>
              </value>
            </param>
            <param index="1">
              <value>
                <![CDATA["TSAP003 Tambah data akun admin"]]>
              </value>
            </param>
          </params>
          <exception class="org.openqa.selenium.ElementNotInteractableException">
            <message>
              <![CDATA[element not interactable
  (Session info: chrome=106.0.5249.103)
Build info: version: '4.4.0', revision: 'e5c75ed026a'
System info: host: 'LAPTOP-ASKQ9BMM', ip: '10.0.0.250', os.name: 'Windows 10', os.arch: 'amd64', os.version: '10.0', java.version: '17.0.4.1'
Driver info: org.openqa.selenium.chrome.ChromeDriver
Command: [e1accc8d0228df20bb517d9ead555577, sendKeysToElement {id=7792d7fc-cb29-4f15-acbf-b94d016f30e8, value=[Ljava.lang.CharSequence;@14d298d6}]
Capabilities {acceptInsecureCerts: false, browserName: chrome, browserVersion: 106.0.5249.103, chrome: {chromedriverVersion: 106.0.5249.61 (511755355844..., userDataDir: C:\Users\NEXSOFT\AppData\Lo...}, goog:chromeOptions: {debuggerAddress: localhost:55893}, networkConnectionEnabled: false, pageLoadStrategy: normal, platformName: WINDOWS, proxy: Proxy(), se:cdp: ws://localhost:55893/devtoo..., se:cdpVersion: 106.0.5249.103, setWindowRect: true, strictFileInteractability: false, timeouts: {implicit: 0, pageLoad: 300000, script: 30000}, unhandledPromptBehavior: dismiss and notify, webauthn:extension:credBlob: true, webauthn:extension:largeBlob: true, webauthn:virtualAuthenticators: true}
Element: [[ChromeDriver: chrome on WINDOWS (e1accc8d0228df20bb517d9ead555577)] -> xpath: //input[@id='tl_user_management--51690_text']]
Session ID: e1accc8d0228df20bb517d9ead555577]]>
            </message>
            <full-stacktrace>
              <![CDATA[org.openqa.selenium.ElementNotInteractableException: element not interactable
  (Session info: chrome=106.0.5249.103)
Build info: version: '4.4.0', revision: 'e5c75ed026a'
System info: host: 'LAPTOP-ASKQ9BMM', ip: '10.0.0.250', os.name: 'Windows 10', os.arch: 'amd64', os.version: '10.0', java.version: '17.0.4.1'
Driver info: org.openqa.selenium.chrome.ChromeDriver
Command: [e1accc8d0228df20bb517d9ead555577, sendKeysToElement {id=7792d7fc-cb29-4f15-acbf-b94d016f30e8, value=[Ljava.lang.CharSequence;@14d298d6}]
Capabilities {acceptInsecureCerts: false, browserName: chrome, browserVersion: 106.0.5249.103, chrome: {chromedriverVersion: 106.0.5249.61 (511755355844..., userDataDir: C:\Users\NEXSOFT\AppData\Lo...}, goog:chromeOptions: {debuggerAddress: localhost:55893}, networkConnectionEnabled: false, pageLoadStrategy: normal, platformName: WINDOWS, proxy: Proxy(), se:cdp: ws://localhost:55893/devtoo..., se:cdpVersion: 106.0.5249.103, setWindowRect: true, strictFileInteractability: false, timeouts: {implicit: 0, pageLoad: 300000, script: 30000}, unhandledPromptBehavior: dismiss and notify, webauthn:extension:credBlob: true, webauthn:extension:largeBlob: true, webauthn:virtualAuthenticators: true}
Element: [[ChromeDriver: chrome on WINDOWS (e1accc8d0228df20bb517d9ead555577)] -> xpath: //input[@id='tl_user_management--51690_text']]
Session ID: e1accc8d0228df20bb517d9ead555577
at java.base/jdk.internal.reflect.NativeConstructorAccessorImpl.newInstance0(Native Method)
at java.base/jdk.internal.reflect.NativeConstructorAccessorImpl.newInstance(NativeConstructorAccessorImpl.java:77)
at java.base/jdk.internal.reflect.DelegatingConstructorAccessorImpl.newInstance(DelegatingConstructorAccessorImpl.java:45)
at java.base/java.lang.reflect.Constructor.newInstanceWithCaller(Constructor.java:499)
at java.base/java.lang.reflect.Constructor.newInstance(Constructor.java:480)
at org.openqa.selenium.remote.codec.w3c.W3CHttpResponseCodec.createException(W3CHttpResponseCodec.java:200)
at org.openqa.selenium.remote.codec.w3c.W3CHttpResponseCodec.decode(W3CHttpResponseCodec.java:133)
at org.openqa.selenium.remote.codec.w3c.W3CHttpResponseCodec.decode(W3CHttpResponseCodec.java:53)
at org.openqa.selenium.remote.HttpCommandExecutor.execute(HttpCommandExecutor.java:184)
at org.openqa.selenium.remote.service.DriverCommandExecutor.invokeExecute(DriverCommandExecutor.java:167)
at org.openqa.selenium.remote.service.DriverCommandExecutor.execute(DriverCommandExecutor.java:142)
at org.openqa.selenium.remote.RemoteWebDriver.execute(RemoteWebDriver.java:547)
at org.openqa.selenium.remote.RemoteWebElement.execute(RemoteWebElement.java:257)
at org.openqa.selenium.remote.RemoteWebElement.sendKeys(RemoteWebElement.java:113)
at jdk.internal.reflect.GeneratedMethodAccessor120.invoke(Unknown Source)
at java.base/jdk.internal.reflect.DelegatingMethodAccessorImpl.invoke(DelegatingMethodAccessorImpl.java:43)
at java.base/java.lang.reflect.Method.invoke(Method.java:568)
at org.openqa.selenium.support.pagefactory.internal.LocatingElementHandler.invoke(LocatingElementHandler.java:52)
at jdk.proxy2/jdk.proxy2.$Proxy31.sendKeys(Unknown Source)
at com.sqa.psikotes.framework.page.AdminPage.searchDataAdmin(AdminPage.java:295)
at com.sqa.psikotes.framework.runner.TestAPTambahDataAdminValid.tsap003001_admin_berhasil_menambahkan_data_akun(TestAPTambahDataAdminValid.java:62)
at ✽.TSAP003001 Admin berhasil menambahkan Marissa akun(file:///C:/Users/NEXSOFT/git/TARunanto/TARunanto/src/main/resources/features/059APTambahDataAdminValid.feature:15)
]]>
            </full-stacktrace>
          </exception> <!-- org.openqa.selenium.ElementNotInteractableException -->
          <reporter-output>
          </reporter-output>
        </test-method> <!-- runScenario -->
        <test-method signature="runScenario(io.cucumber.testng.PickleWrapper,io.cucumber.testng.FeatureWrapper)[pri:0, instance:com.sqa.psikotes.framework.runner.TestRunner@2767e23c]" started-at="2022-10-07T14:49:32 WIB" name="runScenario" description="Runs Cucumber Scenarios" data-provider="scenarios" finished-at="2022-10-07T14:49:56 WIB" duration-ms="23627" status="PASS">
          <params>
            <param index="0">
              <value>
                <![CDATA["TSAP003002 Admin tidak menyetujui menambahkan data akun admin"]]>
              </value>
            </param>
            <param index="1">
              <value>
                <![CDATA["TSAP003 Tambah data akun admin"]]>
              </value>
            </param>
          </params>
          <reporter-output>
          </reporter-output>
        </test-method> <!-- runScenario -->
        <test-method signature="runScenario(io.cucumber.testng.PickleWrapper,io.cucumber.testng.FeatureWrapper)[pri:0, instance:com.sqa.psikotes.framework.runner.TestRunner@2767e23c]" started-at="2022-10-07T14:49:56 WIB" name="runScenario" description="Runs Cucumber Scenarios" data-provider="scenarios" finished-at="2022-10-07T14:50:05 WIB" duration-ms="8689" status="PASS">
          <params>
            <param index="0">
              <value>
                <![CDATA["TSAP004001 Admin menampilkan10 data admin"]]>
              </value>
            </param>
            <param index="1">
              <value>
                <![CDATA["TSAP004 Menampilkan data admin"]]>
              </value>
            </param>
          </params>
          <reporter-output>
          </reporter-output>
        </test-method> <!-- runScenario -->
        <test-method signature="runScenario(io.cucumber.testng.PickleWrapper,io.cucumber.testng.FeatureWrapper)[pri:0, instance:com.sqa.psikotes.framework.runner.TestRunner@2767e23c]" started-at="2022-10-07T14:50:05 WIB" name="runScenario" description="Runs Cucumber Scenarios" data-provider="scenarios" finished-at="2022-10-07T14:50:14 WIB" duration-ms="9046" status="PASS">
          <params>
            <param index="0">
              <value>
                <![CDATA["TSAP004002 Admin menampilkan25 data admin"]]>
              </value>
            </param>
            <param index="1">
              <value>
                <![CDATA["TSAP004 Menampilkan data admin"]]>
              </value>
            </param>
          </params>
          <reporter-output>
          </reporter-output>
        </test-method> <!-- runScenario -->
        <test-method signature="runScenario(io.cucumber.testng.PickleWrapper,io.cucumber.testng.FeatureWrapper)[pri:0, instance:com.sqa.psikotes.framework.runner.TestRunner@2767e23c]" started-at="2022-10-07T14:50:14 WIB" name="runScenario" description="Runs Cucumber Scenarios" data-provider="scenarios" finished-at="2022-10-07T14:50:22 WIB" duration-ms="8673" status="PASS">
          <params>
            <param index="0">
              <value>
                <![CDATA["TSAP004003 Admin menampilkan50 data admin"]]>
              </value>
            </param>
            <param index="1">
              <value>
                <![CDATA["TSAP004 Menampilkan data admin"]]>
              </value>
            </param>
          </params>
          <reporter-output>
          </reporter-output>
        </test-method> <!-- runScenario -->
        <test-method signature="runScenario(io.cucumber.testng.PickleWrapper,io.cucumber.testng.FeatureWrapper)[pri:0, instance:com.sqa.psikotes.framework.runner.TestRunner@2767e23c]" started-at="2022-10-07T14:50:22 WIB" name="runScenario" description="Runs Cucumber Scenarios" data-provider="scenarios" finished-at="2022-10-07T14:50:30 WIB" duration-ms="7659" status="PASS">
          <params>
            <param index="0">
              <value>
                <![CDATA["TSAP004004 Admin menampilkan100 data admin"]]>
              </value>
            </param>
            <param index="1">
              <value>
                <![CDATA["TSAP004 Menampilkan data admin"]]>
              </value>
            </param>
          </params>
          <reporter-output>
          </reporter-output>
        </test-method> <!-- runScenario -->
        <test-method signature="runScenario(io.cucumber.testng.PickleWrapper,io.cucumber.testng.FeatureWrapper)[pri:0, instance:com.sqa.psikotes.framework.runner.TestRunner@2767e23c]" started-at="2022-10-07T14:50:30 WIB" name="runScenario" description="Runs Cucumber Scenarios" data-provider="scenarios" finished-at="2022-10-07T14:50:40 WIB" duration-ms="9699" status="PASS">
          <params>
            <param index="0">
              <value>
                <![CDATA["TSAP005001 Admin menampilkan10 data  admin pada page ke1"]]>
              </value>
            </param>
            <param index="1">
              <value>
                <![CDATA["TSAP005 Menampilkan10 Data admin"]]>
              </value>
            </param>
          </params>
          <reporter-output>
          </reporter-output>
        </test-method> <!-- runScenario -->
        <test-method signature="runScenario(io.cucumber.testng.PickleWrapper,io.cucumber.testng.FeatureWrapper)[pri:0, instance:com.sqa.psikotes.framework.runner.TestRunner@2767e23c]" started-at="2022-10-07T14:50:40 WIB" name="runScenario" description="Runs Cucumber Scenarios" data-provider="scenarios" finished-at="2022-10-07T14:50:49 WIB" duration-ms="9816" status="PASS">
          <params>
            <param index="0">
              <value>
                <![CDATA["TSAP005002 Admin menampilkan10 data  admin pada page ke2"]]>
              </value>
            </param>
            <param index="1">
              <value>
                <![CDATA["TSAP005 Menampilkan10 Data admin"]]>
              </value>
            </param>
          </params>
          <reporter-output>
          </reporter-output>
        </test-method> <!-- runScenario -->
        <test-method signature="runScenario(io.cucumber.testng.PickleWrapper,io.cucumber.testng.FeatureWrapper)[pri:0, instance:com.sqa.psikotes.framework.runner.TestRunner@2767e23c]" started-at="2022-10-07T14:50:49 WIB" name="runScenario" description="Runs Cucumber Scenarios" data-provider="scenarios" finished-at="2022-10-07T14:50:59 WIB" duration-ms="9860" status="PASS">
          <params>
            <param index="0">
              <value>
                <![CDATA["TSAP005003 Admin menampilkan10 data  admin pada page ke3"]]>
              </value>
            </param>
            <param index="1">
              <value>
                <![CDATA["TSAP005 Menampilkan10 Data admin"]]>
              </value>
            </param>
          </params>
          <reporter-output>
          </reporter-output>
        </test-method> <!-- runScenario -->
        <test-method signature="runScenario(io.cucumber.testng.PickleWrapper,io.cucumber.testng.FeatureWrapper)[pri:0, instance:com.sqa.psikotes.framework.runner.TestRunner@2767e23c]" started-at="2022-10-07T14:50:59 WIB" name="runScenario" description="Runs Cucumber Scenarios" data-provider="scenarios" finished-at="2022-10-07T14:51:09 WIB" duration-ms="9832" status="PASS">
          <params>
            <param index="0">
              <value>
                <![CDATA["TSAP005004 Admin menampilkan10 data  admin pada page ke4"]]>
              </value>
            </param>
            <param index="1">
              <value>
                <![CDATA["TSAP005 Menampilkan10 Data admin"]]>
              </value>
            </param>
          </params>
          <reporter-output>
          </reporter-output>
        </test-method> <!-- runScenario -->
        <test-method signature="runScenario(io.cucumber.testng.PickleWrapper,io.cucumber.testng.FeatureWrapper)[pri:0, instance:com.sqa.psikotes.framework.runner.TestRunner@2767e23c]" started-at="2022-10-07T14:51:09 WIB" name="runScenario" description="Runs Cucumber Scenarios" data-provider="scenarios" finished-at="2022-10-07T14:51:19 WIB" duration-ms="9987" status="PASS">
          <params>
            <param index="0">
              <value>
                <![CDATA["TSAP005005 Admin menampilkan10 data  admin pada page ke5"]]>
              </value>
            </param>
            <param index="1">
              <value>
                <![CDATA["TSAP005 Menampilkan10 Data admin"]]>
              </value>
            </param>
          </params>
          <reporter-output>
          </reporter-output>
        </test-method> <!-- runScenario -->
        <test-method signature="runScenario(io.cucumber.testng.PickleWrapper,io.cucumber.testng.FeatureWrapper)[pri:0, instance:com.sqa.psikotes.framework.runner.TestRunner@2767e23c]" started-at="2022-10-07T14:51:19 WIB" name="runScenario" description="Runs Cucumber Scenarios" data-provider="scenarios" finished-at="2022-10-07T14:51:29 WIB" duration-ms="9794" status="PASS">
          <params>
            <param index="0">
              <value>
                <![CDATA["TSAP005006 Admin menampilkan10 data  admin pada page ke6"]]>
              </value>
            </param>
            <param index="1">
              <value>
                <![CDATA["TSAP005 Menampilkan10 Data admin"]]>
              </value>
            </param>
          </params>
          <reporter-output>
          </reporter-output>
        </test-method> <!-- runScenario -->
        <test-method signature="runScenario(io.cucumber.testng.PickleWrapper,io.cucumber.testng.FeatureWrapper)[pri:0, instance:com.sqa.psikotes.framework.runner.TestRunner@2767e23c]" started-at="2022-10-07T14:51:29 WIB" name="runScenario" description="Runs Cucumber Scenarios" data-provider="scenarios" finished-at="2022-10-07T14:51:40 WIB" duration-ms="10858" status="PASS">
          <params>
            <param index="0">
              <value>
                <![CDATA["TSAP005007 Admin menampilkan10 data  admin pada page ke7"]]>
              </value>
            </param>
            <param index="1">
              <value>
                <![CDATA["TSAP005 Menampilkan10 Data admin"]]>
              </value>
            </param>
          </params>
          <reporter-output>
          </reporter-output>
        </test-method> <!-- runScenario -->
        <test-method signature="runScenario(io.cucumber.testng.PickleWrapper,io.cucumber.testng.FeatureWrapper)[pri:0, instance:com.sqa.psikotes.framework.runner.TestRunner@2767e23c]" started-at="2022-10-07T14:51:40 WIB" name="runScenario" description="Runs Cucumber Scenarios" data-provider="scenarios" finished-at="2022-10-07T14:51:51 WIB" duration-ms="10963" status="PASS">
          <params>
            <param index="0">
              <value>
                <![CDATA["TSAP005008 Admin menampilkan10 data  admin pada page ke8"]]>
              </value>
            </param>
            <param index="1">
              <value>
                <![CDATA["TSAP005 Menampilkan10 Data admin"]]>
              </value>
            </param>
          </params>
          <reporter-output>
          </reporter-output>
        </test-method> <!-- runScenario -->
        <test-method signature="runScenario(io.cucumber.testng.PickleWrapper,io.cucumber.testng.FeatureWrapper)[pri:0, instance:com.sqa.psikotes.framework.runner.TestRunner@2767e23c]" started-at="2022-10-07T14:51:51 WIB" name="runScenario" description="Runs Cucumber Scenarios" data-provider="scenarios" finished-at="2022-10-07T14:52:02 WIB" duration-ms="10883" status="PASS">
          <params>
            <param index="0">
              <value>
                <![CDATA["TSAP005009 Admin menampilkan10 data  admin pada page ke9"]]>
              </value>
            </param>
            <param index="1">
              <value>
                <![CDATA["TSAP005 Menampilkan10 Data admin"]]>
              </value>
            </param>
          </params>
          <reporter-output>
          </reporter-output>
        </test-method> <!-- runScenario -->
        <test-method signature="runScenario(io.cucumber.testng.PickleWrapper,io.cucumber.testng.FeatureWrapper)[pri:0, instance:com.sqa.psikotes.framework.runner.TestRunner@2767e23c]" started-at="2022-10-07T14:52:02 WIB" name="runScenario" description="Runs Cucumber Scenarios" data-provider="scenarios" finished-at="2022-10-07T14:52:13 WIB" duration-ms="10880" status="PASS">
          <params>
            <param index="0">
              <value>
                <![CDATA["TSAP005010 Admin menampilkan10 data  admin pada page ke10"]]>
              </value>
            </param>
            <param index="1">
              <value>
                <![CDATA["TSAP005 Menampilkan10 Data admin"]]>
              </value>
            </param>
          </params>
          <reporter-output>
          </reporter-output>
        </test-method> <!-- runScenario -->
        <test-method signature="runScenario(io.cucumber.testng.PickleWrapper,io.cucumber.testng.FeatureWrapper)[pri:0, instance:com.sqa.psikotes.framework.runner.TestRunner@2767e23c]" started-at="2022-10-07T14:52:13 WIB" name="runScenario" description="Runs Cucumber Scenarios" data-provider="scenarios" finished-at="2022-10-07T14:52:23 WIB" duration-ms="10886" status="PASS">
          <params>
            <param index="0">
              <value>
                <![CDATA["TSAP005011 Admin menampilkan10 data admin pada page paling awal"]]>
              </value>
            </param>
            <param index="1">
              <value>
                <![CDATA["TSAP005 Menampilkan10 Data admin"]]>
              </value>
            </param>
          </params>
          <reporter-output>
          </reporter-output>
        </test-method> <!-- runScenario -->
        <test-method signature="runScenario(io.cucumber.testng.PickleWrapper,io.cucumber.testng.FeatureWrapper)[pri:0, instance:com.sqa.psikotes.framework.runner.TestRunner@2767e23c]" started-at="2022-10-07T14:52:23 WIB" name="runScenario" description="Runs Cucumber Scenarios" data-provider="scenarios" finished-at="2022-10-07T14:52:33 WIB" duration-ms="9834" status="PASS">
          <params>
            <param index="0">
              <value>
                <![CDATA["TSAP005012 Admin menampilkan10 data admin pada page paling terakhir"]]>
              </value>
            </param>
            <param index="1">
              <value>
                <![CDATA["TSAP005 Menampilkan10 Data admin"]]>
              </value>
            </param>
          </params>
          <reporter-output>
          </reporter-output>
        </test-method> <!-- runScenario -->
        <test-method signature="runScenario(io.cucumber.testng.PickleWrapper,io.cucumber.testng.FeatureWrapper)[pri:0, instance:com.sqa.psikotes.framework.runner.TestRunner@2767e23c]" started-at="2022-10-07T14:52:33 WIB" name="runScenario" description="Runs Cucumber Scenarios" data-provider="scenarios" finished-at="2022-10-07T14:52:43 WIB" duration-ms="9858" status="PASS">
          <params>
            <param index="0">
              <value>
                <![CDATA["TSAP006001 Admin menampilkan25 data admin pada page ke1"]]>
              </value>
            </param>
            <param index="1">
              <value>
                <![CDATA["TSAP006 Menampilkan25 data admin"]]>
              </value>
            </param>
          </params>
          <reporter-output>
          </reporter-output>
        </test-method> <!-- runScenario -->
        <test-method signature="runScenario(io.cucumber.testng.PickleWrapper,io.cucumber.testng.FeatureWrapper)[pri:0, instance:com.sqa.psikotes.framework.runner.TestRunner@2767e23c]" started-at="2022-10-07T14:52:43 WIB" name="runScenario" description="Runs Cucumber Scenarios" data-provider="scenarios" finished-at="2022-10-07T14:52:53 WIB" duration-ms="9813" status="PASS">
          <params>
            <param index="0">
              <value>
                <![CDATA["TSAP006002 Admin menampilkan25 data admin pada page ke2"]]>
              </value>
            </param>
            <param index="1">
              <value>
                <![CDATA["TSAP006 Menampilkan25 data admin"]]>
              </value>
            </param>
          </params>
          <reporter-output>
          </reporter-output>
        </test-method> <!-- runScenario -->
        <test-method signature="runScenario(io.cucumber.testng.PickleWrapper,io.cucumber.testng.FeatureWrapper)[pri:0, instance:com.sqa.psikotes.framework.runner.TestRunner@2767e23c]" started-at="2022-10-07T14:52:53 WIB" name="runScenario" description="Runs Cucumber Scenarios" data-provider="scenarios" finished-at="2022-10-07T14:53:03 WIB" duration-ms="10195" status="PASS">
          <params>
            <param index="0">
              <value>
                <![CDATA["TSAP006003 Admin menampilkan25 data admin pada page ke3"]]>
              </value>
            </param>
            <param index="1">
              <value>
                <![CDATA["TSAP006 Menampilkan25 data admin"]]>
              </value>
            </param>
          </params>
          <reporter-output>
          </reporter-output>
        </test-method> <!-- runScenario -->
        <test-method signature="runScenario(io.cucumber.testng.PickleWrapper,io.cucumber.testng.FeatureWrapper)[pri:0, instance:com.sqa.psikotes.framework.runner.TestRunner@2767e23c]" started-at="2022-10-07T14:53:03 WIB" name="runScenario" description="Runs Cucumber Scenarios" data-provider="scenarios" finished-at="2022-10-07T14:53:13 WIB" duration-ms="9795" status="PASS">
          <params>
            <param index="0">
              <value>
                <![CDATA["TSAP006004 Admin menampilkan25 data admin pada page ke4"]]>
              </value>
            </param>
            <param index="1">
              <value>
                <![CDATA["TSAP006 Menampilkan25 data admin"]]>
              </value>
            </param>
          </params>
          <reporter-output>
          </reporter-output>
        </test-method> <!-- runScenario -->
        <test-method signature="runScenario(io.cucumber.testng.PickleWrapper,io.cucumber.testng.FeatureWrapper)[pri:0, instance:com.sqa.psikotes.framework.runner.TestRunner@2767e23c]" started-at="2022-10-07T14:53:13 WIB" name="runScenario" description="Runs Cucumber Scenarios" data-provider="scenarios" finished-at="2022-10-07T14:53:24 WIB" duration-ms="10863" status="PASS">
          <params>
            <param index="0">
              <value>
                <![CDATA["TSAP006005 Admin menampilkan25 data admin pada page paling awal"]]>
              </value>
            </param>
            <param index="1">
              <value>
                <![CDATA["TSAP006 Menampilkan25 data admin"]]>
              </value>
            </param>
          </params>
          <reporter-output>
          </reporter-output>
        </test-method> <!-- runScenario -->
        <test-method signature="runScenario(io.cucumber.testng.PickleWrapper,io.cucumber.testng.FeatureWrapper)[pri:0, instance:com.sqa.psikotes.framework.runner.TestRunner@2767e23c]" started-at="2022-10-07T14:53:24 WIB" name="runScenario" description="Runs Cucumber Scenarios" data-provider="scenarios" finished-at="2022-10-07T14:53:34 WIB" duration-ms="9828" status="PASS">
          <params>
            <param index="0">
              <value>
                <![CDATA["TSAP006006 Admin menampilkan25 data admin pada page paling terakhir"]]>
              </value>
            </param>
            <param index="1">
              <value>
                <![CDATA["TSAP006 Menampilkan25 data admin"]]>
              </value>
            </param>
          </params>
          <reporter-output>
          </reporter-output>
        </test-method> <!-- runScenario -->
        <test-method signature="runScenario(io.cucumber.testng.PickleWrapper,io.cucumber.testng.FeatureWrapper)[pri:0, instance:com.sqa.psikotes.framework.runner.TestRunner@2767e23c]" started-at="2022-10-07T14:53:34 WIB" name="runScenario" description="Runs Cucumber Scenarios" data-provider="scenarios" finished-at="2022-10-07T14:53:43 WIB" duration-ms="9858" status="PASS">
          <params>
            <param index="0">
              <value>
                <![CDATA["TSAP007001 Admin menampilkan50 data admin pada page ke1"]]>
              </value>
            </param>
            <param index="1">
              <value>
                <![CDATA["TSAP007 Menampilkan50 data admin"]]>
              </value>
            </param>
          </params>
          <reporter-output>
          </reporter-output>
        </test-method> <!-- runScenario -->
        <test-method signature="runScenario(io.cucumber.testng.PickleWrapper,io.cucumber.testng.FeatureWrapper)[pri:0, instance:com.sqa.psikotes.framework.runner.TestRunner@2767e23c]" started-at="2022-10-07T14:53:43 WIB" name="runScenario" description="Runs Cucumber Scenarios" data-provider="scenarios" finished-at="2022-10-07T14:53:53 WIB" duration-ms="9788" status="PASS">
          <params>
            <param index="0">
              <value>
                <![CDATA["TSAP007002 Admin menampilkan50 data admin pada page ke2"]]>
              </value>
            </param>
            <param index="1">
              <value>
                <![CDATA["TSAP007 Menampilkan50 data admin"]]>
              </value>
            </param>
          </params>
          <reporter-output>
          </reporter-output>
        </test-method> <!-- runScenario -->
        <test-method signature="runScenario(io.cucumber.testng.PickleWrapper,io.cucumber.testng.FeatureWrapper)[pri:0, instance:com.sqa.psikotes.framework.runner.TestRunner@2767e23c]" started-at="2022-10-07T14:53:53 WIB" name="runScenario" description="Runs Cucumber Scenarios" data-provider="scenarios" finished-at="2022-10-07T14:54:03 WIB" duration-ms="9804" status="PASS">
          <params>
            <param index="0">
              <value>
                <![CDATA["TSAP007003 Admin menampilkan50 data admin pada page >>"]]>
              </value>
            </param>
            <param index="1">
              <value>
                <![CDATA["TSAP007 Menampilkan50 data admin"]]>
              </value>
            </param>
          </params>
          <reporter-output>
          </reporter-output>
        </test-method> <!-- runScenario -->
        <test-method signature="runScenario(io.cucumber.testng.PickleWrapper,io.cucumber.testng.FeatureWrapper)[pri:0, instance:com.sqa.psikotes.framework.runner.TestRunner@2767e23c]" started-at="2022-10-07T14:54:03 WIB" name="runScenario" description="Runs Cucumber Scenarios" data-provider="scenarios" finished-at="2022-10-07T14:54:14 WIB" duration-ms="10849" status="PASS">
          <params>
            <param index="0">
              <value>
                <![CDATA["TSAP007004 Admin menampilkan50 data admin pada page <<"]]>
              </value>
            </param>
            <param index="1">
              <value>
                <![CDATA["TSAP007 Menampilkan50 data admin"]]>
              </value>
            </param>
          </params>
          <reporter-output>
          </reporter-output>
        </test-method> <!-- runScenario -->
        <test-method signature="runScenario(io.cucumber.testng.PickleWrapper,io.cucumber.testng.FeatureWrapper)[pri:0, instance:com.sqa.psikotes.framework.runner.TestRunner@2767e23c]" started-at="2022-10-07T14:54:14 WIB" name="runScenario" description="Runs Cucumber Scenarios" data-provider="scenarios" finished-at="2022-10-07T14:54:23 WIB" duration-ms="8808" status="PASS">
          <params>
            <param index="0">
              <value>
                <![CDATA["TSAP008001 Admin menampilkan100 data admin pada page ke1"]]>
              </value>
            </param>
            <param index="1">
              <value>
                <![CDATA["TSAP008 Menampilkan100 data admin"]]>
              </value>
            </param>
          </params>
          <reporter-output>
          </reporter-output>
        </test-method> <!-- runScenario -->
        <test-method signature="runScenario(io.cucumber.testng.PickleWrapper,io.cucumber.testng.FeatureWrapper)[pri:0, instance:com.sqa.psikotes.framework.runner.TestRunner@2767e23c]" started-at="2022-10-07T14:54:23 WIB" name="runScenario" description="Runs Cucumber Scenarios" data-provider="scenarios" finished-at="2022-10-07T14:55:01 WIB" duration-ms="37797" status="FAIL">
          <params>
            <param index="0">
              <value>
                <![CDATA["TSAP009001 Admin mereset passwod akun admin"]]>
              </value>
            </param>
            <param index="1">
              <value>
                <![CDATA["TSAP009 Reset Password Akun admin"]]>
              </value>
            </param>
          </params>
          <exception class="org.openqa.selenium.NoSuchElementException">
            <message>
              <![CDATA[no such element: Unable to locate element: {"method":"css selector","selector":"*[name='tl_user_management--51688_text']"}
  (Session info: chrome=106.0.5249.103)
For documentation on this error, please visit: https://selenium.dev/exceptions/#no_such_element
Build info: version: '4.4.0', revision: 'e5c75ed026a'
System info: host: 'LAPTOP-ASKQ9BMM', ip: '10.0.0.250', os.name: 'Windows 10', os.arch: 'amd64', os.version: '10.0', java.version: '17.0.4.1'
Driver info: org.openqa.selenium.chrome.ChromeDriver
Command: [e1accc8d0228df20bb517d9ead555577, findElement {using=name, value=tl_user_management--51688_text}]
Capabilities {acceptInsecureCerts: false, browserName: chrome, browserVersion: 106.0.5249.103, chrome: {chromedriverVersion: 106.0.5249.61 (511755355844..., userDataDir: C:\Users\NEXSOFT\AppData\Lo...}, goog:chromeOptions: {debuggerAddress: localhost:55893}, networkConnectionEnabled: false, pageLoadStrategy: normal, platformName: WINDOWS, proxy: Proxy(), se:cdp: ws://localhost:55893/devtoo..., se:cdpVersion: 106.0.5249.103, setWindowRect: true, strictFileInteractability: false, timeouts: {implicit: 0, pageLoad: 300000, script: 30000}, unhandledPromptBehavior: dismiss and notify, webauthn:extension:credBlob: true, webauthn:extension:largeBlob: true, webauthn:virtualAuthenticators: true}
Session ID: e1accc8d0228df20bb517d9ead555577]]>
            </message>
            <full-stacktrace>
              <![CDATA[org.openqa.selenium.NoSuchElementException: no such element: Unable to locate element: {"method":"css selector","selector":"*[name='tl_user_management--51688_text']"}
  (Session info: chrome=106.0.5249.103)
For documentation on this error, please visit: https://selenium.dev/exceptions/#no_such_element
Build info: version: '4.4.0', revision: 'e5c75ed026a'
System info: host: 'LAPTOP-ASKQ9BMM', ip: '10.0.0.250', os.name: 'Windows 10', os.arch: 'amd64', os.version: '10.0', java.version: '17.0.4.1'
Driver info: org.openqa.selenium.chrome.ChromeDriver
Command: [e1accc8d0228df20bb517d9ead555577, findElement {using=name, value=tl_user_management--51688_text}]
Capabilities {acceptInsecureCerts: false, browserName: chrome, browserVersion: 106.0.5249.103, chrome: {chromedriverVersion: 106.0.5249.61 (511755355844..., userDataDir: C:\Users\NEXSOFT\AppData\Lo...}, goog:chromeOptions: {debuggerAddress: localhost:55893}, networkConnectionEnabled: false, pageLoadStrategy: normal, platformName: WINDOWS, proxy: Proxy(), se:cdp: ws://localhost:55893/devtoo..., se:cdpVersion: 106.0.5249.103, setWindowRect: true, strictFileInteractability: false, timeouts: {implicit: 0, pageLoad: 300000, script: 30000}, unhandledPromptBehavior: dismiss and notify, webauthn:extension:credBlob: true, webauthn:extension:largeBlob: true, webauthn:virtualAuthenticators: true}
Session ID: e1accc8d0228df20bb517d9ead555577
at java.base/jdk.internal.reflect.NativeConstructorAccessorImpl.newInstance0(Native Method)
at java.base/jdk.internal.reflect.NativeConstructorAccessorImpl.newInstance(NativeConstructorAccessorImpl.java:77)
at java.base/jdk.internal.reflect.DelegatingConstructorAccessorImpl.newInstance(DelegatingConstructorAccessorImpl.java:45)
at java.base/java.lang.reflect.Constructor.newInstanceWithCaller(Constructor.java:499)
at java.base/java.lang.reflect.Constructor.newInstance(Constructor.java:480)
at org.openqa.selenium.remote.codec.w3c.W3CHttpResponseCodec.createException(W3CHttpResponseCodec.java:200)
at org.openqa.selenium.remote.codec.w3c.W3CHttpResponseCodec.decode(W3CHttpResponseCodec.java:133)
at org.openqa.selenium.remote.codec.w3c.W3CHttpResponseCodec.decode(W3CHttpResponseCodec.java:53)
at org.openqa.selenium.remote.HttpCommandExecutor.execute(HttpCommandExecutor.java:184)
at org.openqa.selenium.remote.service.DriverCommandExecutor.invokeExecute(DriverCommandExecutor.java:167)
at org.openqa.selenium.remote.service.DriverCommandExecutor.execute(DriverCommandExecutor.java:142)
at org.openqa.selenium.remote.RemoteWebDriver.execute(RemoteWebDriver.java:547)
at org.openqa.selenium.remote.ElementLocation$ElementFinder$2.findElement(ElementLocation.java:162)
at org.openqa.selenium.remote.ElementLocation.findElement(ElementLocation.java:66)
at org.openqa.selenium.remote.RemoteWebDriver.findElement(RemoteWebDriver.java:365)
at org.openqa.selenium.remote.RemoteWebDriver.findElement(RemoteWebDriver.java:357)
at org.openqa.selenium.support.pagefactory.DefaultElementLocator.findElement(DefaultElementLocator.java:70)
at org.openqa.selenium.support.pagefactory.internal.LocatingElementHandler.invoke(LocatingElementHandler.java:39)
at jdk.proxy2/jdk.proxy2.$Proxy31.click(Unknown Source)
at com.sqa.psikotes.framework.page.AdminPage.clickCheckPassword(AdminPage.java:586)
at com.sqa.psikotes.framework.runner.TestAPResetPasswordAdminValid.tsap009001_admin_klik_checkbox_pada_data_yang_akan_di_reset_passwordnya(TestAPResetPasswordAdminValid.java:41)
at ✽.TSAP009001 Admin klik checkbox pada data yang akan di reset passwordnya(file:///C:/Users/NEXSOFT/git/TARunanto/TARunanto/src/main/resources/features/081APResetPasswordValid.feature:8)
]]>
            </full-stacktrace>
          </exception> <!-- org.openqa.selenium.NoSuchElementException -->
          <reporter-output>
          </reporter-output>
        </test-method> <!-- runScenario -->
        <test-method signature="runScenario(io.cucumber.testng.PickleWrapper,io.cucumber.testng.FeatureWrapper)[pri:0, instance:com.sqa.psikotes.framework.runner.TestRunner@2767e23c]" started-at="2022-10-07T14:55:01 WIB" name="runScenario" description="Runs Cucumber Scenarios" data-provider="scenarios" finished-at="2022-10-07T14:55:16 WIB" duration-ms="15413" status="PASS">
          <params>
            <param index="0">
              <value>
                <![CDATA["TSAP010001 Admin mengubah satu field pada akun admin"]]>
              </value>
            </param>
            <param index="1">
              <value>
                <![CDATA["TSAP010 Edit data akun admin"]]>
              </value>
            </param>
          </params>
          <reporter-output>
          </reporter-output>
        </test-method> <!-- runScenario -->
        <test-method signature="runScenario(io.cucumber.testng.PickleWrapper,io.cucumber.testng.FeatureWrapper)[pri:0, instance:com.sqa.psikotes.framework.runner.TestRunner@2767e23c]" started-at="2022-10-07T14:55:16 WIB" name="runScenario" description="Runs Cucumber Scenarios" data-provider="scenarios" finished-at="2022-10-07T14:55:31 WIB" duration-ms="15093" status="PASS">
          <params>
            <param index="0">
              <value>
                <![CDATA["TSAP010001 Admin mengubah satu field pada akun admin"]]>
              </value>
            </param>
            <param index="1">
              <value>
                <![CDATA["TSAP010 Edit data akun admin"]]>
              </value>
            </param>
          </params>
          <reporter-output>
          </reporter-output>
        </test-method> <!-- runScenario -->
        <test-method signature="runScenario(io.cucumber.testng.PickleWrapper,io.cucumber.testng.FeatureWrapper)[pri:0, instance:com.sqa.psikotes.framework.runner.TestRunner@2767e23c]" started-at="2022-10-07T14:55:31 WIB" name="runScenario" description="Runs Cucumber Scenarios" data-provider="scenarios" finished-at="2022-10-07T14:55:46 WIB" duration-ms="15088" status="PASS">
          <params>
            <param index="0">
              <value>
                <![CDATA["TSAP010001 Admin mengubah satu field pada akun admin"]]>
              </value>
            </param>
            <param index="1">
              <value>
                <![CDATA["TSAP010 Edit data akun admin"]]>
              </value>
            </param>
          </params>
          <reporter-output>
          </reporter-output>
        </test-method> <!-- runScenario -->
        <test-method signature="runScenario(io.cucumber.testng.PickleWrapper,io.cucumber.testng.FeatureWrapper)[pri:0, instance:com.sqa.psikotes.framework.runner.TestRunner@2767e23c]" started-at="2022-10-07T14:55:46 WIB" name="runScenario" description="Runs Cucumber Scenarios" data-provider="scenarios" finished-at="2022-10-07T14:56:01 WIB" duration-ms="15171" status="PASS">
          <params>
            <param index="0">
              <value>
                <![CDATA["TSAP010001 Admin mengubah satu field pada akun admin"]]>
              </value>
            </param>
            <param index="1">
              <value>
                <![CDATA["TSAP010 Edit data akun admin"]]>
              </value>
            </param>
          </params>
          <reporter-output>
          </reporter-output>
        </test-method> <!-- runScenario -->
        <test-method signature="runScenario(io.cucumber.testng.PickleWrapper,io.cucumber.testng.FeatureWrapper)[pri:0, instance:com.sqa.psikotes.framework.runner.TestRunner@2767e23c]" started-at="2022-10-07T14:56:01 WIB" name="runScenario" description="Runs Cucumber Scenarios" data-provider="scenarios" finished-at="2022-10-07T14:56:24 WIB" duration-ms="22708" status="PASS">
          <params>
            <param index="0">
              <value>
                <![CDATA["TSAP010002 Admin mengubah dua field pada akun admin"]]>
              </value>
            </param>
            <param index="1">
              <value>
                <![CDATA["TSAP010 Edit data akun admin"]]>
              </value>
            </param>
          </params>
          <reporter-output>
          </reporter-output>
        </test-method> <!-- runScenario -->
        <test-method signature="runScenario(io.cucumber.testng.PickleWrapper,io.cucumber.testng.FeatureWrapper)[pri:0, instance:com.sqa.psikotes.framework.runner.TestRunner@2767e23c]" started-at="2022-10-07T14:56:24 WIB" name="runScenario" description="Runs Cucumber Scenarios" data-provider="scenarios" finished-at="2022-10-07T14:56:47 WIB" duration-ms="22768" status="PASS">
          <params>
            <param index="0">
              <value>
                <![CDATA["TSAP010002 Admin mengubah dua field pada akun admin"]]>
              </value>
            </param>
            <param index="1">
              <value>
                <![CDATA["TSAP010 Edit data akun admin"]]>
              </value>
            </param>
          </params>
          <reporter-output>
          </reporter-output>
        </test-method> <!-- runScenario -->
        <test-method signature="runScenario(io.cucumber.testng.PickleWrapper,io.cucumber.testng.FeatureWrapper)[pri:0, instance:com.sqa.psikotes.framework.runner.TestRunner@2767e23c]" started-at="2022-10-07T14:56:47 WIB" name="runScenario" description="Runs Cucumber Scenarios" data-provider="scenarios" finished-at="2022-10-07T14:57:09 WIB" duration-ms="22716" status="PASS">
          <params>
            <param index="0">
              <value>
                <![CDATA["TSAP010002 Admin mengubah dua field pada akun admin"]]>
              </value>
            </param>
            <param index="1">
              <value>
                <![CDATA["TSAP010 Edit data akun admin"]]>
              </value>
            </param>
          </params>
          <reporter-output>
          </reporter-output>
        </test-method> <!-- runScenario -->
        <test-method signature="runScenario(io.cucumber.testng.PickleWrapper,io.cucumber.testng.FeatureWrapper)[pri:0, instance:com.sqa.psikotes.framework.runner.TestRunner@2767e23c]" started-at="2022-10-07T14:57:09 WIB" name="runScenario" description="Runs Cucumber Scenarios" data-provider="scenarios" finished-at="2022-10-07T14:57:32 WIB" duration-ms="22806" status="PASS">
          <params>
            <param index="0">
              <value>
                <![CDATA["TSAP010002 Admin mengubah dua field pada akun admin"]]>
              </value>
            </param>
            <param index="1">
              <value>
                <![CDATA["TSAP010 Edit data akun admin"]]>
              </value>
            </param>
          </params>
          <reporter-output>
          </reporter-output>
        </test-method> <!-- runScenario -->
        <test-method signature="runScenario(io.cucumber.testng.PickleWrapper,io.cucumber.testng.FeatureWrapper)[pri:0, instance:com.sqa.psikotes.framework.runner.TestRunner@2767e23c]" started-at="2022-10-07T14:57:32 WIB" name="runScenario" description="Runs Cucumber Scenarios" data-provider="scenarios" finished-at="2022-10-07T14:57:55 WIB" duration-ms="23003" status="PASS">
          <params>
            <param index="0">
              <value>
                <![CDATA["TSAP010002 Admin mengubah dua field pada akun admin"]]>
              </value>
            </param>
            <param index="1">
              <value>
                <![CDATA["TSAP010 Edit data akun admin"]]>
              </value>
            </param>
          </params>
          <reporter-output>
          </reporter-output>
        </test-method> <!-- runScenario -->
        <test-method signature="runScenario(io.cucumber.testng.PickleWrapper,io.cucumber.testng.FeatureWrapper)[pri:0, instance:com.sqa.psikotes.framework.runner.TestRunner@2767e23c]" started-at="2022-10-07T14:57:55 WIB" name="runScenario" description="Runs Cucumber Scenarios" data-provider="scenarios" finished-at="2022-10-07T14:58:18 WIB" duration-ms="22790" status="PASS">
          <params>
            <param index="0">
              <value>
                <![CDATA["TSAP010002 Admin mengubah dua field pada akun admin"]]>
              </value>
            </param>
            <param index="1">
              <value>
                <![CDATA["TSAP010 Edit data akun admin"]]>
              </value>
            </param>
          </params>
          <reporter-output>
          </reporter-output>
        </test-method> <!-- runScenario -->
        <test-method signature="runScenario(io.cucumber.testng.PickleWrapper,io.cucumber.testng.FeatureWrapper)[pri:0, instance:com.sqa.psikotes.framework.runner.TestRunner@2767e23c]" started-at="2022-10-07T14:58:18 WIB" name="runScenario" description="Runs Cucumber Scenarios" data-provider="scenarios" finished-at="2022-10-07T14:58:49 WIB" duration-ms="30579" status="PASS">
          <params>
            <param index="0">
              <value>
                <![CDATA["TSAP010003 Admin mengubah tiga field pada akun admin"]]>
              </value>
            </param>
            <param index="1">
              <value>
                <![CDATA["TSAP010 Edit data akun admin"]]>
              </value>
            </param>
          </params>
          <reporter-output>
          </reporter-output>
        </test-method> <!-- runScenario -->
        <test-method signature="runScenario(io.cucumber.testng.PickleWrapper,io.cucumber.testng.FeatureWrapper)[pri:0, instance:com.sqa.psikotes.framework.runner.TestRunner@2767e23c]" started-at="2022-10-07T14:58:49 WIB" name="runScenario" description="Runs Cucumber Scenarios" data-provider="scenarios" finished-at="2022-10-07T14:59:19 WIB" duration-ms="30547" status="PASS">
          <params>
            <param index="0">
              <value>
                <![CDATA["TSAP010003 Admin mengubah tiga field pada akun admin"]]>
              </value>
            </param>
            <param index="1">
              <value>
                <![CDATA["TSAP010 Edit data akun admin"]]>
              </value>
            </param>
          </params>
          <reporter-output>
          </reporter-output>
        </test-method> <!-- runScenario -->
        <test-method signature="runScenario(io.cucumber.testng.PickleWrapper,io.cucumber.testng.FeatureWrapper)[pri:0, instance:com.sqa.psikotes.framework.runner.TestRunner@2767e23c]" started-at="2022-10-07T14:59:19 WIB" name="runScenario" description="Runs Cucumber Scenarios" data-provider="scenarios" finished-at="2022-10-07T14:59:49 WIB" duration-ms="30259" status="PASS">
          <params>
            <param index="0">
              <value>
                <![CDATA["TSAP010003 Admin mengubah tiga field pada akun admin"]]>
              </value>
            </param>
            <param index="1">
              <value>
                <![CDATA["TSAP010 Edit data akun admin"]]>
              </value>
            </param>
          </params>
          <reporter-output>
          </reporter-output>
        </test-method> <!-- runScenario -->
[...]
at com.sqa.psikotes.framework.runner.TestAPHapusDataAdmin.tsap012002_admin_klik_tombol_hapus_data(TestAPHapusDataAdmin.java:62)
at ✽.TSAP012002 Admin klik tombol hapus data(file:///C:/Users/NEXSOFT/git/TARunanto/TARunanto/src/main/resources/features/091APHapusDataAdmin.feature:15)
]]>
            </full-stacktrace>
          </exception> <!-- org.openqa.selenium.NoSuchElementException -->
          <reporter-output>
          </reporter-output>
        </test-method> <!-- runScenario -->
        <test-method signature="runScenario(io.cucumber.testng.PickleWrapper,io.cucumber.testng.FeatureWrapper)[pri:0, instance:com.sqa.psikotes.framework.runner.TestRunner@2767e23c]" started-at="2022-10-07T15:04:55 WIB" name="runScenario" description="Runs Cucumber Scenarios" data-provider="scenarios" finished-at="2022-10-07T15:05:04 WIB" duration-ms="9018" status="PASS">
          <params>
            <param index="0">
              <value>
                <![CDATA["TSAPN013001 Admin mencari data dengan tombol search"]]>
              </value>
            </param>
            <param index="1">
              <value>
                <![CDATA["TSAPN013 Admin Search Data Invalid"]]>
              </value>
            </param>
          </params>
          <reporter-output>
          </reporter-output>
        </test-method> <!-- runScenario -->
        <test-method signature="runScenario(io.cucumber.testng.PickleWrapper,io.cucumber.testng.FeatureWrapper)[pri:0, instance:com.sqa.psikotes.framework.runner.TestRunner@2767e23c]" started-at="2022-10-07T15:05:04 WIB" name="runScenario" description="Runs Cucumber Scenarios" data-provider="scenarios" finished-at="2022-10-07T15:05:13 WIB" duration-ms="8927" status="PASS">
          <params>
            <param index="0">
              <value>
                <![CDATA["TSAPN013001 Admin mencari data dengan tombol search"]]>
              </value>
            </param>
            <param index="1">
              <value>
                <![CDATA["TSAPN013 Admin Search Data Invalid"]]>
              </value>
            </param>
          </params>
          <reporter-output>
          </reporter-output>
        </test-method> <!-- runScenario -->
        <test-method signature="runScenario(io.cucumber.testng.PickleWrapper,io.cucumber.testng.FeatureWrapper)[pri:0, instance:com.sqa.psikotes.framework.runner.TestRunner@2767e23c]" started-at="2022-10-07T15:05:13 WIB" name="runScenario" description="Runs Cucumber Scenarios" data-provider="scenarios" finished-at="2022-10-07T15:05:21 WIB" duration-ms="8848" status="PASS">
          <params>
            <param index="0">
              <value>
                <![CDATA["TSAPN013002 Admin mencari data dengan  tombol enter (green button)"]]>
              </value>
            </param>
            <param index="1">
              <value>
                <![CDATA["TSAPN013 Admin Search Data Invalid"]]>
              </value>
            </param>
          </params>
          <reporter-output>
          </reporter-output>
        </test-method> <!-- runScenario -->
        <test-method signature="runScenario(io.cucumber.testng.PickleWrapper,io.cucumber.testng.FeatureWrapper)[pri:0, instance:com.sqa.psikotes.framework.runner.TestRunner@2767e23c]" started-at="2022-10-07T15:05:21 WIB" name="runScenario" description="Runs Cucumber Scenarios" data-provider="scenarios" finished-at="2022-10-07T15:05:30 WIB" duration-ms="8733" status="PASS">
          <params>
            <param index="0">
              <value>
                <![CDATA["TSAPN013002 Admin mencari data dengan  tombol enter (green button)"]]>
              </value>
            </param>
            <param index="1">
              <value>
                <![CDATA["TSAPN013 Admin Search Data Invalid"]]>
              </value>
            </param>
          </params>
          <reporter-output>
          </reporter-output>
        </test-method> <!-- runScenario -->
        <test-method signature="runScenario(io.cucumber.testng.PickleWrapper,io.cucumber.testng.FeatureWrapper)[pri:0, instance:com.sqa.psikotes.framework.runner.TestRunner@2767e23c]" started-at="2022-10-07T15:05:30 WIB" name="runScenario" description="Runs Cucumber Scenarios" data-provider="scenarios" finished-at="2022-10-07T15:05:39 WIB" duration-ms="8715" status="PASS">
          <params>
            <param index="0">
              <value>
                <![CDATA["TSAPN013003 Admin mencari data dengan tombol enter pada keyboard"]]>
              </value>
            </param>
            <param index="1">
              <value>
                <![CDATA["TSAPN013 Admin Search Data Invalid"]]>
              </value>
            </param>
          </params>
          <reporter-output>
          </reporter-output>
        </test-method> <!-- runScenario -->
        <test-method signature="runScenario(io.cucumber.testng.PickleWrapper,io.cucumber.testng.FeatureWrapper)[pri:0, instance:com.sqa.psikotes.framework.runner.TestRunner@2767e23c]" started-at="2022-10-07T15:05:39 WIB" name="runScenario" description="Runs Cucumber Scenarios" data-provider="scenarios" finished-at="2022-10-07T15:05:48 WIB" duration-ms="8744" status="PASS">
          <params>
            <param index="0">
              <value>
                <![CDATA["TSAPN013003 Admin mencari data dengan tombol enter pada keyboard"]]>
              </value>
            </param>
            <param index="1">
              <value>
                <![CDATA["TSAPN013 Admin Search Data Invalid"]]>
              </value>
            </param>
          </params>
          <reporter-output>
          </reporter-output>
        </test-method> <!-- runScenario -->
        <test-method signature="runScenario(io.cucumber.testng.PickleWrapper,io.cucumber.testng.FeatureWrapper)[pri:0, instance:com.sqa.psikotes.framework.runner.TestRunner@2767e23c]" started-at="2022-10-07T15:05:48 WIB" name="runScenario" description="Runs Cucumber Scenarios" data-provider="scenarios" finished-at="2022-10-07T15:06:07 WIB" duration-ms="19395" status="PASS">
          <params>
            <param index="0">
              <value>
                <![CDATA[""]]>
              </value>
            </param>
            <param index="1">
              <value>
                <![CDATA["TSAPN014 Admin tambah data invalid"]]>
              </value>
            </param>
          </params>
          <reporter-output>
          </reporter-output>
        </test-method> <!-- runScenario -->
        <test-method signature="runScenario(io.cucumber.testng.PickleWrapper,io.cucumber.testng.FeatureWrapper)[pri:0, instance:com.sqa.psikotes.framework.runner.TestRunner@2767e23c]" started-at="2022-10-07T15:06:07 WIB" name="runScenario" description="Runs Cucumber Scenarios" data-provider="scenarios" finished-at="2022-10-07T15:06:27 WIB" duration-ms="19417" status="PASS">
          <params>
            <param index="0">
              <value>
                <![CDATA[""]]>
              </value>
            </param>
            <param index="1">
              <value>
                <![CDATA["TSAPN014 Admin tambah data invalid"]]>
              </value>
            </param>
          </params>
          <reporter-output>
          </reporter-output>
        </test-method> <!-- runScenario -->
        <test-method signature="runScenario(io.cucumber.testng.PickleWrapper,io.cucumber.testng.FeatureWrapper)[pri:0, instance:com.sqa.psikotes.framework.runner.TestRunner@2767e23c]" started-at="2022-10-07T15:06:27 WIB" name="runScenario" description="Runs Cucumber Scenarios" data-provider="scenarios" finished-at="2022-10-07T15:06:46 WIB" duration-ms="19323" status="PASS">
          <params>
            <param index="0">
              <value>
                <![CDATA[""]]>
              </value>
            </param>
            <param index="1">
              <value>
                <![CDATA["TSAPN014 Admin tambah data invalid"]]>
              </value>
            </param>
          </params>
          <reporter-output>
          </reporter-output>
        </test-method> <!-- runScenario -->
        <test-method signature="runScenario(io.cucumber.testng.PickleWrapper,io.cucumber.testng.FeatureWrapper)[pri:0, instance:com.sqa.psikotes.framework.runner.TestRunner@2767e23c]" started-at="2022-10-07T15:06:46 WIB" name="runScenario" description="Runs Cucumber Scenarios" data-provider="scenarios" finished-at="2022-10-07T15:07:05 WIB" duration-ms="19378" status="PASS">
          <params>
            <param index="0">
              <value>
                <![CDATA[""]]>
              </value>
            </param>
            <param index="1">
              <value>
                <![CDATA["TSAPN014 Admin tambah data invalid"]]>
              </value>
            </param>
          </params>
          <reporter-output>
          </reporter-output>
        </test-method> <!-- runScenario -->
        <test-method signature="runScenario(io.cucumber.testng.PickleWrapper,io.cucumber.testng.FeatureWrapper)[pri:0, instance:com.sqa.psikotes.framework.runner.TestRunner@2767e23c]" started-at="2022-10-07T15:07:05 WIB" name="runScenario" description="Runs Cucumber Scenarios" data-provider="scenarios" finished-at="2022-10-07T15:07:25 WIB" duration-ms="19714" status="PASS">
          <params>
            <param index="0">
              <value>
                <![CDATA[""]]>
              </value>
            </param>
            <param index="1">
              <value>
                <![CDATA["TSAPN014 Admin tambah data invalid"]]>
              </value>
            </param>
          </params>
          <reporter-output>
          </reporter-output>
        </test-method> <!-- runScenario -->
        <test-method signature="runScenario(io.cucumber.testng.PickleWrapper,io.cucumber.testng.FeatureWrapper)[pri:0, instance:com.sqa.psikotes.framework.runner.TestRunner@2767e23c]" started-at="2022-10-07T15:07:25 WIB" name="runScenario" description="Runs Cucumber Scenarios" data-provider="scenarios" finished-at="2022-10-07T15:07:45 WIB" duration-ms="19613" status="PASS">
          <params>
            <param index="0">
              <value>
                <![CDATA[""]]>
              </value>
            </param>
            <param index="1">
              <value>
                <![CDATA["TSAPN014 Admin tambah data invalid"]]>
              </value>
            </param>
          </params>
          <reporter-output>
          </reporter-output>
        </test-method> <!-- runScenario -->
        <test-method signature="runScenario(io.cucumber.testng.PickleWrapper,io.cucumber.testng.FeatureWrapper)[pri:0, instance:com.sqa.psikotes.framework.runner.TestRunner@2767e23c]" started-at="2022-10-07T15:07:45 WIB" name="runScenario" description="Runs Cucumber Scenarios" data-provider="scenarios" finished-at="2022-10-07T15:08:04 WIB" duration-ms="19591" status="PASS">
          <params>
            <param index="0">
              <value>
                <![CDATA[""]]>
              </value>
            </param>
            <param index="1">
              <value>
                <![CDATA["TSAPN014 Admin tambah data invalid"]]>
              </value>
            </param>
          </params>
          <reporter-output>
          </reporter-output>
        </test-method> <!-- runScenario -->
        <test-method signature="runScenario(io.cucumber.testng.PickleWrapper,io.cucumber.testng.FeatureWrapper)[pri:0, instance:com.sqa.psikotes.framework.runner.TestRunner@2767e23c]" started-at="2022-10-07T15:08:04 WIB" name="runScenario" description="Runs Cucumber Scenarios" data-provider="scenarios" finished-at="2022-10-07T15:08:24 WIB" duration-ms="19528" status="PASS">
          <params>
            <param index="0">
              <value>
                <![CDATA[""]]>
              </value>
            </param>
            <param index="1">
              <value>
                <![CDATA["TSAPN014 Admin tambah data invalid"]]>
              </value>
            </param>
          </params>
          <reporter-output>
          </reporter-output>
        </test-method> <!-- runScenario -->
        <test-method signature="runScenario(io.cucumber.testng.PickleWrapper,io.cucumber.testng.FeatureWrapper)[pri:0, instance:com.sqa.psikotes.framework.runner.TestRunner@2767e23c]" started-at="2022-10-07T15:08:24 WIB" name="runScenario" description="Runs Cucumber Scenarios" data-provider="scenarios" finished-at="2022-10-07T15:08:43 WIB" duration-ms="19610" status="PASS">
          <params>
            <param index="0">
              <value>
                <![CDATA[""]]>
              </value>
            </param>
            <param index="1">
              <value>
                <![CDATA["TSAPN014 Admin tambah data invalid"]]>
              </value>
            </param>
          </params>
          <reporter-output>
          </reporter-output>
        </test-method> <!-- runScenario -->
        <test-method signature="runScenario(io.cucumber.testng.PickleWrapper,io.cucumber.testng.FeatureWrapper)[pri:0, instance:com.sqa.psikotes.framework.runner.TestRunner@2767e23c]" started-at="2022-10-07T15:08:43 WIB" name="runScenario" description="Runs Cucumber Scenarios" data-provider="scenarios" finished-at="2022-10-07T15:09:03 WIB" duration-ms="19623" status="PASS">
          <params>
            <param index="0">
              <value>
                <![CDATA[""]]>
              </value>
            </param>
            <param index="1">
              <value>
                <![CDATA["TSAPN014 Admin tambah data invalid"]]>
              </value>
            </param>
          </params>
          <reporter-output>
          </reporter-output>
        </test-method> <!-- runScenario -->
        <test-method signature="runScenario(io.cucumber.testng.PickleWrapper,io.cucumber.testng.FeatureWrapper)[pri:0, instance:com.sqa.psikotes.framework.runner.TestRunner@2767e23c]" started-at="2022-10-07T15:09:03 WIB" name="runScenario" description="Runs Cucumber Scenarios" data-provider="scenarios" finished-at="2022-10-07T15:09:22 WIB" duration-ms="19552" status="PASS">
          <params>
            <param index="0">
              <value>
                <![CDATA[""]]>
              </value>
            </param>
            <param index="1">
              <value>
                <![CDATA["TSAPN014 Admin tambah data invalid"]]>
              </value>
            </param>
          </params>
          <reporter-output>
          </reporter-output>
        </test-method> <!-- runScenario -->
        <test-method signature="runScenario(io.cucumber.testng.PickleWrapper,io.cucumber.testng.FeatureWrapper)[pri:0, instance:com.sqa.psikotes.framework.runner.TestRunner@2767e23c]" started-at="2022-10-07T15:09:22 WIB" name="runScenario" description="Runs Cucumber Scenarios" data-provider="scenarios" finished-at="2022-10-07T15:09:42 WIB" duration-ms="19563" status="PASS">
          <params>
            <param index="0">
              <value>
                <![CDATA[""]]>
              </value>
            </param>
            <param index="1">
              <value>
                <![CDATA["TSAPN014 Admin tambah data invalid"]]>
              </value>
            </param>
          </params>
          <reporter-output>
          </reporter-output>
        </test-method> <!-- runScenario -->
        <test-method signature="runScenario(io.cucumber.testng.PickleWrapper,io.cucumber.testng.FeatureWrapper)[pri:0, instance:com.sqa.psikotes.framework.runner.TestRunner@2767e23c]" started-at="2022-10-07T15:09:42 WIB" name="runScenario" description="Runs Cucumber Scenarios" data-provider="scenarios" finished-at="2022-10-07T15:10:02 WIB" duration-ms="19501" status="PASS">
          <params>
            <param index="0">
              <value>
                <![CDATA[""]]>
              </value>
            </param>
            <param index="1">
              <value>
                <![CDATA["TSAPN014 Admin tambah data invalid"]]>
              </value>
            </param>
          </params>
          <reporter-output>
          </reporter-output>
        </test-method> <!-- runScenario -->
        <test-method signature="runScenario(io.cucumber.testng.PickleWrapper,io.cucumber.testng.FeatureWrapper)[pri:0, instance:com.sqa.psikotes.framework.runner.TestRunner@2767e23c]" started-at="2022-10-07T15:10:02 WIB" name="runScenario" description="Runs Cucumber Scenarios" data-provider="scenarios" finished-at="2022-10-07T15:10:21 WIB" duration-ms="19484" status="PASS">
          <params>
            <param index="0">
              <value>
                <![CDATA[""]]>
              </value>
            </param>
            <param index="1">
              <value>
                <![CDATA["TSAPN014 Admin tambah data invalid"]]>
              </value>
            </param>
          </params>
          <reporter-output>
          </reporter-output>
        </test-method> <!-- runScenario -->
        <test-method signature="runScenario(io.cucumber.testng.PickleWrapper,io.cucumber.testng.FeatureWrapper)[pri:0, instance:com.sqa.psikotes.framework.runner.TestRunner@2767e23c]" started-at="2022-10-07T15:10:21 WIB" name="runScenario" description="Runs Cucumber Scenarios" data-provider="scenarios" finished-at="2022-10-07T15:10:27 WIB" duration-ms="5733" status="PASS">
          <params>
            <param index="0">
              <value>
                <![CDATA["TSLO002001N Admin membatalkan logout dari website"]]>
              </value>
            </param>
            <param index="1">
              <value>
                <![CDATA["TSLO002 Admin Logout"]]>
              </value>
            </param>
          </params>
          <reporter-output>
          </reporter-output>
        </test-method> <!-- runScenario -->
        <test-method signature="runScenario(io.cucumber.testng.PickleWrapper,io.cucumber.testng.FeatureWrapper)[pri:0, instance:com.sqa.psikotes.framework.runner.TestRunner@2767e23c]" started-at="2022-10-07T15:10:27 WIB" name="runScenario" description="Runs Cucumber Scenarios" data-provider="scenarios" finished-at="2022-10-07T15:10:32 WIB" duration-ms="5510" status="PASS">
          <params>
            <param index="0">
              <value>
                <![CDATA["TSLO002002N Admin membatalkan logout dari website"]]>
              </value>
            </param>
            <param index="1">
              <value>
                <![CDATA["TSLO002 Admin Logout"]]>
              </value>
            </param>
          </params>
          <reporter-output>
          </reporter-output>
        </test-method> <!-- runScenario -->
        <test-method signature="runScenario(io.cucumber.testng.PickleWrapper,io.cucumber.testng.FeatureWrapper)[pri:0, instance:com.sqa.psikotes.framework.runner.TestRunner@2767e23c]" started-at="2022-10-07T15:10:32 WIB" name="runScenario" description="Runs Cucumber Scenarios" data-provider="scenarios" finished-at="2022-10-07T15:10:38 WIB" duration-ms="5664" status="PASS">
          <params>
            <param index="0">
              <value>
                <![CDATA["TSLO002002 Admin berhasil logout dari website"]]>
              </value>
            </param>
            <param index="1">
              <value>
                <![CDATA["TSLO002 Admin Logout"]]>
              </value>
            </param>
          </params>
          <reporter-output>
          </reporter-output>
        </test-method> <!-- runScenario -->
        <test-method is-config="true" signature="tearDownClass()[pri:0, instance:com.sqa.psikotes.framework.runner.TestRunner@2767e23c]" started-at="2022-10-07T15:10:38 WIB" name="tearDownClass" finished-at="2022-10-07T15:10:39 WIB" duration-ms="601" status="PASS">
          <reporter-output>
          </reporter-output>
        </test-method> <!-- tearDownClass -->
      </class> <!-- com.sqa.psikotes.framework.runner.TestRunner -->
    </test> <!-- Default test -->
  </suite> <!-- Default suite -->
</testng-results>
