<?xml version="1.0" encoding="UTF-8"?>
<testng-results ignored="0" total="60" passed="58" failed="2" skipped="0">
  <reporter-output>
  </reporter-output>
  <suite started-at="2022-10-06T05:59:19 WIB" name="Default suite" finished-at="2022-10-06T06:29:08 WIB" duration-ms="1788956">
    <groups>
      <group name="cucumber">
        <method signature="AbstractTestNGCucumberTests.runScenario(io.cucumber.testng.PickleWrapper,io.cucumber.testng.FeatureWrapper)[pri:0, instance:com.sqa.psikotes.framework.runner.TestRunner@2767e23c]" name="runScenario" class="io.cucumber.testng.AbstractTestNGCucumberTests"/>
      </group> <!-- cucumber -->
    </groups>
    <test started-at="2022-10-06T05:59:19 WIB" name="Default test" finished-at="2022-10-06T06:29:08 WIB" duration-ms="1788956">
      <class name="com.sqa.psikotes.framework.runner.TestRunner">
        <test-method is-config="true" signature="setUpClass(org.testng.ITestContext)[pri:0, instance:com.sqa.psikotes.framework.runner.TestRunner@2767e23c]" started-at="2022-10-06T05:59:19 WIB" name="setUpClass" finished-at="2022-10-06T05:59:20 WIB" duration-ms="816" status="PASS">
          <params>
            <param index="0">
              <value>
                <![CDATA[org.testng.TestRunner@3468198d]]>
              </value>
            </param>
          </params>
          <reporter-output>
          </reporter-output>
        </test-method> <!-- setUpClass -->
        <test-method signature="runScenario(io.cucumber.testng.PickleWrapper,io.cucumber.testng.FeatureWrapper)[pri:0, instance:com.sqa.psikotes.framework.runner.TestRunner@2767e23c]" started-at="2022-10-06T05:59:20 WIB" name="runScenario" description="Runs Cucumber Scenarios" data-provider="scenarios" finished-at="2022-10-06T05:59:32 WIB" duration-ms="11687" status="PASS">
          <params>
            <param index="0">
              <value>
                <![CDATA["TSLP001001 Admin login valid dan menekan tombol sign in"]]>
              </value>
            </param>
            <param index="1">
              <value>
                <![CDATA["TSLP001 Admin login valid ke web"]]>
              </value>
            </param>
          </params>
          <reporter-output>
          </reporter-output>
        </test-method> <!-- runScenario -->
        <test-method signature="runScenario(io.cucumber.testng.PickleWrapper,io.cucumber.testng.FeatureWrapper)[pri:0, instance:com.sqa.psikotes.framework.runner.TestRunner@2767e23c]" started-at="2022-10-06T05:59:32 WIB" name="runScenario" description="Runs Cucumber Scenarios" data-provider="scenarios" finished-at="2022-10-06T05:59:39 WIB" duration-ms="7089" status="PASS">
          <params>
            <param index="0">
              <value>
                <![CDATA["TSLP001N002 Admin login valid dan menekan tombol enter (green button) username"]]>
              </value>
            </param>
            <param index="1">
              <value>
                <![CDATA["TSLP001 Admin login valid ke web"]]>
              </value>
            </param>
          </params>
          <reporter-output>
          </reporter-output>
        </test-method> <!-- runScenario -->
        <test-method signature="runScenario(io.cucumber.testng.PickleWrapper,io.cucumber.testng.FeatureWrapper)[pri:0, instance:com.sqa.psikotes.framework.runner.TestRunner@2767e23c]" started-at="2022-10-06T05:59:39 WIB" name="runScenario" description="Runs Cucumber Scenarios" data-provider="scenarios" finished-at="2022-10-06T05:59:45 WIB" duration-ms="6824" status="PASS">
          <params>
            <param index="0">
              <value>
                <![CDATA["TSLP001N003 Admin login valid dan menekan tombol enter (green button) password"]]>
              </value>
            </param>
            <param index="1">
              <value>
                <![CDATA["TSLP001 Admin login valid ke web"]]>
              </value>
            </param>
          </params>
          <reporter-output>
          </reporter-output>
        </test-method> <!-- runScenario -->
        <test-method signature="runScenario(io.cucumber.testng.PickleWrapper,io.cucumber.testng.FeatureWrapper)[pri:0, instance:com.sqa.psikotes.framework.runner.TestRunner@2767e23c]" started-at="2022-10-06T05:59:45 WIB" name="runScenario" description="Runs Cucumber Scenarios" data-provider="scenarios" finished-at="2022-10-06T05:59:52 WIB" duration-ms="6539" status="PASS">
          <params>
            <param index="0">
              <value>
                <![CDATA["TSLP001004 Admin login valid dan menekan enter keyboard"]]>
              </value>
            </param>
            <param index="1">
              <value>
                <![CDATA["TSLP001 Admin login valid ke web"]]>
              </value>
            </param>
          </params>
          <reporter-output>
          </reporter-output>
        </test-method> <!-- runScenario -->
        <test-method signature="runScenario(io.cucumber.testng.PickleWrapper,io.cucumber.testng.FeatureWrapper)[pri:0, instance:com.sqa.psikotes.framework.runner.TestRunner@2767e23c]" started-at="2022-10-06T05:59:52 WIB" name="runScenario" description="Runs Cucumber Scenarios" data-provider="scenarios" finished-at="2022-10-06T05:59:58 WIB" duration-ms="5523" status="PASS">
          <params>
            <param index="0">
              <value>
                <![CDATA["TSAP001001 Admin masuk ke halaman admin"]]>
              </value>
            </param>
            <param index="1">
              <value>
                <![CDATA["TSAP001 Masuk halaman admin"]]>
              </value>
            </param>
          </params>
          <reporter-output>
          </reporter-output>
        </test-method> <!-- runScenario -->
        <test-method signature="runScenario(io.cucumber.testng.PickleWrapper,io.cucumber.testng.FeatureWrapper)[pri:0, instance:com.sqa.psikotes.framework.runner.TestRunner@2767e23c]" started-at="2022-10-06T05:59:58 WIB" name="runScenario" description="Runs Cucumber Scenarios" data-provider="scenarios" finished-at="2022-10-06T06:00:14 WIB" duration-ms="16158" status="PASS">
          <params>
            <param index="0">
              <value>
                <![CDATA["TSMP018001 Admin edit dua field data modul"]]>
              </value>
            </param>
            <param index="1">
              <value>
                <![CDATA["TSMP018 Admin Edit Data Modul"]]>
              </value>
            </param>
          </params>
          <reporter-output>
          </reporter-output>
        </test-method> <!-- runScenario -->
        <test-method signature="runScenario(io.cucumber.testng.PickleWrapper,io.cucumber.testng.FeatureWrapper)[pri:0, instance:com.sqa.psikotes.framework.runner.TestRunner@2767e23c]" started-at="2022-10-06T06:00:14 WIB" name="runScenario" description="Runs Cucumber Scenarios" data-provider="scenarios" finished-at="2022-10-06T06:00:32 WIB" duration-ms="18180" status="PASS">
          <params>
            <param index="0">
              <value>
                <![CDATA["TSMP018001 Admin edit dua field data modul"]]>
              </value>
            </param>
            <param index="1">
              <value>
                <![CDATA["TSMP018 Admin Edit Data Modul"]]>
              </value>
            </param>
          </params>
          <reporter-output>
          </reporter-output>
        </test-method> <!-- runScenario -->
        <test-method signature="runScenario(io.cucumber.testng.PickleWrapper,io.cucumber.testng.FeatureWrapper)[pri:0, instance:com.sqa.psikotes.framework.runner.TestRunner@2767e23c]" started-at="2022-10-06T06:00:32 WIB" name="runScenario" description="Runs Cucumber Scenarios" data-provider="scenarios" finished-at="2022-10-06T06:00:49 WIB" duration-ms="17075" status="PASS">
          <params>
            <param index="0">
              <value>
                <![CDATA["TSMP018001 Admin edit dua field data modul"]]>
              </value>
            </param>
            <param index="1">
              <value>
                <![CDATA["TSMP018 Admin Edit Data Modul"]]>
              </value>
            </param>
          </params>
          <reporter-output>
          </reporter-output>
        </test-method> <!-- runScenario -->
        <test-method signature="runScenario(io.cucumber.testng.PickleWrapper,io.cucumber.testng.FeatureWrapper)[pri:0, instance:com.sqa.psikotes.framework.runner.TestRunner@2767e23c]" started-at="2022-10-06T06:00:49 WIB" name="runScenario" description="Runs Cucumber Scenarios" data-provider="scenarios" finished-at="2022-10-06T06:01:34 WIB" duration-ms="45205" status="PASS">
          <params>
            <param index="0">
              <value>
                <![CDATA["TSMP018001 Admin edit dua field data modul"]]>
              </value>
            </param>
            <param index="1">
              <value>
                <![CDATA["TSMP018 Admin Edit Data Modul"]]>
              </value>
            </param>
          </params>
          <reporter-output>
          </reporter-output>
        </test-method> <!-- runScenario -->
        <test-method signature="runScenario(io.cucumber.testng.PickleWrapper,io.cucumber.testng.FeatureWrapper)[pri:0, instance:com.sqa.psikotes.framework.runner.TestRunner@2767e23c]" started-at="2022-10-06T06:01:34 WIB" name="runScenario" description="Runs Cucumber Scenarios" data-provider="scenarios" finished-at="2022-10-06T06:01:51 WIB" duration-ms="17152" status="PASS">
          <params>
            <param index="0">
              <value>
                <![CDATA["TSMP018001 Admin edit dua field data modul"]]>
              </value>
            </param>
            <param index="1">
              <value>
                <![CDATA["TSMP018 Admin Edit Data Modul"]]>
              </value>
            </param>
          </params>
          <reporter-output>
          </reporter-output>
        </test-method> <!-- runScenario -->
        <test-method signature="runScenario(io.cucumber.testng.PickleWrapper,io.cucumber.testng.FeatureWrapper)[pri:0, instance:com.sqa.psikotes.framework.runner.TestRunner@2767e23c]" started-at="2022-10-06T06:01:51 WIB" name="runScenario" description="Runs Cucumber Scenarios" data-provider="scenarios" finished-at="2022-10-06T06:02:07 WIB" duration-ms="16053" status="PASS">
          <params>
            <param index="0">
              <value>
                <![CDATA["TSMP018001 Admin edit dua field data modul"]]>
              </value>
            </param>
            <param index="1">
              <value>
                <![CDATA["TSMP018 Admin Edit Data Modul"]]>
              </value>
            </param>
          </params>
          <reporter-output>
          </reporter-output>
        </test-method> <!-- runScenario -->
        <test-method signature="runScenario(io.cucumber.testng.PickleWrapper,io.cucumber.testng.FeatureWrapper)[pri:0, instance:com.sqa.psikotes.framework.runner.TestRunner@2767e23c]" started-at="2022-10-06T06:02:07 WIB" name="runScenario" description="Runs Cucumber Scenarios" data-provider="scenarios" finished-at="2022-10-06T06:02:22 WIB" duration-ms="14857" status="PASS">
          <params>
            <param index="0">
              <value>
                <![CDATA["TSMP018001 Admin edit dua field data modul"]]>
              </value>
            </param>
            <param index="1">
              <value>
                <![CDATA["TSMP018 Admin Edit Data Modul"]]>
              </value>
            </param>
          </params>
          <reporter-output>
          </reporter-output>
        </test-method> <!-- runScenario -->
        <test-method signature="runScenario(io.cucumber.testng.PickleWrapper,io.cucumber.testng.FeatureWrapper)[pri:0, instance:com.sqa.psikotes.framework.runner.TestRunner@2767e23c]" started-at="2022-10-06T06:02:22 WIB" name="runScenario" description="Runs Cucumber Scenarios" data-provider="scenarios" finished-at="2022-10-06T06:02:38 WIB" duration-ms="15807" status="PASS">
          <params>
            <param index="0">
              <value>
                <![CDATA["TSMP018001 Admin edit dua field data modul"]]>
              </value>
            </param>
            <param index="1">
              <value>
                <![CDATA["TSMP018 Admin Edit Data Modul"]]>
              </value>
            </param>
          </params>
          <reporter-output>
          </reporter-output>
        </test-method> <!-- runScenario -->
        <test-method signature="runScenario(io.cucumber.testng.PickleWrapper,io.cucumber.testng.FeatureWrapper)[pri:0, instance:com.sqa.psikotes.framework.runner.TestRunner@2767e23c]" started-at="2022-10-06T06:02:38 WIB" name="runScenario" description="Runs Cucumber Scenarios" data-provider="scenarios" finished-at="2022-10-06T06:02:53 WIB" duration-ms="15049" status="PASS">
          <params>
            <param index="0">
              <value>
                <![CDATA["TSMP018001 Admin edit dua field data modul"]]>
              </value>
            </param>
            <param index="1">
              <value>
                <![CDATA["TSMP018 Admin Edit Data Modul"]]>
              </value>
            </param>
          </params>
          <reporter-output>
          </reporter-output>
        </test-method> <!-- runScenario -->
        <test-method signature="runScenario(io.cucumber.testng.PickleWrapper,io.cucumber.testng.FeatureWrapper)[pri:0, instance:com.sqa.psikotes.framework.runner.TestRunner@2767e23c]" started-at="2022-10-06T06:02:53 WIB" name="runScenario" description="Runs Cucumber Scenarios" data-provider="scenarios" finished-at="2022-10-06T06:03:36 WIB" duration-ms="43162" status="PASS">
          <params>
            <param index="0">
              <value>
                <![CDATA["TSMP018001 Admin edit dua field data modul"]]>
              </value>
            </param>
            <param index="1">
              <value>
                <![CDATA["TSMP018 Admin Edit Data Modul"]]>
              </value>
            </param>
          </params>
          <reporter-output>
          </reporter-output>
        </test-method> <!-- runScenario -->
        <test-method signature="runScenario(io.cucumber.testng.PickleWrapper,io.cucumber.testng.FeatureWrapper)[pri:0, instance:com.sqa.psikotes.framework.runner.TestRunner@2767e23c]" started-at="2022-10-06T06:03:36 WIB" name="runScenario" description="Runs Cucumber Scenarios" data-provider="scenarios" finished-at="2022-10-06T06:03:51 WIB" duration-ms="15265" status="PASS">
          <params>
            <param index="0">
              <value>
                <![CDATA["TSMP018001 Admin edit dua field data modul"]]>
              </value>
            </param>
            <param index="1">
              <value>
                <![CDATA["TSMP018 Admin Edit Data Modul"]]>
              </value>
            </param>
          </params>
          <reporter-output>
          </reporter-output>
        </test-method> <!-- runScenario -->
        <test-method signature="runScenario(io.cucumber.testng.PickleWrapper,io.cucumber.testng.FeatureWrapper)[pri:0, instance:com.sqa.psikotes.framework.runner.TestRunner@2767e23c]" started-at="2022-10-06T06:03:51 WIB" name="runScenario" description="Runs Cucumber Scenarios" data-provider="scenarios" finished-at="2022-10-06T06:04:06 WIB" duration-ms="14163" status="PASS">
          <params>
            <param index="0">
              <value>
                <![CDATA["TSMP018001 Admin edit dua field data modul"]]>
              </value>
            </param>
            <param index="1">
              <value>
                <![CDATA["TSMP018 Admin Edit Data Modul"]]>
              </value>
            </param>
          </params>
          <reporter-output>
          </reporter-output>
        </test-method> <!-- runScenario -->
        <test-method signature="runScenario(io.cucumber.testng.PickleWrapper,io.cucumber.testng.FeatureWrapper)[pri:0, instance:com.sqa.psikotes.framework.runner.TestRunner@2767e23c]" started-at="2022-10-06T06:04:06 WIB" name="runScenario" description="Runs Cucumber Scenarios" data-provider="scenarios" finished-at="2022-10-06T06:04:22 WIB" duration-ms="16106" status="PASS">
          <params>
            <param index="0">
              <value>
                <![CDATA["TSMP018001 Admin edit dua field data modul"]]>
              </value>
            </param>
            <param index="1">
              <value>
                <![CDATA["TSMP018 Admin Edit Data Modul"]]>
              </value>
            </param>
          </params>
          <reporter-output>
          </reporter-output>
        </test-method> <!-- runScenario -->
        <test-method signature="runScenario(io.cucumber.testng.PickleWrapper,io.cucumber.testng.FeatureWrapper)[pri:0, instance:com.sqa.psikotes.framework.runner.TestRunner@2767e23c]" started-at="2022-10-06T06:04:22 WIB" name="runScenario" description="Runs Cucumber Scenarios" data-provider="scenarios" finished-at="2022-10-06T06:05:06 WIB" duration-ms="44700" status="PASS">
          <params>
            <param index="0">
              <value>
                <![CDATA["TSMP018001 Admin edit dua field data modul"]]>
              </value>
            </param>
            <param index="1">
              <value>
                <![CDATA["TSMP018 Admin Edit Data Modul"]]>
              </value>
            </param>
          </params>
          <reporter-output>
          </reporter-output>
        </test-method> <!-- runScenario -->
        <test-method signature="runScenario(io.cucumber.testng.PickleWrapper,io.cucumber.testng.FeatureWrapper)[pri:0, instance:com.sqa.psikotes.framework.runner.TestRunner@2767e23c]" started-at="2022-10-06T06:05:06 WIB" name="runScenario" description="Runs Cucumber Scenarios" data-provider="scenarios" finished-at="2022-10-06T06:05:23 WIB" duration-ms="16257" status="PASS">
          <params>
            <param index="0">
              <value>
                <![CDATA["TSMP018001 Admin edit dua field data modul"]]>
              </value>
            </param>
            <param index="1">
              <value>
                <![CDATA["TSMP018 Admin Edit Data Modul"]]>
              </value>
            </param>
          </params>
          <reporter-output>
          </reporter-output>
        </test-method> <!-- runScenario -->
        <test-method signature="runScenario(io.cucumber.testng.PickleWrapper,io.cucumber.testng.FeatureWrapper)[pri:0, instance:com.sqa.psikotes.framework.runner.TestRunner@2767e23c]" started-at="2022-10-06T06:05:23 WIB" name="runScenario" description="Runs Cucumber Scenarios" data-provider="scenarios" finished-at="2022-10-06T06:05:38 WIB" duration-ms="15245" status="PASS">
          <params>
            <param index="0">
              <value>
                <![CDATA["TSMP018001 Admin edit dua field data modul"]]>
              </value>
            </param>
            <param index="1">
              <value>
                <![CDATA["TSMP018 Admin Edit Data Modul"]]>
              </value>
            </param>
          </params>
          <reporter-output>
          </reporter-output>
        </test-method> <!-- runScenario -->
        <test-method signature="runScenario(io.cucumber.testng.PickleWrapper,io.cucumber.testng.FeatureWrapper)[pri:0, instance:com.sqa.psikotes.framework.runner.TestRunner@2767e23c]" started-at="2022-10-06T06:05:38 WIB" name="runScenario" description="Runs Cucumber Scenarios" data-provider="scenarios" finished-at="2022-10-06T06:06:22 WIB" duration-ms="44091" status="PASS">
          <params>
            <param index="0">
              <value>
                <![CDATA["TSMP018001 Admin edit dua field data modul"]]>
              </value>
            </param>
            <param index="1">
              <value>
                <![CDATA["TSMP018 Admin Edit Data Modul"]]>
              </value>
            </param>
          </params>
          <reporter-output>
          </reporter-output>
        </test-method> <!-- runScenario -->
        <test-method signature="runScenario(io.cucumber.testng.PickleWrapper,io.cucumber.testng.FeatureWrapper)[pri:0, instance:com.sqa.psikotes.framework.runner.TestRunner@2767e23c]" started-at="2022-10-06T06:06:22 WIB" name="runScenario" description="Runs Cucumber Scenarios" data-provider="scenarios" finished-at="2022-10-06T06:06:38 WIB" duration-ms="16222" status="PASS">
          <params>
            <param index="0">
              <value>
                <![CDATA["TSMP018001 Admin edit dua field data modul"]]>
              </value>
            </param>
            <param index="1">
              <value>
                <![CDATA["TSMP018 Admin Edit Data Modul"]]>
              </value>
            </param>
          </params>
          <reporter-output>
          </reporter-output>
        </test-method> <!-- runScenario -->
        <test-method signature="runScenario(io.cucumber.testng.PickleWrapper,io.cucumber.testng.FeatureWrapper)[pri:0, instance:com.sqa.psikotes.framework.runner.TestRunner@2767e23c]" started-at="2022-10-06T06:06:38 WIB" name="runScenario" description="Runs Cucumber Scenarios" data-provider="scenarios" finished-at="2022-10-06T06:06:53 WIB" duration-ms="15045" status="PASS">
          <params>
            <param index="0">
              <value>
                <![CDATA["TSMP018001 Admin edit dua field data modul"]]>
              </value>
            </param>
            <param index="1">
              <value>
                <![CDATA["TSMP018 Admin Edit Data Modul"]]>
              </value>
            </param>
          </params>
          <reporter-output>
          </reporter-output>
        </test-method> <!-- runScenario -->
        <test-method signature="runScenario(io.cucumber.testng.PickleWrapper,io.cucumber.testng.FeatureWrapper)[pri:0, instance:com.sqa.psikotes.framework.runner.TestRunner@2767e23c]" started-at="2022-10-06T06:06:53 WIB" name="runScenario" description="Runs Cucumber Scenarios" data-provider="scenarios" finished-at="2022-10-06T06:07:37 WIB" duration-ms="44139" status="PASS">
          <params>
            <param index="0">
              <value>
                <![CDATA["TSMP018001 Admin edit dua field data modul"]]>
              </value>
            </param>
            <param index="1">
              <value>
                <![CDATA["TSMP018 Admin Edit Data Modul"]]>
              </value>
            </param>
          </params>
          <reporter-output>
          </reporter-output>
        </test-method> <!-- runScenario -->
        <test-method signature="runScenario(io.cucumber.testng.PickleWrapper,io.cucumber.testng.FeatureWrapper)[pri:0, instance:com.sqa.psikotes.framework.runner.TestRunner@2767e23c]" started-at="2022-10-06T06:07:37 WIB" name="runScenario" description="Runs Cucumber Scenarios" data-provider="scenarios" finished-at="2022-10-06T06:08:21 WIB" duration-ms="43205" status="PASS">
          <params>
            <param index="0">
              <value>
                <![CDATA["TSMP018001 Admin edit dua field data modul"]]>
              </value>
            </param>
            <param index="1">
              <value>
                <![CDATA["TSMP018 Admin Edit Data Modul"]]>
              </value>
            </param>
          </params>
          <reporter-output>
          </reporter-output>
        </test-method> <!-- runScenario -->
        <test-method signature="runScenario(io.cucumber.testng.PickleWrapper,io.cucumber.testng.FeatureWrapper)[pri:0, instance:com.sqa.psikotes.framework.runner.TestRunner@2767e23c]" started-at="2022-10-06T06:08:21 WIB" name="runScenario" description="Runs Cucumber Scenarios" data-provider="scenarios" finished-at="2022-10-06T06:08:39 WIB" duration-ms="18347" status="PASS">
          <params>
            <param index="0">
              <value>
                <![CDATA["TSMP018002 Admin edit tiga field  data modul"]]>
              </value>
            </param>
            <param index="1">
              <value>
                <![CDATA["TSMP018 Admin Edit Data Modul"]]>
              </value>
            </param>
          </params>
          <reporter-output>
          </reporter-output>
        </test-method> <!-- runScenario -->
        <test-method signature="runScenario(io.cucumber.testng.PickleWrapper,io.cucumber.testng.FeatureWrapper)[pri:0, instance:com.sqa.psikotes.framework.runner.TestRunner@2767e23c]" started-at="2022-10-06T06:08:39 WIB" name="runScenario" description="Runs Cucumber Scenarios" data-provider="scenarios" finished-at="2022-10-06T06:08:57 WIB" duration-ms="18252" status="PASS">
          <params>
            <param index="0">
              <value>
                <![CDATA["TSMP018002 Admin edit tiga field  data modul"]]>
              </value>
            </param>
            <param index="1">
              <value>
                <![CDATA["TSMP018 Admin Edit Data Modul"]]>
              </value>
            </param>
          </params>
          <reporter-output>
          </reporter-output>
        </test-method> <!-- runScenario -->
        <test-method signature="runScenario(io.cucumber.testng.PickleWrapper,io.cucumber.testng.FeatureWrapper)[pri:0, instance:com.sqa.psikotes.framework.runner.TestRunner@2767e23c]" started-at="2022-10-06T06:08:57 WIB" name="runScenario" description="Runs Cucumber Scenarios" data-provider="scenarios" finished-at="2022-10-06T06:09:44 WIB" duration-ms="46286" status="PASS">
          <params>
            <param index="0">
              <value>
                <![CDATA["TSMP018002 Admin edit tiga field  data modul"]]>
              </value>
            </param>
            <param index="1">
              <value>
                <![CDATA["TSMP018 Admin Edit Data Modul"]]>
              </value>
            </param>
          </params>
          <reporter-output>
          </reporter-output>
        </test-method> <!-- runScenario -->
        <test-method signature="runScenario(io.cucumber.testng.PickleWrapper,io.cucumber.testng.FeatureWrapper)[pri:0, instance:com.sqa.psikotes.framework.runner.TestRunner@2767e23c]" started-at="2022-10-06T06:09:44 WIB" name="runScenario" description="Runs Cucumber Scenarios" data-provider="scenarios" finished-at="2022-10-06T06:10:02 WIB" duration-ms="18342" status="PASS">
          <params>
            <param index="0">
              <value>
                <![CDATA["TSMP018002 Admin edit tiga field  data modul"]]>
              </value>
            </param>
            <param index="1">
              <value>
                <![CDATA["TSMP018 Admin Edit Data Modul"]]>
              </value>
            </param>
          </params>
          <reporter-output>
          </reporter-output>
        </test-method> <!-- runScenario -->
        <test-method signature="runScenario(io.cucumber.testng.PickleWrapper,io.cucumber.testng.FeatureWrapper)[pri:0, instance:com.sqa.psikotes.framework.runner.TestRunner@2767e23c]" started-at="2022-10-06T06:10:02 WIB" name="runScenario" description="Runs Cucumber Scenarios" data-provider="scenarios" finished-at="2022-10-06T06:10:19 WIB" duration-ms="17197" status="PASS">
          <params>
            <param index="0">
              <value>
                <![CDATA["TSMP018002 Admin edit tiga field  data modul"]]>
              </value>
            </param>
            <param index="1">
              <value>
                <![CDATA["TSMP018 Admin Edit Data Modul"]]>
              </value>
            </param>
          </params>
          <reporter-output>
          </reporter-output>
        </test-method> <!-- runScenario -->
        <test-method signature="runScenario(io.cucumber.testng.PickleWrapper,io.cucumber.testng.FeatureWrapper)[pri:0, instance:com.sqa.psikotes.framework.runner.TestRunner@2767e23c]" started-at="2022-10-06T06:10:19 WIB" name="runScenario" description="Runs Cucumber Scenarios" data-provider="scenarios" finished-at="2022-10-06T06:10:38 WIB" duration-ms="19257" status="PASS">
          <params>
            <param index="0">
              <value>
                <![CDATA["TSMP018002 Admin edit tiga field  data modul"]]>
              </value>
            </param>
            <param index="1">
              <value>
                <![CDATA["TSMP018 Admin Edit Data Modul"]]>
              </value>
            </param>
          </params>
          <reporter-output>
          </reporter-output>
        </test-method> <!-- runScenario -->
        <test-method signature="runScenario(io.cucumber.testng.PickleWrapper,io.cucumber.testng.FeatureWrapper)[pri:0, instance:com.sqa.psikotes.framework.runner.TestRunner@2767e23c]" started-at="2022-10-06T06:10:38 WIB" name="runScenario" description="Runs Cucumber Scenarios" data-provider="scenarios" finished-at="2022-10-06T06:11:26 WIB" duration-ms="47284" status="PASS">
          <params>
            <param index="0">
              <value>
                <![CDATA["TSMP018002 Admin edit tiga field  data modul"]]>
              </value>
            </param>
            <param index="1">
              <value>
                <![CDATA["TSMP018 Admin Edit Data Modul"]]>
              </value>
            </param>
          </params>
          <reporter-output>
          </reporter-output>
        </test-method> <!-- runScenario -->
        <test-method signature="runScenario(io.cucumber.testng.PickleWrapper,io.cucumber.testng.FeatureWrapper)[pri:0, instance:com.sqa.psikotes.framework.runner.TestRunner@2767e23c]" started-at="2022-10-06T06:11:26 WIB" name="runScenario" description="Runs Cucumber Scenarios" data-provider="scenarios" finished-at="2022-10-06T06:11:45 WIB" duration-ms="19372" status="PASS">
          <params>
            <param index="0">
              <value>
                <![CDATA["TSMP018002 Admin edit tiga field  data modul"]]>
              </value>
            </param>
            <param index="1">
              <value>
                <![CDATA["TSMP018 Admin Edit Data Modul"]]>
              </value>
            </param>
          </params>
          <reporter-output>
          </reporter-output>
        </test-method> <!-- runScenario -->
        <test-method signature="runScenario(io.cucumber.testng.PickleWrapper,io.cucumber.testng.FeatureWrapper)[pri:0, instance:com.sqa.psikotes.framework.runner.TestRunner@2767e23c]" started-at="2022-10-06T06:11:45 WIB" name="runScenario" description="Runs Cucumber Scenarios" data-provider="scenarios" finished-at="2022-10-06T06:12:03 WIB" duration-ms="18223" status="PASS">
          <params>
            <param index="0">
              <value>
                <![CDATA["TSMP018002 Admin edit tiga field  data modul"]]>
              </value>
            </param>
            <param index="1">
              <value>
                <![CDATA["TSMP018 Admin Edit Data Modul"]]>
              </value>
            </param>
          </params>
          <reporter-output>
          </reporter-output>
        </test-method> <!-- runScenario -->
        <test-method signature="runScenario(io.cucumber.testng.PickleWrapper,io.cucumber.testng.FeatureWrapper)[pri:0, instance:com.sqa.psikotes.framework.runner.TestRunner@2767e23c]" started-at="2022-10-06T06:12:03 WIB" name="runScenario" description="Runs Cucumber Scenarios" data-provider="scenarios" finished-at="2022-10-06T06:12:51 WIB" duration-ms="47367" status="PASS">
          <params>
            <param index="0">
              <value>
                <![CDATA["TSMP018002 Admin edit tiga field  data modul"]]>
              </value>
            </param>
            <param index="1">
              <value>
                <![CDATA["TSMP018 Admin Edit Data Modul"]]>
              </value>
            </param>
          </params>
          <reporter-output>
          </reporter-output>
        </test-method> <!-- runScenario -->
        <test-method signature="runScenario(io.cucumber.testng.PickleWrapper,io.cucumber.testng.FeatureWrapper)[pri:0, instance:com.sqa.psikotes.framework.runner.TestRunner@2767e23c]" started-at="2022-10-06T06:12:51 WIB" name="runScenario" description="Runs Cucumber Scenarios" data-provider="scenarios" finished-at="2022-10-06T06:12:59 WIB" duration-ms="8689" status="FAIL">
          <params>
            <param index="0">
              <value>
                <![CDATA["TSMP018002 Admin edit tiga field  data modul"]]>
              </value>
            </param>
            <param index="1">
              <value>
                <![CDATA["TSMP018 Admin Edit Data Modul"]]>
              </value>
            </param>
          </params>
          <exception class="org.openqa.selenium.StaleElementReferenceException">
            <message>
              <![CDATA[stale element reference: element is not attached to the page document
  (Session info: chrome=106.0.5249.91)
For documentation on this error, please visit: https://selenium.dev/exceptions/#stale_element_reference
Build info: version: '4.4.0', revision: 'e5c75ed026a'
System info: host: 'LAPTOP-ASKQ9BMM', ip: '192.168.0.12', os.name: 'Windows 10', os.arch: 'amd64', os.version: '10.0', java.version: '17.0.4.1'
Driver info: org.openqa.selenium.chrome.ChromeDriver
Command: [e3f0375afa4c5b1dcbdee230539c6790, clickElement {id=0ef7aa4f-d536-4a1c-b823-1388412df345}]
Capabilities {acceptInsecureCerts: false, browserName: chrome, browserVersion: 106.0.5249.91, chrome: {chromedriverVersion: 106.0.5249.61 (511755355844..., userDataDir: C:\Users\NEXSOFT\AppData\Lo...}, goog:chromeOptions: {debuggerAddress: localhost:49887}, networkConnectionEnabled: false, pageLoadStrategy: normal, platformName: WINDOWS, proxy: Proxy(), se:cdp: ws://localhost:49887/devtoo..., se:cdpVersion: 106.0.5249.91, setWindowRect: true, strictFileInteractability: false, timeouts: {implicit: 0, pageLoad: 300000, script: 30000}, unhandledPromptBehavior: dismiss and notify, webauthn:extension:credBlob: true, webauthn:extension:largeBlob: true, webauthn:virtualAuthenticators: true}
Element: [[ChromeDriver: chrome on WINDOWS (e3f0375afa4c5b1dcbdee230539c6790)] -> xpath: //td[3]/div/img]
Session ID: e3f0375afa4c5b1dcbdee230539c6790]]>
            </message>
            <full-stacktrace>
              <![CDATA[org.openqa.selenium.StaleElementReferenceException: stale element reference: element is not attached to the page document
  (Session info: chrome=106.0.5249.91)
For documentation on this error, please visit: https://selenium.dev/exceptions/#stale_element_reference
Build info: version: '4.4.0', revision: 'e5c75ed026a'
System info: host: 'LAPTOP-ASKQ9BMM', ip: '192.168.0.12', os.name: 'Windows 10', os.arch: 'amd64', os.version: '10.0', java.version: '17.0.4.1'
Driver info: org.openqa.selenium.chrome.ChromeDriver
Command: [e3f0375afa4c5b1dcbdee230539c6790, clickElement {id=0ef7aa4f-d536-4a1c-b823-1388412df345}]
Capabilities {acceptInsecureCerts: false, browserName: chrome, browserVersion: 106.0.5249.91, chrome: {chromedriverVersion: 106.0.5249.61 (511755355844..., userDataDir: C:\Users\NEXSOFT\AppData\Lo...}, goog:chromeOptions: {debuggerAddress: localhost:49887}, networkConnectionEnabled: false, pageLoadStrategy: normal, platformName: WINDOWS, proxy: Proxy(), se:cdp: ws://localhost:49887/devtoo..., se:cdpVersion: 106.0.5249.91, setWindowRect: true, strictFileInteractability: false, timeouts: {implicit: 0, pageLoad: 300000, script: 30000}, unhandledPromptBehavior: dismiss and notify, webauthn:extension:credBlob: true, webauthn:extension:largeBlob: true, webauthn:virtualAuthenticators: true}
Element: [[ChromeDriver: chrome on WINDOWS (e3f0375afa4c5b1dcbdee230539c6790)] -> xpath: //td[3]/div/img]
Session ID: e3f0375afa4c5b1dcbdee230539c6790
at java.base/jdk.internal.reflect.NativeConstructorAccessorImpl.newInstance0(Native Method)
at java.base/jdk.internal.reflect.NativeConstructorAccessorImpl.newInstance(NativeConstructorAccessorImpl.java:77)
at java.base/jdk.internal.reflect.DelegatingConstructorAccessorImpl.newInstance(DelegatingConstructorAccessorImpl.java:45)
at java.base/java.lang.reflect.Constructor.newInstanceWithCaller(Constructor.java:499)
at java.base/java.lang.reflect.Constructor.newInstance(Constructor.java:480)
at org.openqa.selenium.remote.codec.w3c.W3CHttpResponseCodec.createException(W3CHttpResponseCodec.java:200)
at org.openqa.selenium.remote.codec.w3c.W3CHttpResponseCodec.decode(W3CHttpResponseCodec.java:133)
at org.openqa.selenium.remote.codec.w3c.W3CHttpResponseCodec.decode(W3CHttpResponseCodec.java:53)
at org.openqa.selenium.remote.HttpCommandExecutor.execute(HttpCommandExecutor.java:184)
at org.openqa.selenium.remote.service.DriverCommandExecutor.invokeExecute(DriverCommandExecutor.java:167)
at org.openqa.selenium.remote.service.DriverCommandExecutor.execute(DriverCommandExecutor.java:142)
at org.openqa.selenium.remote.RemoteWebDriver.execute(RemoteWebDriver.java:547)
at org.openqa.selenium.remote.RemoteWebElement.execute(RemoteWebElement.java:257)
at org.openqa.selenium.remote.RemoteWebElement.click(RemoteWebElement.java:78)
at jdk.internal.reflect.GeneratedMethodAccessor96.invoke(Unknown Source)
at java.base/jdk.internal.reflect.DelegatingMethodAccessorImpl.invoke(DelegatingMethodAccessorImpl.java:43)
at java.base/java.lang.reflect.Method.invoke(Method.java:568)
at org.openqa.selenium.support.pagefactory.internal.LocatingElementHandler.invoke(LocatingElementHandler.java:52)
at jdk.proxy2/jdk.proxy2.$Proxy31.click(Unknown Source)
at com.sqa.psikotes.framework.page.ModulPage.clickBtnEditModul(ModulPage.java:342)
at com.sqa.psikotes.framework.runner.TestMPEditDataModulValid.tsmp018001_admin_berhasil_masuk_form_edit_modul(TestMPEditDataModulValid.java:38)
at ✽.TSMP018001 Admin berhasil masuk form edit modul(file:///C:/Users/NEXSOFT/git/TARunanto/TARunanto/src/main/resources/features/227MPEditDataModulValid.feature:8)
]]>
            </full-stacktrace>
          </exception> <!-- org.openqa.selenium.StaleElementReferenceException -->
          <reporter-output>
          </reporter-output>
        </test-method> <!-- runScenario -->
        <test-method signature="runScenario(io.cucumber.testng.PickleWrapper,io.cucumber.testng.FeatureWrapper)[pri:0, instance:com.sqa.psikotes.framework.runner.TestRunner@2767e23c]" started-at="2022-10-06T06:12:59 WIB" name="runScenario" description="Runs Cucumber Scenarios" data-provider="scenarios" finished-at="2022-10-06T06:13:19 WIB" duration-ms="20070" status="PASS">
          <params>
            <param index="0">
              <value>
                <![CDATA["TSMP018002 Admin edit tiga field  data modul"]]>
              </value>
            </param>
            <param index="1">
              <value>
                <![CDATA["TSMP018 Admin Edit Data Modul"]]>
              </value>
            </param>
          </params>
          <reporter-output>
          </reporter-output>
        </test-method> <!-- runScenario -->
        <test-method signature="runScenario(io.cucumber.testng.PickleWrapper,io.cucumber.testng.FeatureWrapper)[pri:0, instance:com.sqa.psikotes.framework.runner.TestRunner@2767e23c]" started-at="2022-10-06T06:13:19 WIB" name="runScenario" description="Runs Cucumber Scenarios" data-provider="scenarios" finished-at="2022-10-06T06:14:07 WIB" duration-ms="47265" status="PASS">
          <params>
            <param index="0">
              <value>
                <![CDATA["TSMP018002 Admin edit tiga field  data modul"]]>
              </value>
            </param>
            <param index="1">
              <value>
                <![CDATA["TSMP018 Admin Edit Data Modul"]]>
              </value>
            </param>
          </params>
          <reporter-output>
          </reporter-output>
        </test-method> <!-- runScenario -->
        <test-method signature="runScenario(io.cucumber.testng.PickleWrapper,io.cucumber.testng.FeatureWrapper)[pri:0, instance:com.sqa.psikotes.framework.runner.TestRunner@2767e23c]" started-at="2022-10-06T06:14:07 WIB" name="runScenario" description="Runs Cucumber Scenarios" data-provider="scenarios" finished-at="2022-10-06T06:14:53 WIB" duration-ms="46376" status="PASS">
          <params>
            <param index="0">
              <value>
                <![CDATA["TSMP018002 Admin edit tiga field  data modul"]]>
              </value>
            </param>
            <param index="1">
              <value>
                <![CDATA["TSMP018 Admin Edit Data Modul"]]>
              </value>
            </param>
          </params>
          <reporter-output>
          </reporter-output>
        </test-method> <!-- runScenario -->
        <test-method signature="runScenario(io.cucumber.testng.PickleWrapper,io.cucumber.testng.FeatureWrapper)[pri:0, instance:com.sqa.psikotes.framework.runner.TestRunner@2767e23c]" started-at="2022-10-06T06:14:53 WIB" name="runScenario" description="Runs Cucumber Scenarios" data-provider="scenarios" finished-at="2022-10-06T06:15:44 WIB" duration-ms="50710" status="PASS">
          <params>
            <param index="0">
              <value>
                <![CDATA["TSMP018003 Admin edit empat field data modul"]]>
              </value>
            </param>
            <param index="1">
              <value>
                <![CDATA["TSMP018 Admin Edit Data Modul"]]>
              </value>
            </param>
          </params>
          <reporter-output>
          </reporter-output>
        </test-method> <!-- runScenario -->
        <test-method signature="runScenario(io.cucumber.testng.PickleWrapper,io.cucumber.testng.FeatureWrapper)[pri:0, instance:com.sqa.psikotes.framework.runner.TestRunner@2767e23c]" started-at="2022-10-06T06:15:44 WIB" name="runScenario" description="Runs Cucumber Scenarios" data-provider="scenarios" finished-at="2022-10-06T06:16:06 WIB" duration-ms="22697" status="PASS">
          <params>
            <param index="0">
              <value>
                <![CDATA["TSMP018003 Admin edit empat field data modul"]]>
              </value>
            </param>
            <param index="1">
              <value>
                <![CDATA["TSMP018 Admin Edit Data Modul"]]>
              </value>
            </param>
          </params>
          <reporter-output>
          </reporter-output>
        </test-method> <!-- runScenario -->
        <test-method signature="runScenario(io.cucumber.testng.PickleWrapper,io.cucumber.testng.FeatureWrapper)[pri:0, instance:com.sqa.psikotes.framework.runner.TestRunner@2767e23c]" started-at="2022-10-06T06:16:06 WIB" name="runScenario" description="Runs Cucumber Scenarios" data-provider="scenarios" finished-at="2022-10-06T06:16:28 WIB" duration-ms="21554" status="PASS">
          <params>
            <param index="0">
              <value>
                <![CDATA["TSMP018003 Admin edit empat field data modul"]]>
              </value>
            </param>
            <param index="1">
              <value>
                <![CDATA["TSMP018 Admin Edit Data Modul"]]>
              </value>
            </param>
          </params>
          <reporter-output>
          </reporter-output>
        </test-method> <!-- runScenario -->
        <test-method signature="runScenario(io.cucumber.testng.PickleWrapper,io.cucumber.testng.FeatureWrapper)[pri:0, instance:com.sqa.psikotes.framework.runner.TestRunner@2767e23c]" started-at="2022-10-06T06:16:28 WIB" name="runScenario" description="Runs Cucumber Scenarios" data-provider="scenarios" finished-at="2022-10-06T06:16:50 WIB" duration-ms="21532" status="PASS">
          <params>
            <param index="0">
              <value>
                <![CDATA["TSMP018003 Admin edit empat field data modul"]]>
              </value>
            </param>
            <param index="1">
              <value>
                <![CDATA["TSMP018 Admin Edit Data Modul"]]>
              </value>
            </param>
          </params>
          <reporter-output>
          </reporter-output>
        </test-method> <!-- runScenario -->
        <test-method signature="runScenario(io.cucumber.testng.PickleWrapper,io.cucumber.testng.FeatureWrapper)[pri:0, instance:com.sqa.psikotes.framework.runner.TestRunner@2767e23c]" started-at="2022-10-06T06:16:50 WIB" name="runScenario" description="Runs Cucumber Scenarios" data-provider="scenarios" finished-at="2022-10-06T06:17:36 WIB" duration-ms="46361" status="PASS">
          <params>
            <param index="0">
              <value>
                <![CDATA["TSMP018003 Admin edit empat field data modul"]]>
              </value>
            </param>
            <param index="1">
              <value>
                <![CDATA["TSMP018 Admin Edit Data Modul"]]>
              </value>
            </param>
          </params>
          <reporter-output>
          </reporter-output>
        </test-method> <!-- runScenario -->
        <test-method signature="runScenario(io.cucumber.testng.PickleWrapper,io.cucumber.testng.FeatureWrapper)[pri:0, instance:com.sqa.psikotes.framework.runner.TestRunner@2767e23c]" started-at="2022-10-06T06:17:36 WIB" name="runScenario" description="Runs Cucumber Scenarios" data-provider="scenarios" finished-at="2022-10-06T06:18:25 WIB" duration-ms="48789" status="PASS">
          <params>
            <param index="0">
              <value>
                <![CDATA["TSMP018003 Admin edit empat field data modul"]]>
              </value>
            </param>
            <param index="1">
              <value>
                <![CDATA["TSMP018 Admin Edit Data Modul"]]>
              </value>
            </param>
          </params>
          <reporter-output>
          </reporter-output>
        </test-method> <!-- runScenario -->
        <test-method signature="runScenario(io.cucumber.testng.PickleWrapper,io.cucumber.testng.FeatureWrapper)[pri:0, instance:com.sqa.psikotes.framework.runner.TestRunner@2767e23c]" started-at="2022-10-06T06:18:25 WIB" name="runScenario" description="Runs Cucumber Scenarios" data-provider="scenarios" finished-at="2022-10-06T06:19:11 WIB" duration-ms="46534" status="PASS">
          <params>
            <param index="0">
              <value>
                <![CDATA["TSMP018003 Admin edit empat field data modul"]]>
              </value>
            </param>
            <param index="1">
              <value>
                <![CDATA["TSMP018 Admin Edit Data Modul"]]>
              </value>
            </param>
          </params>
          <reporter-output>
          </reporter-output>
        </test-method> <!-- runScenario -->
        <test-method signature="runScenario(io.cucumber.testng.PickleWrapper,io.cucumber.testng.FeatureWrapper)[pri:0, instance:com.sqa.psikotes.framework.runner.TestRunner@2767e23c]" started-at="2022-10-06T06:19:11 WIB" name="runScenario" description="Runs Cucumber Scenarios" data-provider="scenarios" finished-at="2022-10-06T06:19:58 WIB" duration-ms="46433" status="PASS">
          <params>
            <param index="0">
              <value>
                <![CDATA["TSMP018003 Admin edit empat field data modul"]]>
              </value>
            </param>
            <param index="1">
              <value>
                <![CDATA["TSMP018 Admin Edit Data Modul"]]>
              </value>
            </param>
          </params>
          <reporter-output>
          </reporter-output>
        </test-method> <!-- runScenario -->
        <test-method signature="runScenario(io.cucumber.testng.PickleWrapper,io.cucumber.testng.FeatureWrapper)[pri:0, instance:com.sqa.psikotes.framework.runner.TestRunner@2767e23c]" started-at="2022-10-06T06:19:58 WIB" name="runScenario" description="Runs Cucumber Scenarios" data-provider="scenarios" finished-at="2022-10-06T06:20:46 WIB" duration-ms="48636" status="PASS">
          <params>
            <param index="0">
              <value>
                <![CDATA["TSMP018003 Admin edit empat field data modul"]]>
              </value>
            </param>
            <param index="1">
              <value>
                <![CDATA["TSMP018 Admin Edit Data Modul"]]>
              </value>
            </param>
          </params>
          <reporter-output>
          </reporter-output>
        </test-method> <!-- runScenario -->
        <test-method signature="runScenario(io.cucumber.testng.PickleWrapper,io.cucumber.testng.FeatureWrapper)[pri:0, instance:com.sqa.psikotes.framework.runner.TestRunner@2767e23c]" started-at="2022-10-06T06:20:46 WIB" name="runScenario" description="Runs Cucumber Scenarios" data-provider="scenarios" finished-at="2022-10-06T06:21:33 WIB" duration-ms="46820" status="PASS">
          <params>
            <param index="0">
              <value>
                <![CDATA["TSMP018003 Admin edit empat field data modul"]]>
              </value>
            </param>
            <param index="1">
              <value>
                <![CDATA["TSMP018 Admin Edit Data Modul"]]>
              </value>
            </param>
          </params>
          <reporter-output>
          </reporter-output>
        </test-method> <!-- runScenario -->
        <test-method signature="runScenario(io.cucumber.testng.PickleWrapper,io.cucumber.testng.FeatureWrapper)[pri:0, instance:com.sqa.psikotes.framework.runner.TestRunner@2767e23c]" started-at="2022-10-06T06:21:33 WIB" name="runScenario" description="Runs Cucumber Scenarios" data-provider="scenarios" finished-at="2022-10-06T06:22:24 WIB" duration-ms="50725" status="PASS">
          <params>
            <param index="0">
              <value>
                <![CDATA["TSMP018004 Admin edit lima field  data modul"]]>
              </value>
            </param>
            <param index="1">
              <value>
                <![CDATA["TSMP018 Admin Edit Data Modul"]]>
              </value>
            </param>
          </params>
          <reporter-output>
          </reporter-output>
        </test-method> <!-- runScenario -->
        <test-method signature="runScenario(io.cucumber.testng.PickleWrapper,io.cucumber.testng.FeatureWrapper)[pri:0, instance:com.sqa.psikotes.framework.runner.TestRunner@2767e23c]" started-at="2022-10-06T06:22:24 WIB" name="runScenario" description="Runs Cucumber Scenarios" data-provider="scenarios" finished-at="2022-10-06T06:23:14 WIB" duration-ms="50261" status="PASS">
          <params>
            <param index="0">
              <value>
                <![CDATA["TSMP018004 Admin edit lima field  data modul"]]>
              </value>
            </param>
            <param index="1">
              <value>
                <![CDATA["TSMP018 Admin Edit Data Modul"]]>
              </value>
            </param>
          </params>
          <reporter-output>
          </reporter-output>
        </test-method> <!-- runScenario -->
        <test-method signature="runScenario(io.cucumber.testng.PickleWrapper,io.cucumber.testng.FeatureWrapper)[pri:0, instance:com.sqa.psikotes.framework.runner.TestRunner@2767e23c]" started-at="2022-10-06T06:23:14 WIB" name="runScenario" description="Runs Cucumber Scenarios" data-provider="scenarios" finished-at="2022-10-06T06:24:04 WIB" duration-ms="49896" status="PASS">
          <params>
            <param index="0">
              <value>
                <![CDATA["TSMP018004 Admin edit lima field  data modul"]]>
              </value>
            </param>
            <param index="1">
              <value>
                <![CDATA["TSMP018 Admin Edit Data Modul"]]>
              </value>
            </param>
          </params>
          <reporter-output>
          </reporter-output>
        </test-method> <!-- runScenario -->
        <test-method signature="runScenario(io.cucumber.testng.PickleWrapper,io.cucumber.testng.FeatureWrapper)[pri:0, instance:com.sqa.psikotes.framework.runner.TestRunner@2767e23c]" started-at="2022-10-06T06:24:04 WIB" name="runScenario" description="Runs Cucumber Scenarios" data-provider="scenarios" finished-at="2022-10-06T06:24:55 WIB" duration-ms="50696" status="PASS">
          <params>
            <param index="0">
              <value>
                <![CDATA["TSMP018004 Admin edit lima field  data modul"]]>
              </value>
            </param>
            <param index="1">
              <value>
                <![CDATA["TSMP018 Admin Edit Data Modul"]]>
              </value>
            </param>
          </params>
          <reporter-output>
          </reporter-output>
        </test-method> <!-- runScenario -->
        <test-method signature="runScenario(io.cucumber.testng.PickleWrapper,io.cucumber.testng.FeatureWrapper)[pri:0, instance:com.sqa.psikotes.framework.runner.TestRunner@2767e23c]" started-at="2022-10-06T06:24:55 WIB" name="runScenario" description="Runs Cucumber Scenarios" data-provider="scenarios" finished-at="2022-10-06T06:25:43 WIB" duration-ms="48645" status="PASS">
          <params>
            <param index="0">
              <value>
                <![CDATA["TSMP018004 Admin edit lima field  data modul"]]>
              </value>
            </param>
            <param index="1">
              <value>
                <![CDATA["TSMP018 Admin Edit Data Modul"]]>
              </value>
            </param>
          </params>
          <reporter-output>
          </reporter-output>
        </test-method> <!-- runScenario -->
        <test-method signature="runScenario(io.cucumber.testng.PickleWrapper,io.cucumber.testng.FeatureWrapper)[pri:0, instance:com.sqa.psikotes.framework.runner.TestRunner@2767e23c]" started-at="2022-10-06T06:25:43 WIB" name="runScenario" description="Runs Cucumber Scenarios" data-provider="scenarios" finished-at="2022-10-06T06:26:33 WIB" duration-ms="49704" status="PASS">
          <params>
            <param index="0">
              <value>
                <![CDATA["TSMP018004 Admin edit lima field  data modul"]]>
              </value>
            </param>
            <param index="1">
              <value>
                <![CDATA["TSMP018 Admin Edit Data Modul"]]>
              </value>
            </param>
          </params>
          <reporter-output>
          </reporter-output>
        </test-method> <!-- runScenario -->
        <test-method signature="runScenario(io.cucumber.testng.PickleWrapper,io.cucumber.testng.FeatureWrapper)[pri:0, instance:com.sqa.psikotes.framework.runner.TestRunner@2767e23c]" started-at="2022-10-06T06:26:33 WIB" name="runScenario" description="Runs Cucumber Scenarios" data-provider="scenarios" finished-at="2022-10-06T06:27:25 WIB" duration-ms="51910" status="PASS">
          <params>
            <param index="0">
              <value>
                <![CDATA["TSMP018005 Admin edit enam field data modul"]]>
              </value>
            </param>
            <param index="1">
              <value>
                <![CDATA["TSMP018 Admin Edit Data Modul"]]>
              </value>
            </param>
          </params>
          <reporter-output>
          </reporter-output>
        </test-method> <!-- runScenario -->
        <test-method signature="runScenario(io.cucumber.testng.PickleWrapper,io.cucumber.testng.FeatureWrapper)[pri:0, instance:com.sqa.psikotes.framework.runner.TestRunner@2767e23c]" started-at="2022-10-06T06:27:25 WIB" name="runScenario" description="Runs Cucumber Scenarios" data-provider="scenarios" finished-at="2022-10-06T06:28:17 WIB" duration-ms="51770" status="PASS">
          <params>
            <param index="0">
              <value>
                <![CDATA["TSMP018005 Admin edit enam field data modul"]]>
              </value>
            </param>
            <param index="1">
              <value>
                <![CDATA["TSMP018 Admin Edit Data Modul"]]>
              </value>
            </param>
          </params>
          <reporter-output>
          </reporter-output>
        </test-method> <!-- runScenario -->
        <test-method signature="runScenario(io.cucumber.testng.PickleWrapper,io.cucumber.testng.FeatureWrapper)[pri:0, instance:com.sqa.psikotes.framework.runner.TestRunner@2767e23c]" started-at="2022-10-06T06:28:17 WIB" name="runScenario" description="Runs Cucumber Scenarios" data-provider="scenarios" finished-at="2022-10-06T06:29:07 WIB" duration-ms="50721" status="PASS">
          <params>
            <param index="0">
              <value>
                <![CDATA["TSMP018005 Admin edit enam field data modul"]]>
              </value>
            </param>
            <param index="1">
              <value>
                <![CDATA["TSMP018 Admin Edit Data Modul"]]>
              </value>
            </param>
          </params>
          <reporter-output>
          </reporter-output>
        </test-method> <!-- runScenario -->
        <test-method signature="runScenario(io.cucumber.testng.PickleWrapper,io.cucumber.testng.FeatureWrapper)[pri:0, instance:com.sqa.psikotes.framework.runner.TestRunner@2767e23c]" started-at="2022-10-06T06:29:07 WIB" name="runScenario" description="Runs Cucumber Scenarios" data-provider="scenarios" finished-at="2022-10-06T06:29:08 WIB" duration-ms="53" status="FAIL">
          <params>
            <param index="0">
              <value>
                <![CDATA["TSMP018006 Admin edit tujuh field data modul"]]>
              </value>
            </param>
            <param index="1">
              <value>
                <![CDATA["TSMP018 Admin Edit Data Modul"]]>
              </value>
            </param>
          </params>
          <exception class="java.lang.ArrayIndexOutOfBoundsException">
            <message>
              <![CDATA[Index 11 out of bounds for length 11]]>
            </message>
            <full-stacktrace>
              <![CDATA[java.lang.ArrayIndexOutOfBoundsException: Index 11 out of bounds for length 11
at com.sqa.psikotes.framework.runner.SceneHooks.setUp(SceneHooks.java:53)
]]>
            </full-stacktrace>
          </exception> <!-- java.lang.ArrayIndexOutOfBoundsException -->
          <reporter-output>
          </reporter-output>
        </test-method> <!-- runScenario -->
        <test-method is-config="true" signature="tearDownClass()[pri:0, instance:com.sqa.psikotes.framework.runner.TestRunner@2767e23c]" started-at="2022-10-06T06:29:08 WIB" name="tearDownClass" finished-at="2022-10-06T06:29:08 WIB" duration-ms="434" status="PASS">
          <reporter-output>
          </reporter-output>
        </test-method> <!-- tearDownClass -->
      </class> <!-- com.sqa.psikotes.framework.runner.TestRunner -->
    </test> <!-- Default test -->
  </suite> <!-- Default suite -->
</testng-results>
