<?xml version="1.0" encoding="UTF-8"?>
<testng-results ignored="0" total="9" passed="9" failed="0" skipped="0">
  <reporter-output>
  </reporter-output>
  <suite started-at="2022-10-03T07:30:00 WIB" name="Default suite" finished-at="2022-10-03T07:31:10 WIB" duration-ms="70083">
    <groups>
      <group name="cucumber">
        <method signature="AbstractTestNGCucumberTests.runScenario(io.cucumber.testng.PickleWrapper,io.cucumber.testng.FeatureWrapper)[pri:0, instance:com.sqa.psikotes.framework.runner.TestRunner@2767e23c]" name="runScenario" class="io.cucumber.testng.AbstractTestNGCucumberTests"/>
      </group> <!-- cucumber -->
    </groups>
    <test started-at="2022-10-03T07:30:00 WIB" name="Default test" finished-at="2022-10-03T07:31:10 WIB" duration-ms="70083">
      <class name="com.sqa.psikotes.framework.runner.TestRunner">
        <test-method is-config="true" signature="setUpClass(org.testng.ITestContext)[pri:0, instance:com.sqa.psikotes.framework.runner.TestRunner@2767e23c]" started-at="2022-10-03T07:30:00 WIB" name="setUpClass" finished-at="2022-10-03T07:30:00 WIB" duration-ms="536" status="PASS">
          <params>
            <param index="0">
              <value>
                <![CDATA[org.testng.TestRunner@5f3f57ff]]>
              </value>
            </param>
          </params>
          <reporter-output>
          </reporter-output>
        </test-method> <!-- setUpClass -->
        <test-method signature="runScenario(io.cucumber.testng.PickleWrapper,io.cucumber.testng.FeatureWrapper)[pri:0, instance:com.sqa.psikotes.framework.runner.TestRunner@2767e23c]" started-at="2022-10-03T07:30:00 WIB" name="runScenario" description="Runs Cucumber Scenarios" data-provider="scenarios" finished-at="2022-10-03T07:30:09 WIB" duration-ms="9113" status="PASS">
          <params>
            <param index="0">
              <value>
                <![CDATA["TSLP001001 Admin login valid dan menekan tombol sign in"]]>
              </value>
            </param>
            <param index="1">
              <value>
                <![CDATA["TSLP001 Admin login valid ke web"]]>
              </value>
            </param>
          </params>
          <reporter-output>
          </reporter-output>
        </test-method> <!-- runScenario -->
        <test-method signature="runScenario(io.cucumber.testng.PickleWrapper,io.cucumber.testng.FeatureWrapper)[pri:0, instance:com.sqa.psikotes.framework.runner.TestRunner@2767e23c]" started-at="2022-10-03T07:30:09 WIB" name="runScenario" description="Runs Cucumber Scenarios" data-provider="scenarios" finished-at="2022-10-03T07:30:17 WIB" duration-ms="7502" status="PASS">
          <params>
            <param index="0">
              <value>
                <![CDATA["TSLP001N002 Admin login valid dan menekan tombol enter (green button) username"]]>
              </value>
            </param>
            <param index="1">
              <value>
                <![CDATA["TSLP001 Admin login valid ke web"]]>
              </value>
            </param>
          </params>
          <reporter-output>
          </reporter-output>
        </test-method> <!-- runScenario -->
        <test-method signature="runScenario(io.cucumber.testng.PickleWrapper,io.cucumber.testng.FeatureWrapper)[pri:0, instance:com.sqa.psikotes.framework.runner.TestRunner@2767e23c]" started-at="2022-10-03T07:30:17 WIB" name="runScenario" description="Runs Cucumber Scenarios" data-provider="scenarios" finished-at="2022-10-03T07:30:24 WIB" duration-ms="7156" status="PASS">
          <params>
            <param index="0">
              <value>
                <![CDATA["TSLP001N003 Admin login valid dan menekan tombol enter (green button) password"]]>
              </value>
            </param>
            <param index="1">
              <value>
                <![CDATA["TSLP001 Admin login valid ke web"]]>
              </value>
            </param>
          </params>
          <reporter-output>
          </reporter-output>
        </test-method> <!-- runScenario -->
        <test-method signature="runScenario(io.cucumber.testng.PickleWrapper,io.cucumber.testng.FeatureWrapper)[pri:0, instance:com.sqa.psikotes.framework.runner.TestRunner@2767e23c]" started-at="2022-10-03T07:30:24 WIB" name="runScenario" description="Runs Cucumber Scenarios" data-provider="scenarios" finished-at="2022-10-03T07:30:31 WIB" duration-ms="7278" status="PASS">
          <params>
            <param index="0">
              <value>
                <![CDATA["TSLP001004 Admin login valid dan menekan enter keyboard"]]>
              </value>
            </param>
            <param index="1">
              <value>
                <![CDATA["TSLP001 Admin login valid ke web"]]>
              </value>
            </param>
          </params>
          <reporter-output>
          </reporter-output>
        </test-method> <!-- runScenario -->
        <test-method signature="runScenario(io.cucumber.testng.PickleWrapper,io.cucumber.testng.FeatureWrapper)[pri:0, instance:com.sqa.psikotes.framework.runner.TestRunner@2767e23c]" started-at="2022-10-03T07:30:31 WIB" name="runScenario" description="Runs Cucumber Scenarios" data-provider="scenarios" finished-at="2022-10-03T07:30:37 WIB" duration-ms="5772" status="PASS">
          <params>
            <param index="0">
              <value>
                <![CDATA["TSAP001001 Admin masuk ke halaman admin"]]>
              </value>
            </param>
            <param index="1">
              <value>
                <![CDATA["TSAP001 Masuk halaman admin"]]>
              </value>
            </param>
          </params>
          <reporter-output>
          </reporter-output>
        </test-method> <!-- runScenario -->
        <test-method signature="runScenario(io.cucumber.testng.PickleWrapper,io.cucumber.testng.FeatureWrapper)[pri:0, instance:com.sqa.psikotes.framework.runner.TestRunner@2767e23c]" started-at="2022-10-03T07:30:37 WIB" name="runScenario" description="Runs Cucumber Scenarios" data-provider="scenarios" finished-at="2022-10-03T07:30:45 WIB" duration-ms="8128" status="PASS">
          <params>
            <param index="0">
              <value>
                <![CDATA["TSAP004001 Admin menampilkan10 data admin"]]>
              </value>
            </param>
            <param index="1">
              <value>
                <![CDATA["TSAP004 Menampilkan data admin"]]>
              </value>
            </param>
          </params>
          <reporter-output>
          </reporter-output>
        </test-method> <!-- runScenario -->
        <test-method signature="runScenario(io.cucumber.testng.PickleWrapper,io.cucumber.testng.FeatureWrapper)[pri:0, instance:com.sqa.psikotes.framework.runner.TestRunner@2767e23c]" started-at="2022-10-03T07:30:45 WIB" name="runScenario" description="Runs Cucumber Scenarios" data-provider="scenarios" finished-at="2022-10-03T07:30:53 WIB" duration-ms="8014" status="PASS">
          <params>
            <param index="0">
              <value>
                <![CDATA["TSAP004002 Admin menampilkan25 data admin"]]>
              </value>
            </param>
            <param index="1">
              <value>
                <![CDATA["TSAP004 Menampilkan data admin"]]>
              </value>
            </param>
          </params>
          <reporter-output>
          </reporter-output>
        </test-method> <!-- runScenario -->
        <test-method signature="runScenario(io.cucumber.testng.PickleWrapper,io.cucumber.testng.FeatureWrapper)[pri:0, instance:com.sqa.psikotes.framework.runner.TestRunner@2767e23c]" started-at="2022-10-03T07:30:53 WIB" name="runScenario" description="Runs Cucumber Scenarios" data-provider="scenarios" finished-at="2022-10-03T07:31:02 WIB" duration-ms="8224" status="PASS">
          <params>
            <param index="0">
              <value>
                <![CDATA["TSAP004003 Admin menampilkan50 data admin"]]>
              </value>
            </param>
            <param index="1">
              <value>
                <![CDATA["TSAP004 Menampilkan data admin"]]>
              </value>
            </param>
          </params>
          <reporter-output>
          </reporter-output>
        </test-method> <!-- runScenario -->
        <test-method signature="runScenario(io.cucumber.testng.PickleWrapper,io.cucumber.testng.FeatureWrapper)[pri:0, instance:com.sqa.psikotes.framework.runner.TestRunner@2767e23c]" started-at="2022-10-03T07:31:02 WIB" name="runScenario" description="Runs Cucumber Scenarios" data-provider="scenarios" finished-at="2022-10-03T07:31:10 WIB" duration-ms="8001" status="PASS">
          <params>
            <param index="0">
              <value>
                <![CDATA["TSAP004004 Admin menampilkan100 data admin"]]>
              </value>
            </param>
            <param index="1">
              <value>
                <![CDATA["TSAP004 Menampilkan data admin"]]>
              </value>
            </param>
          </params>
          <reporter-output>
          </reporter-output>
        </test-method> <!-- runScenario -->
        <test-method is-config="true" signature="tearDownClass()[pri:0, instance:com.sqa.psikotes.framework.runner.TestRunner@2767e23c]" started-at="2022-10-03T07:31:10 WIB" name="tearDownClass" finished-at="2022-10-03T07:31:10 WIB" duration-ms="305" status="PASS">
          <reporter-output>
          </reporter-output>
        </test-method> <!-- tearDownClass -->
      </class> <!-- com.sqa.psikotes.framework.runner.TestRunner -->
    </test> <!-- Default test -->
  </suite> <!-- Default suite -->
</testng-results>
