<?xml version="1.0" encoding="UTF-8"?>
<testng-results ignored="0" total="94" passed="90" failed="4" skipped="0">
  <reporter-output>
  </reporter-output>
  <suite started-at="2022-10-07T15:32:27 WIB" name="Default suite" finished-at="2022-10-07T15:57:07 WIB" duration-ms="1480222">
    <groups>
      <group name="cucumber">
        <method signature="AbstractTestNGCucumberTests.runScenario(io.cucumber.testng.PickleWrapper,io.cucumber.testng.FeatureWrapper)[pri:0, instance:com.sqa.psikotes.framework.runner.TestRunner@2767e23c]" name="runScenario" class="io.cucumber.testng.AbstractTestNGCucumberTests"/>
      </group> <!-- cucumber -->
    </groups>
    <test started-at="2022-10-07T15:32:27 WIB" name="Default test" finished-at="2022-10-07T15:57:07 WIB" duration-ms="1480222">
      <class name="com.sqa.psikotes.framework.runner.TestRunner">
        <test-method is-config="true" signature="setUpClass(org.testng.ITestContext)[pri:0, instance:com.sqa.psikotes.framework.runner.TestRunner@2767e23c]" started-at="2022-10-07T15:32:27 WIB" name="setUpClass" finished-at="2022-10-07T15:32:27 WIB" duration-ms="787" status="PASS">
          <params>
            <param index="0">
              <value>
                <![CDATA[org.testng.TestRunner@44747589]]>
              </value>
            </param>
          </params>
          <reporter-output>
          </reporter-output>
        </test-method> <!-- setUpClass -->
        <test-method signature="runScenario(io.cucumber.testng.PickleWrapper,io.cucumber.testng.FeatureWrapper)[pri:0, instance:com.sqa.psikotes.framework.runner.TestRunner@2767e23c]" started-at="2022-10-07T15:32:27 WIB" name="runScenario" description="Runs Cucumber Scenarios" data-provider="scenarios" finished-at="2022-10-07T15:32:42 WIB" duration-ms="14250" status="PASS">
          <params>
            <param index="0">
              <value>
                <![CDATA["TSAP001001 Admin masuk ke halaman admin"]]>
              </value>
            </param>
            <param index="1">
              <value>
                <![CDATA["TSAP001 Masuk halaman admin"]]>
              </value>
            </param>
          </params>
          <reporter-output>
          </reporter-output>
        </test-method> <!-- runScenario -->
        <test-method signature="runScenario(io.cucumber.testng.PickleWrapper,io.cucumber.testng.FeatureWrapper)[pri:0, instance:com.sqa.psikotes.framework.runner.TestRunner@2767e23c]" started-at="2022-10-07T15:32:42 WIB" name="runScenario" description="Runs Cucumber Scenarios" data-provider="scenarios" finished-at="2022-10-07T15:32:51 WIB" duration-ms="9155" status="PASS">
          <params>
            <param index="0">
              <value>
                <![CDATA["TSAP002001 Admin mencari data dengan tombol search"]]>
              </value>
            </param>
            <param index="1">
              <value>
                <![CDATA["TSAP002 Admin Search Data"]]>
              </value>
            </param>
          </params>
          <reporter-output>
          </reporter-output>
        </test-method> <!-- runScenario -->
        <test-method signature="runScenario(io.cucumber.testng.PickleWrapper,io.cucumber.testng.FeatureWrapper)[pri:0, instance:com.sqa.psikotes.framework.runner.TestRunner@2767e23c]" started-at="2022-10-07T15:32:51 WIB" name="runScenario" description="Runs Cucumber Scenarios" data-provider="scenarios" finished-at="2022-10-07T15:33:00 WIB" duration-ms="9140" status="PASS">
          <params>
            <param index="0">
              <value>
                <![CDATA["TSAP002001 Admin mencari data dengan tombol search"]]>
              </value>
            </param>
            <param index="1">
              <value>
                <![CDATA["TSAP002 Admin Search Data"]]>
              </value>
            </param>
          </params>
          <reporter-output>
          </reporter-output>
        </test-method> <!-- runScenario -->
        <test-method signature="runScenario(io.cucumber.testng.PickleWrapper,io.cucumber.testng.FeatureWrapper)[pri:0, instance:com.sqa.psikotes.framework.runner.TestRunner@2767e23c]" started-at="2022-10-07T15:33:00 WIB" name="runScenario" description="Runs Cucumber Scenarios" data-provider="scenarios" finished-at="2022-10-07T15:33:09 WIB" duration-ms="8931" status="PASS">
          <params>
            <param index="0">
              <value>
                <![CDATA["TSAP002001 Admin mencari data dengan tombol search"]]>
              </value>
            </param>
            <param index="1">
              <value>
                <![CDATA["TSAP002 Admin Search Data"]]>
              </value>
            </param>
          </params>
          <reporter-output>
          </reporter-output>
        </test-method> <!-- runScenario -->
        <test-method signature="runScenario(io.cucumber.testng.PickleWrapper,io.cucumber.testng.FeatureWrapper)[pri:0, instance:com.sqa.psikotes.framework.runner.TestRunner@2767e23c]" started-at="2022-10-07T15:33:09 WIB" name="runScenario" description="Runs Cucumber Scenarios" data-provider="scenarios" finished-at="2022-10-07T15:33:18 WIB" duration-ms="8857" status="PASS">
          <params>
            <param index="0">
              <value>
                <![CDATA["TSAP002001 Admin mencari data dengan tombol search"]]>
              </value>
            </param>
            <param index="1">
              <value>
                <![CDATA["TSAP002 Admin Search Data"]]>
              </value>
            </param>
          </params>
          <reporter-output>
          </reporter-output>
        </test-method> <!-- runScenario -->
        <test-method signature="runScenario(io.cucumber.testng.PickleWrapper,io.cucumber.testng.FeatureWrapper)[pri:0, instance:com.sqa.psikotes.framework.runner.TestRunner@2767e23c]" started-at="2022-10-07T15:33:18 WIB" name="runScenario" description="Runs Cucumber Scenarios" data-provider="scenarios" finished-at="2022-10-07T15:33:27 WIB" duration-ms="8945" status="PASS">
          <params>
            <param index="0">
              <value>
                <![CDATA["TSAP002001 Admin mencari data dengan tombol search"]]>
              </value>
            </param>
            <param index="1">
              <value>
                <![CDATA["TSAP002 Admin Search Data"]]>
              </value>
            </param>
          </params>
          <reporter-output>
          </reporter-output>
        </test-method> <!-- runScenario -->
        <test-method signature="runScenario(io.cucumber.testng.PickleWrapper,io.cucumber.testng.FeatureWrapper)[pri:0, instance:com.sqa.psikotes.framework.runner.TestRunner@2767e23c]" started-at="2022-10-07T15:33:27 WIB" name="runScenario" description="Runs Cucumber Scenarios" data-provider="scenarios" finished-at="2022-10-07T15:33:36 WIB" duration-ms="8821" status="PASS">
          <params>
            <param index="0">
              <value>
                <![CDATA["TSAP002001 Admin mencari data dengan tombol search"]]>
              </value>
            </param>
            <param index="1">
              <value>
                <![CDATA["TSAP002 Admin Search Data"]]>
              </value>
            </param>
          </params>
          <reporter-output>
          </reporter-output>
        </test-method> <!-- runScenario -->
        <test-method signature="runScenario(io.cucumber.testng.PickleWrapper,io.cucumber.testng.FeatureWrapper)[pri:0, instance:com.sqa.psikotes.framework.runner.TestRunner@2767e23c]" started-at="2022-10-07T15:33:36 WIB" name="runScenario" description="Runs Cucumber Scenarios" data-provider="scenarios" finished-at="2022-10-07T15:33:44 WIB" duration-ms="8898" status="PASS">
          <params>
            <param index="0">
              <value>
                <![CDATA["TSAP002002 Admin mencari data dengan  tombol enter (green button)"]]>
              </value>
            </param>
            <param index="1">
              <value>
                <![CDATA["TSAP002 Admin Search Data"]]>
              </value>
            </param>
          </params>
          <reporter-output>
          </reporter-output>
        </test-method> <!-- runScenario -->
        <test-method signature="runScenario(io.cucumber.testng.PickleWrapper,io.cucumber.testng.FeatureWrapper)[pri:0, instance:com.sqa.psikotes.framework.runner.TestRunner@2767e23c]" started-at="2022-10-07T15:33:44 WIB" name="runScenario" description="Runs Cucumber Scenarios" data-provider="scenarios" finished-at="2022-10-07T15:33:53 WIB" duration-ms="8835" status="PASS">
          <params>
            <param index="0">
              <value>
                <![CDATA["TSAP002002 Admin mencari data dengan  tombol enter (green button)"]]>
              </value>
            </param>
            <param index="1">
              <value>
                <![CDATA["TSAP002 Admin Search Data"]]>
              </value>
            </param>
          </params>
          <reporter-output>
          </reporter-output>
        </test-method> <!-- runScenario -->
        <test-method signature="runScenario(io.cucumber.testng.PickleWrapper,io.cucumber.testng.FeatureWrapper)[pri:0, instance:com.sqa.psikotes.framework.runner.TestRunner@2767e23c]" started-at="2022-10-07T15:33:53 WIB" name="runScenario" description="Runs Cucumber Scenarios" data-provider="scenarios" finished-at="2022-10-07T15:34:02 WIB" duration-ms="8881" status="PASS">
          <params>
            <param index="0">
              <value>
                <![CDATA["TSAP002002 Admin mencari data dengan  tombol enter (green button)"]]>
              </value>
            </param>
            <param index="1">
              <value>
                <![CDATA["TSAP002 Admin Search Data"]]>
              </value>
            </param>
          </params>
          <reporter-output>
          </reporter-output>
        </test-method> <!-- runScenario -->
        <test-method signature="runScenario(io.cucumber.testng.PickleWrapper,io.cucumber.testng.FeatureWrapper)[pri:0, instance:com.sqa.psikotes.framework.runner.TestRunner@2767e23c]" started-at="2022-10-07T15:34:02 WIB" name="runScenario" description="Runs Cucumber Scenarios" data-provider="scenarios" finished-at="2022-10-07T15:34:11 WIB" duration-ms="8859" status="PASS">
          <params>
            <param index="0">
              <value>
                <![CDATA["TSAP002002 Admin mencari data dengan  tombol enter (green button)"]]>
              </value>
            </param>
            <param index="1">
              <value>
                <![CDATA["TSAP002 Admin Search Data"]]>
              </value>
            </param>
          </params>
          <reporter-output>
          </reporter-output>
        </test-method> <!-- runScenario -->
        <test-method signature="runScenario(io.cucumber.testng.PickleWrapper,io.cucumber.testng.FeatureWrapper)[pri:0, instance:com.sqa.psikotes.framework.runner.TestRunner@2767e23c]" started-at="2022-10-07T15:34:11 WIB" name="runScenario" description="Runs Cucumber Scenarios" data-provider="scenarios" finished-at="2022-10-07T15:34:20 WIB" duration-ms="8815" status="PASS">
          <params>
            <param index="0">
              <value>
                <![CDATA["TSAP002002 Admin mencari data dengan  tombol enter (green button)"]]>
              </value>
            </param>
            <param index="1">
              <value>
                <![CDATA["TSAP002 Admin Search Data"]]>
              </value>
            </param>
          </params>
          <reporter-output>
          </reporter-output>
        </test-method> <!-- runScenario -->
        <test-method signature="runScenario(io.cucumber.testng.PickleWrapper,io.cucumber.testng.FeatureWrapper)[pri:0, instance:com.sqa.psikotes.framework.runner.TestRunner@2767e23c]" started-at="2022-10-07T15:34:20 WIB" name="runScenario" description="Runs Cucumber Scenarios" data-provider="scenarios" finished-at="2022-10-07T15:34:29 WIB" duration-ms="8847" status="PASS">
          <params>
            <param index="0">
              <value>
                <![CDATA["TSAP002002 Admin mencari data dengan  tombol enter (green button)"]]>
              </value>
            </param>
            <param index="1">
              <value>
                <![CDATA["TSAP002 Admin Search Data"]]>
              </value>
            </param>
          </params>
          <reporter-output>
          </reporter-output>
        </test-method> <!-- runScenario -->
        <test-method signature="runScenario(io.cucumber.testng.PickleWrapper,io.cucumber.testng.FeatureWrapper)[pri:0, instance:com.sqa.psikotes.framework.runner.TestRunner@2767e23c]" started-at="2022-10-07T15:34:29 WIB" name="runScenario" description="Runs Cucumber Scenarios" data-provider="scenarios" finished-at="2022-10-07T15:34:37 WIB" duration-ms="8746" status="PASS">
          <params>
            <param index="0">
              <value>
                <![CDATA["TSAP002003 Admin mencari data dengan tombol enter pada keyboard"]]>
              </value>
            </param>
            <param index="1">
              <value>
                <![CDATA["TSAP002 Admin Search Data"]]>
              </value>
            </param>
          </params>
          <reporter-output>
          </reporter-output>
        </test-method> <!-- runScenario -->
        <test-method signature="runScenario(io.cucumber.testng.PickleWrapper,io.cucumber.testng.FeatureWrapper)[pri:0, instance:com.sqa.psikotes.framework.runner.TestRunner@2767e23c]" started-at="2022-10-07T15:34:37 WIB" name="runScenario" description="Runs Cucumber Scenarios" data-provider="scenarios" finished-at="2022-10-07T15:34:46 WIB" duration-ms="8832" status="PASS">
          <params>
            <param index="0">
              <value>
                <![CDATA["TSAP002003 Admin mencari data dengan tombol enter pada keyboard"]]>
              </value>
            </param>
            <param index="1">
              <value>
                <![CDATA["TSAP002 Admin Search Data"]]>
              </value>
            </param>
          </params>
          <reporter-output>
          </reporter-output>
        </test-method> <!-- runScenario -->
        <test-method signature="runScenario(io.cucumber.testng.PickleWrapper,io.cucumber.testng.FeatureWrapper)[pri:0, instance:com.sqa.psikotes.framework.runner.TestRunner@2767e23c]" started-at="2022-10-07T15:34:46 WIB" name="runScenario" description="Runs Cucumber Scenarios" data-provider="scenarios" finished-at="2022-10-07T15:34:55 WIB" duration-ms="8750" status="PASS">
          <params>
            <param index="0">
              <value>
                <![CDATA["TSAP002003 Admin mencari data dengan tombol enter pada keyboard"]]>
              </value>
            </param>
            <param index="1">
              <value>
                <![CDATA["TSAP002 Admin Search Data"]]>
              </value>
            </param>
          </params>
          <reporter-output>
          </reporter-output>
        </test-method> <!-- runScenario -->
        <test-method signature="runScenario(io.cucumber.testng.PickleWrapper,io.cucumber.testng.FeatureWrapper)[pri:0, instance:com.sqa.psikotes.framework.runner.TestRunner@2767e23c]" started-at="2022-10-07T15:34:55 WIB" name="runScenario" description="Runs Cucumber Scenarios" data-provider="scenarios" finished-at="2022-10-07T15:35:04 WIB" duration-ms="8808" status="PASS">
          <params>
            <param index="0">
              <value>
                <![CDATA["TSAP002003 Admin mencari data dengan tombol enter pada keyboard"]]>
              </value>
            </param>
            <param index="1">
              <value>
                <![CDATA["TSAP002 Admin Search Data"]]>
              </value>
            </param>
          </params>
          <reporter-output>
          </reporter-output>
        </test-method> <!-- runScenario -->
        <test-method signature="runScenario(io.cucumber.testng.PickleWrapper,io.cucumber.testng.FeatureWrapper)[pri:0, instance:com.sqa.psikotes.framework.runner.TestRunner@2767e23c]" started-at="2022-10-07T15:35:04 WIB" name="runScenario" description="Runs Cucumber Scenarios" data-provider="scenarios" finished-at="2022-10-07T15:35:13 WIB" duration-ms="9043" status="PASS">
          <params>
            <param index="0">
              <value>
                <![CDATA["TSAP002003 Admin mencari data dengan tombol enter pada keyboard"]]>
              </value>
            </param>
            <param index="1">
              <value>
                <![CDATA["TSAP002 Admin Search Data"]]>
              </value>
            </param>
          </params>
          <reporter-output>
          </reporter-output>
        </test-method> <!-- runScenario -->
        <test-method signature="runScenario(io.cucumber.testng.PickleWrapper,io.cucumber.testng.FeatureWrapper)[pri:0, instance:com.sqa.psikotes.framework.runner.TestRunner@2767e23c]" started-at="2022-10-07T15:35:13 WIB" name="runScenario" description="Runs Cucumber Scenarios" data-provider="scenarios" finished-at="2022-10-07T15:35:22 WIB" duration-ms="8787" status="PASS">
          <params>
            <param index="0">
              <value>
                <![CDATA["TSAP002003 Admin mencari data dengan tombol enter pada keyboard"]]>
              </value>
            </param>
            <param index="1">
              <value>
                <![CDATA["TSAP002 Admin Search Data"]]>
              </value>
            </param>
          </params>
          <reporter-output>
          </reporter-output>
        </test-method> <!-- runScenario -->
        <test-method signature="runScenario(io.cucumber.testng.PickleWrapper,io.cucumber.testng.FeatureWrapper)[pri:0, instance:com.sqa.psikotes.framework.runner.TestRunner@2767e23c]" started-at="2022-10-07T15:35:22 WIB" name="runScenario" description="Runs Cucumber Scenarios" data-provider="scenarios" finished-at="2022-10-07T15:35:42 WIB" duration-ms="20092" status="FAIL">
          <params>
            <param index="0">
              <value>
                <![CDATA["TSAP003001 Admin menyetujui menambahkan data akun admin"]]>
              </value>
            </param>
            <param index="1">
              <value>
                <![CDATA["TSAP003 Tambah data akun admin"]]>
              </value>
            </param>
          </params>
          <exception class="org.openqa.selenium.ElementNotInteractableException">
            <message>
              <![CDATA[element not interactable
  (Session info: chrome=106.0.5249.103)
Build info: version: '4.4.0', revision: 'e5c75ed026a'
System info: host: 'LAPTOP-ASKQ9BMM', ip: '10.0.0.250', os.name: 'Windows 10', os.arch: 'amd64', os.version: '10.0', java.version: '17.0.4.1'
Driver info: org.openqa.selenium.chrome.ChromeDriver
Command: [53b43f3dcae921f643ce3d3a88449cc9, sendKeysToElement {id=cb27f0cf-e821-4d39-8b97-319ca07a3c69, value=[Ljava.lang.CharSequence;@5b430541}]
Capabilities {acceptInsecureCerts: false, browserName: chrome, browserVersion: 106.0.5249.103, chrome: {chromedriverVersion: 106.0.5249.61 (511755355844..., userDataDir: C:\Users\NEXSOFT\AppData\Lo...}, goog:chromeOptions: {debuggerAddress: localhost:57895}, networkConnectionEnabled: false, pageLoadStrategy: normal, platformName: WINDOWS, proxy: Proxy(), se:cdp: ws://localhost:57895/devtoo..., se:cdpVersion: 106.0.5249.103, setWindowRect: true, strictFileInteractability: false, timeouts: {implicit: 0, pageLoad: 300000, script: 30000}, unhandledPromptBehavior: dismiss and notify, webauthn:extension:credBlob: true, webauthn:extension:largeBlob: true, webauthn:virtualAuthenticators: true}
Element: [[ChromeDriver: chrome on WINDOWS (53b43f3dcae921f643ce3d3a88449cc9)] -> xpath: //input[@id='tl_user_management--51690_text']]
Session ID: 53b43f3dcae921f643ce3d3a88449cc9]]>
            </message>
            <full-stacktrace>
              <![CDATA[org.openqa.selenium.ElementNotInteractableException: element not interactable
  (Session info: chrome=106.0.5249.103)
Build info: version: '4.4.0', revision: 'e5c75ed026a'
System info: host: 'LAPTOP-ASKQ9BMM', ip: '10.0.0.250', os.name: 'Windows 10', os.arch: 'amd64', os.version: '10.0', java.version: '17.0.4.1'
Driver info: org.openqa.selenium.chrome.ChromeDriver
Command: [53b43f3dcae921f643ce3d3a88449cc9, sendKeysToElement {id=cb27f0cf-e821-4d39-8b97-319ca07a3c69, value=[Ljava.lang.CharSequence;@5b430541}]
Capabilities {acceptInsecureCerts: false, browserName: chrome, browserVersion: 106.0.5249.103, chrome: {chromedriverVersion: 106.0.5249.61 (511755355844..., userDataDir: C:\Users\NEXSOFT\AppData\Lo...}, goog:chromeOptions: {debuggerAddress: localhost:57895}, networkConnectionEnabled: false, pageLoadStrategy: normal, platformName: WINDOWS, proxy: Proxy(), se:cdp: ws://localhost:57895/devtoo..., se:cdpVersion: 106.0.5249.103, setWindowRect: true, strictFileInteractability: false, timeouts: {implicit: 0, pageLoad: 300000, script: 30000}, unhandledPromptBehavior: dismiss and notify, webauthn:extension:credBlob: true, webauthn:extension:largeBlob: true, webauthn:virtualAuthenticators: true}
Element: [[ChromeDriver: chrome on WINDOWS (53b43f3dcae921f643ce3d3a88449cc9)] -> xpath: //input[@id='tl_user_management--51690_text']]
Session ID: 53b43f3dcae921f643ce3d3a88449cc9
at java.base/jdk.internal.reflect.NativeConstructorAccessorImpl.newInstance0(Native Method)
at java.base/jdk.internal.reflect.NativeConstructorAccessorImpl.newInstance(NativeConstructorAccessorImpl.java:77)
at java.base/jdk.internal.reflect.DelegatingConstructorAccessorImpl.newInstance(DelegatingConstructorAccessorImpl.java:45)
at java.base/java.lang.reflect.Constructor.newInstanceWithCaller(Constructor.java:499)
at java.base/java.lang.reflect.Constructor.newInstance(Constructor.java:480)
at org.openqa.selenium.remote.codec.w3c.W3CHttpResponseCodec.createException(W3CHttpResponseCodec.java:200)
at org.openqa.selenium.remote.codec.w3c.W3CHttpResponseCodec.decode(W3CHttpResponseCodec.java:133)
at org.openqa.selenium.remote.codec.w3c.W3CHttpResponseCodec.decode(W3CHttpResponseCodec.java:53)
at org.openqa.selenium.remote.HttpCommandExecutor.execute(HttpCommandExecutor.java:184)
at org.openqa.selenium.remote.service.DriverCommandExecutor.invokeExecute(DriverCommandExecutor.java:167)
at org.openqa.selenium.remote.service.DriverCommandExecutor.execute(DriverCommandExecutor.java:142)
at org.openqa.selenium.remote.RemoteWebDriver.execute(RemoteWebDriver.java:547)
at org.openqa.selenium.remote.RemoteWebElement.execute(RemoteWebElement.java:257)
at org.openqa.selenium.remote.RemoteWebElement.sendKeys(RemoteWebElement.java:113)
at jdk.internal.reflect.GeneratedMethodAccessor120.invoke(Unknown Source)
at java.base/jdk.internal.reflect.DelegatingMethodAccessorImpl.invoke(DelegatingMethodAccessorImpl.java:43)
at java.base/java.lang.reflect.Method.invoke(Method.java:568)
at org.openqa.selenium.support.pagefactory.internal.LocatingElementHandler.invoke(LocatingElementHandler.java:52)
at jdk.proxy2/jdk.proxy2.$Proxy31.sendKeys(Unknown Source)
at com.sqa.psikotes.framework.page.AdminPage.searchDataAdmin(AdminPage.java:295)
at com.sqa.psikotes.framework.runner.TestAPTambahDataAdminValid.tsap003001_admin_berhasil_menambahkan_data_akun(TestAPTambahDataAdminValid.java:62)
at ✽.TSAP003001 Admin berhasil menambahkan Marissa akun(file:///C:/Users/NEXSOFT/git/TARunanto/TARunanto/src/main/resources/features/059APTambahDataAdminValid.feature:15)
]]>
            </full-stacktrace>
          </exception> <!-- org.openqa.selenium.ElementNotInteractableException -->
          <reporter-output>
          </reporter-output>
        </test-method> <!-- runScenario -->
        <test-method signature="runScenario(io.cucumber.testng.PickleWrapper,io.cucumber.testng.FeatureWrapper)[pri:0, instance:com.sqa.psikotes.framework.runner.TestRunner@2767e23c]" started-at="2022-10-07T15:35:42 WIB" name="runScenario" description="Runs Cucumber Scenarios" data-provider="scenarios" finished-at="2022-10-07T15:36:06 WIB" duration-ms="24101" status="PASS">
          <params>
            <param index="0">
              <value>
                <![CDATA["TSAP003002 Admin tidak menyetujui menambahkan data akun admin"]]>
              </value>
            </param>
            <param index="1">
              <value>
                <![CDATA["TSAP003 Tambah data akun admin"]]>
              </value>
            </param>
          </params>
          <reporter-output>
          </reporter-output>
        </test-method> <!-- runScenario -->
        <test-method signature="runScenario(io.cucumber.testng.PickleWrapper,io.cucumber.testng.FeatureWrapper)[pri:0, instance:com.sqa.psikotes.framework.runner.TestRunner@2767e23c]" started-at="2022-10-07T15:36:06 WIB" name="runScenario" description="Runs Cucumber Scenarios" data-provider="scenarios" finished-at="2022-10-07T15:36:15 WIB" duration-ms="8983" status="PASS">
          <params>
            <param index="0">
              <value>
                <![CDATA["TSAP004001 Admin menampilkan10 data admin"]]>
              </value>
            </param>
            <param index="1">
              <value>
                <![CDATA["TSAP004 Menampilkan data admin"]]>
              </value>
            </param>
          </params>
          <reporter-output>
          </reporter-output>
        </test-method> <!-- runScenario -->
        <test-method signature="runScenario(io.cucumber.testng.PickleWrapper,io.cucumber.testng.FeatureWrapper)[pri:0, instance:com.sqa.psikotes.framework.runner.TestRunner@2767e23c]" started-at="2022-10-07T15:36:15 WIB" name="runScenario" description="Runs Cucumber Scenarios" data-provider="scenarios" finished-at="2022-10-07T15:36:24 WIB" duration-ms="8950" status="PASS">
          <params>
            <param index="0">
              <value>
                <![CDATA["TSAP004002 Admin menampilkan25 data admin"]]>
              </value>
            </param>
            <param index="1">
              <value>
                <![CDATA["TSAP004 Menampilkan data admin"]]>
              </value>
            </param>
          </params>
          <reporter-output>
          </reporter-output>
        </test-method> <!-- runScenario -->
        <test-method signature="runScenario(io.cucumber.testng.PickleWrapper,io.cucumber.testng.FeatureWrapper)[pri:0, instance:com.sqa.psikotes.framework.runner.TestRunner@2767e23c]" started-at="2022-10-07T15:36:24 WIB" name="runScenario" description="Runs Cucumber Scenarios" data-provider="scenarios" finished-at="2022-10-07T15:36:33 WIB" duration-ms="9019" status="PASS">
          <params>
            <param index="0">
              <value>
                <![CDATA["TSAP004003 Admin menampilkan50 data admin"]]>
              </value>
            </param>
            <param index="1">
              <value>
                <![CDATA["TSAP004 Menampilkan data admin"]]>
              </value>
            </param>
          </params>
          <reporter-output>
          </reporter-output>
        </test-method> <!-- runScenario -->
        <test-method signature="runScenario(io.cucumber.testng.PickleWrapper,io.cucumber.testng.FeatureWrapper)[pri:0, instance:com.sqa.psikotes.framework.runner.TestRunner@2767e23c]" started-at="2022-10-07T15:36:33 WIB" name="runScenario" description="Runs Cucumber Scenarios" data-provider="scenarios" finished-at="2022-10-07T15:36:41 WIB" duration-ms="7922" status="PASS">
          <params>
            <param index="0">
              <value>
                <![CDATA["TSAP004004 Admin menampilkan100 data admin"]]>
              </value>
            </param>
            <param index="1">
              <value>
                <![CDATA["TSAP004 Menampilkan data admin"]]>
              </value>
            </param>
          </params>
          <reporter-output>
          </reporter-output>
        </test-method> <!-- runScenario -->
        <test-method signature="runScenario(io.cucumber.testng.PickleWrapper,io.cucumber.testng.FeatureWrapper)[pri:0, instance:com.sqa.psikotes.framework.runner.TestRunner@2767e23c]" started-at="2022-10-07T15:36:41 WIB" name="runScenario" description="Runs Cucumber Scenarios" data-provider="scenarios" finished-at="2022-10-07T15:36:51 WIB" duration-ms="9975" status="PASS">
          <params>
            <param index="0">
              <value>
                <![CDATA["TSAP005001 Admin menampilkan10 data  admin pada page ke1"]]>
              </value>
            </param>
            <param index="1">
              <value>
                <![CDATA["TSAP005 Menampilkan10 Data admin"]]>
              </value>
            </param>
          </params>
          <reporter-output>
          </reporter-output>
        </test-method> <!-- runScenario -->
        <test-method signature="runScenario(io.cucumber.testng.PickleWrapper,io.cucumber.testng.FeatureWrapper)[pri:0, instance:com.sqa.psikotes.framework.runner.TestRunner@2767e23c]" started-at="2022-10-07T15:36:51 WIB" name="runScenario" description="Runs Cucumber Scenarios" data-provider="scenarios" finished-at="2022-10-07T15:37:01 WIB" duration-ms="9869" status="PASS">
          <params>
            <param index="0">
              <value>
                <![CDATA["TSAP005002 Admin menampilkan10 data  admin pada page ke2"]]>
              </value>
            </param>
            <param index="1">
              <value>
                <![CDATA["TSAP005 Menampilkan10 Data admin"]]>
              </value>
            </param>
          </params>
          <reporter-output>
          </reporter-output>
        </test-method> <!-- runScenario -->
        <test-method signature="runScenario(io.cucumber.testng.PickleWrapper,io.cucumber.testng.FeatureWrapper)[pri:0, instance:com.sqa.psikotes.framework.runner.TestRunner@2767e23c]" started-at="2022-10-07T15:37:01 WIB" name="runScenario" description="Runs Cucumber Scenarios" data-provider="scenarios" finished-at="2022-10-07T15:37:11 WIB" duration-ms="9886" status="PASS">
          <params>
            <param index="0">
              <value>
                <![CDATA["TSAP005003 Admin menampilkan10 data  admin pada page ke3"]]>
              </value>
            </param>
            <param index="1">
              <value>
                <![CDATA["TSAP005 Menampilkan10 Data admin"]]>
              </value>
            </param>
          </params>
          <reporter-output>
          </reporter-output>
        </test-method> <!-- runScenario -->
        <test-method signature="runScenario(io.cucumber.testng.PickleWrapper,io.cucumber.testng.FeatureWrapper)[pri:0, instance:com.sqa.psikotes.framework.runner.TestRunner@2767e23c]" started-at="2022-10-07T15:37:11 WIB" name="runScenario" description="Runs Cucumber Scenarios" data-provider="scenarios" finished-at="2022-10-07T15:37:20 WIB" duration-ms="9832" status="PASS">
          <params>
            <param index="0">
              <value>
                <![CDATA["TSAP005004 Admin menampilkan10 data  admin pada page ke4"]]>
              </value>
            </param>
            <param index="1">
              <value>
                <![CDATA["TSAP005 Menampilkan10 Data admin"]]>
              </value>
            </param>
          </params>
          <reporter-output>
          </reporter-output>
        </test-method> <!-- runScenario -->
        <test-method signature="runScenario(io.cucumber.testng.PickleWrapper,io.cucumber.testng.FeatureWrapper)[pri:0, instance:com.sqa.psikotes.framework.runner.TestRunner@2767e23c]" started-at="2022-10-07T15:37:20 WIB" name="runScenario" description="Runs Cucumber Scenarios" data-provider="scenarios" finished-at="2022-10-07T15:37:30 WIB" duration-ms="9852" status="PASS">
          <params>
            <param index="0">
              <value>
                <![CDATA["TSAP005005 Admin menampilkan10 data  admin pada page ke5"]]>
              </value>
            </param>
            <param index="1">
              <value>
                <![CDATA["TSAP005 Menampilkan10 Data admin"]]>
              </value>
            </param>
          </params>
          <reporter-output>
          </reporter-output>
        </test-method> <!-- runScenario -->
        <test-method signature="runScenario(io.cucumber.testng.PickleWrapper,io.cucumber.testng.FeatureWrapper)[pri:0, instance:com.sqa.psikotes.framework.runner.TestRunner@2767e23c]" started-at="2022-10-07T15:37:30 WIB" name="runScenario" description="Runs Cucumber Scenarios" data-provider="scenarios" finished-at="2022-10-07T15:37:40 WIB" duration-ms="9848" status="PASS">
          <params>
            <param index="0">
              <value>
                <![CDATA["TSAP005006 Admin menampilkan10 data  admin pada page ke6"]]>
              </value>
            </param>
            <param index="1">
              <value>
                <![CDATA["TSAP005 Menampilkan10 Data admin"]]>
              </value>
            </param>
          </params>
          <reporter-output>
          </reporter-output>
        </test-method> <!-- runScenario -->
        <test-method signature="runScenario(io.cucumber.testng.PickleWrapper,io.cucumber.testng.FeatureWrapper)[pri:0, instance:com.sqa.psikotes.framework.runner.TestRunner@2767e23c]" started-at="2022-10-07T15:37:40 WIB" name="runScenario" description="Runs Cucumber Scenarios" data-provider="scenarios" finished-at="2022-10-07T15:37:51 WIB" duration-ms="10951" status="PASS">
          <params>
            <param index="0">
              <value>
                <![CDATA["TSAP005007 Admin menampilkan10 data  admin pada page ke7"]]>
              </value>
            </param>
            <param index="1">
              <value>
                <![CDATA["TSAP005 Menampilkan10 Data admin"]]>
              </value>
            </param>
          </params>
          <reporter-output>
          </reporter-output>
        </test-method> <!-- runScenario -->
        <test-method signature="runScenario(io.cucumber.testng.PickleWrapper,io.cucumber.testng.FeatureWrapper)[pri:0, instance:com.sqa.psikotes.framework.runner.TestRunner@2767e23c]" started-at="2022-10-07T15:37:51 WIB" name="runScenario" description="Runs Cucumber Scenarios" data-provider="scenarios" finished-at="2022-10-07T15:38:02 WIB" duration-ms="10984" status="PASS">
          <params>
            <param index="0">
              <value>
                <![CDATA["TSAP005008 Admin menampilkan10 data  admin pada page ke8"]]>
              </value>
            </param>
            <param index="1">
              <value>
                <![CDATA["TSAP005 Menampilkan10 Data admin"]]>
              </value>
            </param>
          </params>
          <reporter-output>
          </reporter-output>
        </test-method> <!-- runScenario -->
        <test-method signature="runScenario(io.cucumber.testng.PickleWrapper,io.cucumber.testng.FeatureWrapper)[pri:0, instance:com.sqa.psikotes.framework.runner.TestRunner@2767e23c]" started-at="2022-10-07T15:38:02 WIB" name="runScenario" description="Runs Cucumber Scenarios" data-provider="scenarios" finished-at="2022-10-07T15:38:13 WIB" duration-ms="10955" status="PASS">
          <params>
            <param index="0">
              <value>
                <![CDATA["TSAP005009 Admin menampilkan10 data  admin pada page ke9"]]>
              </value>
            </param>
            <param index="1">
              <value>
                <![CDATA["TSAP005 Menampilkan10 Data admin"]]>
              </value>
            </param>
          </params>
          <reporter-output>
          </reporter-output>
        </test-method> <!-- runScenario -->
        <test-method signature="runScenario(io.cucumber.testng.PickleWrapper,io.cucumber.testng.FeatureWrapper)[pri:0, instance:com.sqa.psikotes.framework.runner.TestRunner@2767e23c]" started-at="2022-10-07T15:38:13 WIB" name="runScenario" description="Runs Cucumber Scenarios" data-provider="scenarios" finished-at="2022-10-07T15:38:24 WIB" duration-ms="10867" status="PASS">
          <params>
            <param index="0">
              <value>
                <![CDATA["TSAP005010 Admin menampilkan10 data  admin pada page ke10"]]>
              </value>
            </param>
            <param index="1">
              <value>
                <![CDATA["TSAP005 Menampilkan10 Data admin"]]>
              </value>
            </param>
          </params>
          <reporter-output>
          </reporter-output>
        </test-method> <!-- runScenario -->
        <test-method signature="runScenario(io.cucumber.testng.PickleWrapper,io.cucumber.testng.FeatureWrapper)[pri:0, instance:com.sqa.psikotes.framework.runner.TestRunner@2767e23c]" started-at="2022-10-07T15:38:24 WIB" name="runScenario" description="Runs Cucumber Scenarios" data-provider="scenarios" finished-at="2022-10-07T15:38:35 WIB" duration-ms="10992" status="PASS">
          <params>
            <param index="0">
              <value>
                <![CDATA["TSAP005011 Admin menampilkan10 data admin pada page paling awal"]]>
              </value>
            </param>
            <param index="1">
              <value>
                <![CDATA["TSAP005 Menampilkan10 Data admin"]]>
              </value>
            </param>
          </params>
          <reporter-output>
          </reporter-output>
        </test-method> <!-- runScenario -->
        <test-method signature="runScenario(io.cucumber.testng.PickleWrapper,io.cucumber.testng.FeatureWrapper)[pri:0, instance:com.sqa.psikotes.framework.runner.TestRunner@2767e23c]" started-at="2022-10-07T15:38:35 WIB" name="runScenario" description="Runs Cucumber Scenarios" data-provider="scenarios" finished-at="2022-10-07T15:38:45 WIB" duration-ms="9848" status="PASS">
          <params>
            <param index="0">
              <value>
                <![CDATA["TSAP005012 Admin menampilkan10 data admin pada page paling terakhir"]]>
              </value>
            </param>
            <param index="1">
              <value>
                <![CDATA["TSAP005 Menampilkan10 Data admin"]]>
              </value>
            </param>
          </params>
          <reporter-output>
          </reporter-output>
        </test-method> <!-- runScenario -->
        <test-method signature="runScenario(io.cucumber.testng.PickleWrapper,io.cucumber.testng.FeatureWrapper)[pri:0, instance:com.sqa.psikotes.framework.runner.TestRunner@2767e23c]" started-at="2022-10-07T15:38:45 WIB" name="runScenario" description="Runs Cucumber Scenarios" data-provider="scenarios" finished-at="2022-10-07T15:38:55 WIB" duration-ms="9880" status="PASS">
          <params>
            <param index="0">
              <value>
                <![CDATA["TSAP006001 Admin menampilkan25 data admin pada page ke1"]]>
              </value>
            </param>
            <param index="1">
              <value>
                <![CDATA["TSAP006 Menampilkan25 data admin"]]>
              </value>
            </param>
          </params>
          <reporter-output>
          </reporter-output>
        </test-method> <!-- runScenario -->
        <test-method signature="runScenario(io.cucumber.testng.PickleWrapper,io.cucumber.testng.FeatureWrapper)[pri:0, instance:com.sqa.psikotes.framework.runner.TestRunner@2767e23c]" started-at="2022-10-07T15:38:55 WIB" name="runScenario" description="Runs Cucumber Scenarios" data-provider="scenarios" finished-at="2022-10-07T15:39:04 WIB" duration-ms="9848" status="PASS">
          <params>
            <param index="0">
              <value>
                <![CDATA["TSAP006002 Admin menampilkan25 data admin pada page ke2"]]>
              </value>
            </param>
            <param index="1">
              <value>
                <![CDATA["TSAP006 Menampilkan25 data admin"]]>
              </value>
            </param>
          </params>
          <reporter-output>
          </reporter-output>
        </test-method> <!-- runScenario -->
        <test-method signature="runScenario(io.cucumber.testng.PickleWrapper,io.cucumber.testng.FeatureWrapper)[pri:0, instance:com.sqa.psikotes.framework.runner.TestRunner@2767e23c]" started-at="2022-10-07T15:39:04 WIB" name="runScenario" description="Runs Cucumber Scenarios" data-provider="scenarios" finished-at="2022-10-07T15:39:14 WIB" duration-ms="9916" status="PASS">
          <params>
            <param index="0">
              <value>
                <![CDATA["TSAP006003 Admin menampilkan25 data admin pada page ke3"]]>
              </value>
            </param>
            <param index="1">
              <value>
                <![CDATA["TSAP006 Menampilkan25 data admin"]]>
              </value>
            </param>
          </params>
          <reporter-output>
          </reporter-output>
        </test-method> <!-- runScenario -->
        <test-method signature="runScenario(io.cucumber.testng.PickleWrapper,io.cucumber.testng.FeatureWrapper)[pri:0, instance:com.sqa.psikotes.framework.runner.TestRunner@2767e23c]" started-at="2022-10-07T15:39:14 WIB" name="runScenario" description="Runs Cucumber Scenarios" data-provider="scenarios" finished-at="2022-10-07T15:39:24 WIB" duration-ms="9929" status="PASS">
          <params>
            <param index="0">
              <value>
                <![CDATA["TSAP006004 Admin menampilkan25 data admin pada page ke4"]]>
              </value>
            </param>
            <param index="1">
              <value>
                <![CDATA["TSAP006 Menampilkan25 data admin"]]>
              </value>
            </param>
          </params>
          <reporter-output>
          </reporter-output>
        </test-method> <!-- runScenario -->
        <test-method signature="runScenario(io.cucumber.testng.PickleWrapper,io.cucumber.testng.FeatureWrapper)[pri:0, instance:com.sqa.psikotes.framework.runner.TestRunner@2767e23c]" started-at="2022-10-07T15:39:24 WIB" name="runScenario" description="Runs Cucumber Scenarios" data-provider="scenarios" finished-at="2022-10-07T15:39:35 WIB" duration-ms="10912" status="PASS">
          <params>
            <param index="0">
              <value>
                <![CDATA["TSAP006005 Admin menampilkan25 data admin pada page paling awal"]]>
              </value>
            </param>
            <param index="1">
              <value>
                <![CDATA["TSAP006 Menampilkan25 data admin"]]>
              </value>
            </param>
          </params>
          <reporter-output>
          </reporter-output>
        </test-method> <!-- runScenario -->
        <test-method signature="runScenario(io.cucumber.testng.PickleWrapper,io.cucumber.testng.FeatureWrapper)[pri:0, instance:com.sqa.psikotes.framework.runner.TestRunner@2767e23c]" started-at="2022-10-07T15:39:35 WIB" name="runScenario" description="Runs Cucumber Scenarios" data-provider="scenarios" finished-at="2022-10-07T15:39:45 WIB" duration-ms="10046" status="PASS">
          <params>
            <param index="0">
              <value>
                <![CDATA["TSAP006006 Admin menampilkan25 data admin pada page paling terakhir"]]>
              </value>
            </param>
            <param index="1">
              <value>
                <![CDATA["TSAP006 Menampilkan25 data admin"]]>
              </value>
            </param>
          </params>
          <reporter-output>
          </reporter-output>
        </test-method> <!-- runScenario -->
        <test-method signature="runScenario(io.cucumber.testng.PickleWrapper,io.cucumber.testng.FeatureWrapper)[pri:0, instance:com.sqa.psikotes.framework.runner.TestRunner@2767e23c]" started-at="2022-10-07T15:39:45 WIB" name="runScenario" description="Runs Cucumber Scenarios" data-provider="scenarios" finished-at="2022-10-07T15:39:55 WIB" duration-ms="9907" status="PASS">
          <params>
            <param index="0">
              <value>
                <![CDATA["TSAP007001 Admin menampilkan50 data admin pada page ke1"]]>
              </value>
            </param>
            <param index="1">
              <value>
                <![CDATA["TSAP007 Menampilkan50 data admin"]]>
              </value>
            </param>
          </params>
          <reporter-output>
          </reporter-output>
        </test-method> <!-- runScenario -->
        <test-method signature="runScenario(io.cucumber.testng.PickleWrapper,io.cucumber.testng.FeatureWrapper)[pri:0, instance:com.sqa.psikotes.framework.runner.TestRunner@2767e23c]" started-at="2022-10-07T15:39:55 WIB" name="runScenario" description="Runs Cucumber Scenarios" data-provider="scenarios" finished-at="2022-10-07T15:40:05 WIB" duration-ms="9926" status="PASS">
          <params>
            <param index="0">
              <value>
                <![CDATA["TSAP007002 Admin menampilkan50 data admin pada page ke2"]]>
              </value>
            </param>
            <param index="1">
              <value>
                <![CDATA["TSAP007 Menampilkan50 data admin"]]>
              </value>
            </param>
          </params>
          <reporter-output>
          </reporter-output>
        </test-method> <!-- runScenario -->
        <test-method signature="runScenario(io.cucumber.testng.PickleWrapper,io.cucumber.testng.FeatureWrapper)[pri:0, instance:com.sqa.psikotes.framework.runner.TestRunner@2767e23c]" started-at="2022-10-07T15:40:05 WIB" name="runScenario" description="Runs Cucumber Scenarios" data-provider="scenarios" finished-at="2022-10-07T15:40:17 WIB" duration-ms="11763" status="PASS">
          <params>
            <param index="0">
              <value>
                <![CDATA["TSAP007003 Admin menampilkan50 data admin pada page >>"]]>
              </value>
            </param>
            <param index="1">
              <value>
                <![CDATA["TSAP007 Menampilkan50 data admin"]]>
              </value>
            </param>
          </params>
          <reporter-output>
          </reporter-output>
        </test-method> <!-- runScenario -->
        <test-method signature="runScenario(io.cucumber.testng.PickleWrapper,io.cucumber.testng.FeatureWrapper)[pri:0, instance:com.sqa.psikotes.framework.runner.TestRunner@2767e23c]" started-at="2022-10-07T15:40:17 WIB" name="runScenario" description="Runs Cucumber Scenarios" data-provider="scenarios" finished-at="2022-10-07T15:40:28 WIB" duration-ms="10936" status="PASS">
          <params>
            <param index="0">
              <value>
                <![CDATA["TSAP007004 Admin menampilkan50 data admin pada page <<"]]>
              </value>
            </param>
            <param index="1">
              <value>
                <![CDATA["TSAP007 Menampilkan50 data admin"]]>
              </value>
            </param>
          </params>
          <reporter-output>
          </reporter-output>
        </test-method> <!-- runScenario -->
        <test-method signature="runScenario(io.cucumber.testng.PickleWrapper,io.cucumber.testng.FeatureWrapper)[pri:0, instance:com.sqa.psikotes.framework.runner.TestRunner@2767e23c]" started-at="2022-10-07T15:40:28 WIB" name="runScenario" description="Runs Cucumber Scenarios" data-provider="scenarios" finished-at="2022-10-07T15:40:37 WIB" duration-ms="8855" status="PASS">
          <params>
            <param index="0">
              <value>
                <![CDATA["TSAP008001 Admin menampilkan100 data admin pada page ke1"]]>
              </value>
            </param>
            <param index="1">
              <value>
                <![CDATA["TSAP008 Menampilkan100 data admin"]]>
              </value>
            </param>
          </params>
          <reporter-output>
          </reporter-output>
        </test-method> <!-- runScenario -->
        <test-method signature="runScenario(io.cucumber.testng.PickleWrapper,io.cucumber.testng.FeatureWrapper)[pri:0, instance:com.sqa.psikotes.framework.runner.TestRunner@2767e23c]" started-at="2022-10-07T15:40:37 WIB" name="runScenario" description="Runs Cucumber Scenarios" data-provider="scenarios" finished-at="2022-10-07T15:41:14 WIB" duration-ms="37914" status="FAIL">
          <params>
            <param index="0">
              <value>
                <![CDATA["TSAP009001 Admin mereset passwod akun admin"]]>
              </value>
            </param>
            <param index="1">
              <value>
                <![CDATA["TSAP009 Reset Password Akun admin"]]>
              </value>
            </param>
          </params>
          <exception class="org.openqa.selenium.NoSuchElementException">
            <message>
              <![CDATA[no such element: Unable to locate element: {"method":"css selector","selector":"*[name='tl_user_management--51688_text']"}
  (Session info: chrome=106.0.5249.103)
For documentation on this error, please visit: https://selenium.dev/exceptions/#no_such_element
Build info: version: '4.4.0', revision: 'e5c75ed026a'
System info: host: 'LAPTOP-ASKQ9BMM', ip: '10.0.0.250', os.name: 'Windows 10', os.arch: 'amd64', os.version: '10.0', java.version: '17.0.4.1'
Driver info: org.openqa.selenium.chrome.ChromeDriver
Command: [53b43f3dcae921f643ce3d3a88449cc9, findElement {using=name, value=tl_user_management--51688_text}]
Capabilities {acceptInsecureCerts: false, browserName: chrome, browserVersion: 106.0.5249.103, chrome: {chromedriverVersion: 106.0.5249.61 (511755355844..., userDataDir: C:\Users\NEXSOFT\AppData\Lo...}, goog:chromeOptions: {debuggerAddress: localhost:57895}, networkConnectionEnabled: false, pageLoadStrategy: normal, platformName: WINDOWS, proxy: Proxy(), se:cdp: ws://localhost:57895/devtoo..., se:cdpVersion: 106.0.5249.103, setWindowRect: true, strictFileInteractability: false, timeouts: {implicit: 0, pageLoad: 300000, script: 30000}, unhandledPromptBehavior: dismiss and notify, webauthn:extension:credBlob: true, webauthn:extension:largeBlob: true, webauthn:virtualAuthenticators: true}
Session ID: 53b43f3dcae921f643ce3d3a88449cc9]]>
            </message>
            <full-stacktrace>
              <![CDATA[org.openqa.selenium.NoSuchElementException: no such element: Unable to locate element: {"method":"css selector","selector":"*[name='tl_user_management--51688_text']"}
  (Session info: chrome=106.0.5249.103)
For documentation on this error, please visit: https://selenium.dev/exceptions/#no_such_element
Build info: version: '4.4.0', revision: 'e5c75ed026a'
System info: host: 'LAPTOP-ASKQ9BMM', ip: '10.0.0.250', os.name: 'Windows 10', os.arch: 'amd64', os.version: '10.0', java.version: '17.0.4.1'
Driver info: org.openqa.selenium.chrome.ChromeDriver
Command: [53b43f3dcae921f643ce3d3a88449cc9, findElement {using=name, value=tl_user_management--51688_text}]
Capabilities {acceptInsecureCerts: false, browserName: chrome, browserVersion: 106.0.5249.103, chrome: {chromedriverVersion: 106.0.5249.61 (511755355844..., userDataDir: C:\Users\NEXSOFT\AppData\Lo...}, goog:chromeOptions: {debuggerAddress: localhost:57895}, networkConnectionEnabled: false, pageLoadStrategy: normal, platformName: WINDOWS, proxy: Proxy(), se:cdp: ws://localhost:57895/devtoo..., se:cdpVersion: 106.0.5249.103, setWindowRect: true, strictFileInteractability: false, timeouts: {implicit: 0, pageLoad: 300000, script: 30000}, unhandledPromptBehavior: dismiss and notify, webauthn:extension:credBlob: true, webauthn:extension:largeBlob: true, webauthn:virtualAuthenticators: true}
Session ID: 53b43f3dcae921f643ce3d3a88449cc9
at java.base/jdk.internal.reflect.NativeConstructorAccessorImpl.newInstance0(Native Method)
at java.base/jdk.internal.reflect.NativeConstructorAccessorImpl.newInstance(NativeConstructorAccessorImpl.java:77)
at java.base/jdk.internal.reflect.DelegatingConstructorAccessorImpl.newInstance(DelegatingConstructorAccessorImpl.java:45)
at java.base/java.lang.reflect.Constructor.newInstanceWithCaller(Constructor.java:499)
at java.base/java.lang.reflect.Constructor.newInstance(Constructor.java:480)
at org.openqa.selenium.remote.codec.w3c.W3CHttpResponseCodec.createException(W3CHttpResponseCodec.java:200)
at org.openqa.selenium.remote.codec.w3c.W3CHttpResponseCodec.decode(W3CHttpResponseCodec.java:133)
at org.openqa.selenium.remote.codec.w3c.W3CHttpResponseCodec.decode(W3CHttpResponseCodec.java:53)
at org.openqa.selenium.remote.HttpCommandExecutor.execute(HttpCommandExecutor.java:184)
at org.openqa.selenium.remote.service.DriverCommandExecutor.invokeExecute(DriverCommandExecutor.java:167)
at org.openqa.selenium.remote.service.DriverCommandExecutor.execute(DriverCommandExecutor.java:142)
at org.openqa.selenium.remote.RemoteWebDriver.execute(RemoteWebDriver.java:547)
at org.openqa.selenium.remote.ElementLocation$ElementFinder$2.findElement(ElementLocation.java:162)
at org.openqa.selenium.remote.ElementLocation.findElement(ElementLocation.java:66)
at org.openqa.selenium.remote.RemoteWebDriver.findElement(RemoteWebDriver.java:365)
at org.openqa.selenium.remote.RemoteWebDriver.findElement(RemoteWebDriver.java:357)
at org.openqa.selenium.support.pagefactory.DefaultElementLocator.findElement(DefaultElementLocator.java:70)
at org.openqa.selenium.support.pagefactory.internal.LocatingElementHandler.invoke(LocatingElementHandler.java:39)
at jdk.proxy2/jdk.proxy2.$Proxy31.click(Unknown Source)
at com.sqa.psikotes.framework.page.AdminPage.clickCheckPassword(AdminPage.java:586)
at com.sqa.psikotes.framework.runner.TestAPResetPasswordAdminValid.tsap009001_admin_klik_checkbox_pada_data_yang_akan_di_reset_passwordnya(TestAPResetPasswordAdminValid.java:41)
at ✽.TSAP009001 Admin klik checkbox pada data yang akan di reset passwordnya(file:///C:/Users/NEXSOFT/git/TARunanto/TARunanto/src/main/resources/features/081APResetPasswordValid.feature:8)
]]>
            </full-stacktrace>
          </exception> <!-- org.openqa.selenium.NoSuchElementException -->
          <reporter-output>
          </reporter-output>
        </test-method> <!-- runScenario -->
        <test-method signature="runScenario(io.cucumber.testng.PickleWrapper,io.cucumber.testng.FeatureWrapper)[pri:0, instance:com.sqa.psikotes.framework.runner.TestRunner@2767e23c]" started-at="2022-10-07T15:41:14 WIB" name="runScenario" description="Runs Cucumber Scenarios" data-provider="scenarios" finished-at="2022-10-07T15:41:30 WIB" duration-ms="15418" status="PASS">
          <params>
            <param index="0">
              <value>
                <![CDATA["TSAP010001 Admin mengubah satu field pada akun admin"]]>
              </value>
            </param>
            <param index="1">
              <value>
                <![CDATA["TSAP010 Edit data akun admin"]]>
              </value>
            </param>
          </params>
          <reporter-output>
          </reporter-output>
        </test-method> <!-- runScenario -->
        <test-method signature="runScenario(io.cucumber.testng.PickleWrapper,io.cucumber.testng.FeatureWrapper)[pri:0, instance:com.sqa.psikotes.framework.runner.TestRunner@2767e23c]" started-at="2022-10-07T15:41:30 WIB" name="runScenario" description="Runs Cucumber Scenarios" data-provider="scenarios" finished-at="2022-10-07T15:41:45 WIB" duration-ms="15259" status="PASS">
          <params>
            <param index="0">
              <value>
                <![CDATA["TSAP010001 Admin mengubah satu field pada akun admin"]]>
              </value>
            </param>
            <param index="1">
              <value>
                <![CDATA["TSAP010 Edit data akun admin"]]>
              </value>
            </param>
          </params>
          <reporter-output>
          </reporter-output>
        </test-method> <!-- runScenario -->
        <test-method signature="runScenario(io.cucumber.testng.PickleWrapper,io.cucumber.testng.FeatureWrapper)[pri:0, instance:com.sqa.psikotes.framework.runner.TestRunner@2767e23c]" started-at="2022-10-07T15:41:45 WIB" name="runScenario" description="Runs Cucumber Scenarios" data-provider="scenarios" finished-at="2022-10-07T15:42:00 WIB" duration-ms="15151" status="PASS">
          <params>
            <param index="0">
              <value>
                <![CDATA["TSAP010001 Admin mengubah satu field pada akun admin"]]>
              </value>
            </param>
            <param index="1">
              <value>
                <![CDATA["TSAP010 Edit data akun admin"]]>
              </value>
            </param>
          </params>
          <reporter-output>
          </reporter-output>
        </test-method> <!-- runScenario -->
        <test-method signature="runScenario(io.cucumber.testng.PickleWrapper,io.cucumber.testng.FeatureWrapper)[pri:0, instance:com.sqa.psikotes.framework.runner.TestRunner@2767e23c]" started-at="2022-10-07T15:42:00 WIB" name="runScenario" description="Runs Cucumber Scenarios" data-provider="scenarios" finished-at="2022-10-07T15:42:16 WIB" duration-ms="15199" status="PASS">
          <params>
            <param index="0">
              <value>
                <![CDATA["TSAP010001 Admin mengubah satu field pada akun admin"]]>
              </value>
            </param>
            <param index="1">
              <value>
                <![CDATA["TSAP010 Edit data akun admin"]]>
              </value>
            </param>
          </params>
          <reporter-output>
          </reporter-output>
        </test-method> <!-- runScenario -->
        <test-method signature="runScenario(io.cucumber.testng.PickleWrapper,io.cucumber.testng.FeatureWrapper)[pri:0, instance:com.sqa.psikotes.framework.runner.TestRunner@2767e23c]" started-at="2022-10-07T15:42:16 WIB" name="runScenario" description="Runs Cucumber Scenarios" data-provider="scenarios" finished-at="2022-10-07T15:42:52 WIB" duration-ms="36021" status="PASS">
          <params>
            <param index="0">
              <value>
                <![CDATA["TSAP010002 Admin mengubah dua field pada akun admin"]]>
              </value>
            </param>
            <param index="1">
              <value>
                <![CDATA["TSAP010 Edit data akun admin"]]>
              </value>
            </param>
          </params>
          <reporter-output>
          </reporter-output>
        </test-method> <!-- runScenario -->
        <test-method signature="runScenario(io.cucumber.testng.PickleWrapper,io.cucumber.testng.FeatureWrapper)[pri:0, instance:com.sqa.psikotes.framework.runner.TestRunner@2767e23c]" started-at="2022-10-07T15:42:52 WIB" name="runScenario" description="Runs Cucumber Scenarios" data-provider="scenarios" finished-at="2022-10-07T15:43:14 WIB" duration-ms="22690" status="PASS">
          <params>
            <param index="0">
              <value>
                <![CDATA["TSAP010002 Admin mengubah dua field pada akun admin"]]>
              </value>
            </param>
            <param index="1">
              <value>
                <![CDATA["TSAP010 Edit data akun admin"]]>
              </value>
            </param>
          </params>
          <reporter-output>
          </reporter-output>
        </test-method> <!-- runScenario -->
        <test-method signature="runScenario(io.cucumber.testng.PickleWrapper,io.cucumber.testng.FeatureWrapper)[pri:0, instance:com.sqa.psikotes.framework.runner.TestRunner@2767e23c]" started-at="2022-10-07T15:43:14 WIB" name="runScenario" description="Runs Cucumber Scenarios" data-provider="scenarios" finished-at="2022-10-07T15:43:37 WIB" duration-ms="22696" status="PASS">
          <params>
            <param index="0">
              <value>
                <![CDATA["TSAP010002 Admin mengubah dua field pada akun admin"]]>
              </value>
            </param>
            <param index="1">
              <value>
                <![CDATA["TSAP010 Edit data akun admin"]]>
              </value>
            </param>
          </params>
          <reporter-output>
          </reporter-output>
        </test-method> <!-- runScenario -->
        <test-method signature="runScenario(io.cucumber.testng.PickleWrapper,io.cucumber.testng.FeatureWrapper)[pri:0, instance:com.sqa.psikotes.framework.runner.TestRunner@2767e23c]" started-at="2022-10-07T15:43:37 WIB" name="runScenario" description="Runs Cucumber Scenarios" data-provider="scenarios" finished-at="2022-10-07T15:44:00 WIB" duration-ms="22839" status="PASS">
          <params>
            <param index="0">
              <value>
                <![CDATA["TSAP010002 Admin mengubah dua field pada akun admin"]]>
              </value>
            </param>
            <param index="1">
              <value>
                <![CDATA["TSAP010 Edit data akun admin"]]>
              </value>
            </param>
          </params>
          <reporter-output>
          </reporter-output>
        </test-method> <!-- runScenario -->
        <test-method signature="runScenario(io.cucumber.testng.PickleWrapper,io.cucumber.testng.FeatureWrapper)[pri:0, instance:com.sqa.psikotes.framework.runner.TestRunner@2767e23c]" started-at="2022-10-07T15:44:00 WIB" name="runScenario" description="Runs Cucumber Scenarios" data-provider="scenarios" finished-at="2022-10-07T15:44:23 WIB" duration-ms="22951" status="PASS">
          <params>
            <param index="0">
              <value>
                <![CDATA["TSAP010002 Admin mengubah dua field pada akun admin"]]>
              </value>
            </param>
            <param index="1">
              <value>
                <![CDATA["TSAP010 Edit data akun admin"]]>
              </value>
            </param>
          </params>
          <reporter-output>
          </reporter-output>
        </test-method> <!-- runScenario -->
        <test-method signature="runScenario(io.cucumber.testng.PickleWrapper,io.cucumber.testng.FeatureWrapper)[pri:0, instance:com.sqa.psikotes.framework.runner.TestRunner@2767e23c]" started-at="2022-10-07T15:44:23 WIB" name="runScenario" description="Runs Cucumber Scenarios" data-provider="scenarios" finished-at="2022-10-07T15:44:46 WIB" duration-ms="22954" status="PASS">
          <params>
            <param index="0">
              <value>
                <![CDATA["TSAP010002 Admin mengubah dua field pada akun admin"]]>
              </value>
            </param>
            <param index="1">
              <value>
                <![CDATA["TSAP010 Edit data akun admin"]]>
              </value>
            </param>
          </params>
          <reporter-output>
          </reporter-output>
        </test-method> <!-- runScenario -->
        <test-method signature="runScenario(io.cucumber.testng.PickleWrapper,io.cucumber.testng.FeatureWrapper)[pri:0, instance:com.sqa.psikotes.framework.runner.TestRunner@2767e23c]" started-at="2022-10-07T15:44:46 WIB" name="runScenario" description="Runs Cucumber Scenarios" data-provider="scenarios" finished-at="2022-10-07T15:45:17 WIB" duration-ms="30916" status="PASS">
          <params>
            <param index="0">
              <value>
                <![CDATA["TSAP010003 Admin mengubah tiga field pada akun admin"]]>
              </value>
            </param>
            <param index="1">
              <value>
                <![CDATA["TSAP010 Edit data akun admin"]]>
              </value>
            </param>
          </params>
          <reporter-output>
          </reporter-output>
        </test-method> <!-- runScenario -->
        <test-method signature="runScenario(io.cucumber.testng.PickleWrapper,io.cucumber.testng.FeatureWrapper)[pri:0, instance:com.sqa.psikotes.framework.runner.TestRunner@2767e23c]" started-at="2022-10-07T15:45:17 WIB" name="runScenario" description="Runs Cucumber Scenarios" data-provider="scenarios" finished-at="2022-10-07T15:45:47 WIB" duration-ms="30806" status="PASS">
          <params>
            <param index="0">
              <value>
                <![CDATA["TSAP010003 Admin mengubah tiga field pada akun admin"]]>
              </value>
            </param>
            <param index="1">
              <value>
                <![CDATA["TSAP010 Edit data akun admin"]]>
              </value>
            </param>
          </params>
          <reporter-output>
          </reporter-output>
        </test-method> <!-- runScenario -->
        <test-method signature="runScenario(io.cucumber.testng.PickleWrapper,io.cucumber.testng.FeatureWrapper)[pri:0, instance:com.sqa.psikotes.framework.runner.TestRunner@2767e23c]" started-at="2022-10-07T15:45:47 WIB" name="runScenario" description="Runs Cucumber Scenarios" data-provider="scenarios" finished-at="2022-10-07T15:46:18 WIB" duration-ms="30246" status="PASS">
          <params>
            <param index="0">
              <value>
                <![CDATA["TSAP010003 Admin mengubah tiga field pada akun admin"]]>
              </value>
            </param>
            <param index="1">
              <value>
                <![CDATA["TSAP010 Edit data akun admin"]]>
              </value>
            </param>
          </params>
          <reporter-output>
          </reporter-output>
        </test-method> <!-- runScenario -->
        <test-method signature="runScenario(io.cucumber.testng.PickleWrapper,io.cucumber.testng.FeatureWrapper)[pri:0, instance:com.sqa.psikotes.framework.runner.TestRunner@2767e23c]" started-at="2022-10-07T15:46:18 WIB" name="runScenario" description="Runs Cucumber Scenarios" data-provider="scenarios" finished-at="2022-10-07T15:46:55 WIB" duration-ms="37738" status="PASS">
          <params>
            <param index="0">
              <value>
                <![CDATA["TSAP010004 Admin mengubah semua field pada akun admin"]]>
              </value>
            </param>
            <param index="1">
              <value>
                <![CDATA["TSAP010 Edit data akun admin"]]>
              </value>
            </param>
          </params>
          <reporter-output>
          </reporter-output>
        </test-method> <!-- runScenario -->
        <test-method signature="runScenario(io.cucumber.testng.PickleWrapper,io.cucumber.testng.FeatureWrapper)[pri:0, instance:com.sqa.psikotes.framework.runner.TestRunner@2767e23c]" started-at="2022-10-07T15:46:55 WIB" name="runScenario" description="Runs Cucumber Scenarios" data-provider="scenarios" finished-at="2022-10-07T15:47:26 WIB" duration-ms="30750" status="PASS">
          <params>
            <param index="0">
              <value>
                <![CDATA["TSAP011001 Admin tidak menyetujui edit password"]]>
              </value>
            </param>
            <param index="1">
              <value>
                <![CDATA["TSAP011 Edit password admin"]]>
              </value>
            </param>
          </params>
          <reporter-output>
          </reporter-output>
        </test-method> <!-- runScenario -->
        <test-method signature="runScenario(io.cucumber.testng.PickleWrapper,io.cucumber.testng.FeatureWrapper)[pri:0, instance:com.sqa.psikotes.framework.runner.TestRunner@2767e23c]" started-at="2022-10-07T15:47:26 WIB" name="runScenario" description="Runs Cucumber Scenarios" data-provider="scenarios" finished-at="2022-10-07T15:47:57 WIB" duration-ms="30707" status="PASS">
          <params>
            <param index="0">
              <value>
                <![CDATA["TSAP011001 Admin tidak menyetujui edit password"]]>
              </value>
            </param>
            <param index="1">
              <value>
                <![CDATA["TSAP011 Edit password admin"]]>
              </value>
            </param>
          </params>
          <reporter-output>
          </reporter-output>
        </test-method> <!-- runScenario -->
        <test-method signature="runScenario(io.cucumber.testng.PickleWrapper,io.cucumber.testng.FeatureWrapper)[pri:0, instance:com.sqa.psikotes.framework.runner.TestRunner@2767e23c]" started-at="2022-10-07T15:47:57 WIB" name="runScenario" description="Runs Cucumber Scenarios" data-provider="scenarios" finished-at="2022-10-07T15:48:28 WIB" duration-ms="30731" status="PASS">
          <params>
            <param index="0">
              <value>
                <![CDATA["TSAP011001 Admin tidak menyetujui edit password"]]>
              </value>
            </param>
            <param index="1">
              <value>
                <![CDATA["TSAP011 Edit password admin"]]>
              </value>
            </param>
          </params>
          <reporter-output>
          </reporter-output>
        </test-method> <!-- runScenario -->
        <test-method signature="runScenario(io.cucumber.testng.PickleWrapper,io.cucumber.testng.FeatureWrapper)[pri:0, instance:com.sqa.psikotes.framework.runner.TestRunner@2767e23c]" started-at="2022-10-07T15:48:28 WIB" name="runScenario" description="Runs Cucumber Scenarios" data-provider="scenarios" finished-at="2022-10-07T15:49:01 WIB" duration-ms="33076" status="PASS">
          <params>
            <param index="0">
              <value>
                <![CDATA["TSAP011002 Admin menyetujui edit password"]]>
              </value>
            </param>
            <param index="1">
              <value>
                <![CDATA["TSAP011 Edit password admin"]]>
              </value>
            </param>
          </params>
          <reporter-output>
          </reporter-output>
        </test-method> <!-- runScenario -->
        <test-method signature="runScenario(io.cucumber.testng.PickleWrapper,io.cucumber.testng.FeatureWrapper)[pri:0, instance:com.sqa.psikotes.framework.runner.TestRunner@2767e23c]" started-at="2022-10-07T15:49:01 WIB" name="runScenario" description="Runs Cucumber Scenarios" data-provider="scenarios" finished-at="2022-10-07T15:49:34 WIB" duration-ms="32987" status="PASS">
          <params>
            <param index="0">
              <value>
                <![CDATA["TSAP011002 Admin menyetujui edit password"]]>
              </value>
            </param>
            <param index="1">
              <value>
                <![CDATA["TSAP011 Edit password admin"]]>
              </value>
            </param>
          </params>
          <reporter-output>
          </reporter-output>
        </test-method> <!-- runScenario -->
        <test-method signature="runScenario(io.cucumber.testng.PickleWrapper,io.cucumber.testng.FeatureWrapper)[pri:0, instance:com.sqa.psikotes.framework.runner.TestRunner@2767e23c]" started-at="2022-10-07T15:49:34 WIB" name="runScenario" description="Runs Cucumber Scenarios" data-provider="scenarios" finished-at="2022-10-07T15:50:07 WIB" duration-ms="33310" status="PASS">
          <params>
            <param index="0">
              <value>
                <![CDATA["TSAP011002 Admin menyetujui edit password"]]>
              </value>
            </param>
            <param index="1">
              <value>
                <![CDATA["TSAP011 Edit password admin"]]>
              </value>
            </param>
          </params>
          <reporter-output>
          </reporter-output>
        </test-method> <!-- runScenario -->
        <test-method signature="runScenario(io.cucumber.testng.PickleWrapper,io.cucumber.testng.FeatureWrapper)[pri:0, instance:com.sqa.psikotes.framework.runner.TestRunner@2767e23c]" started-at="2022-10-07T15:50:07 WIB" name="runScenario" description="Runs Cucumber Scenarios" data-provider="scenarios" finished-at="2022-10-07T15:50:45 WIB" duration-ms="37756" status="FAIL">
          <params>
            <param index="0">
              <value>
                <![CDATA["TSAP012001 Admin batal menghapus data"]]>
              </value>
            </param>
            <param index="1">
              <value>
                <![CDATA["TSAP012 Admin menghapus data"]]>
              </value>
            </param>
          </params>
          <exception class="org.openqa.selenium.NoSuchElementException">
            <message>
              <![CDATA[no such element: Unable to locate element: {"method":"xpath","selector":"//td[2]/div/img"}
  (Session info: chrome=106.0.5249.103)
For documentation on this error, please visit: https://selenium.dev/exceptions/#no_such_element
Build info: version: '4.4.0', revision: 'e5c75ed026a'
System info: host: 'LAPTOP-ASKQ9BMM', ip: '10.0.0.250', os.name: 'Windows 10', os.arch: 'amd64', os.version: '10.0', java.version: '17.0.4.1'
Driver info: org.openqa.selenium.chrome.ChromeDriver
Command: [53b43f3dcae921f643ce3d3a88449cc9, findElement {using=xpath, value=//td[2]/div/img}]
Capabilities {acceptInsecureCerts: false, browserName: chrome, browserVersion: 106.0.5249.103, chrome: {chromedriverVersion: 106.0.5249.61 (511755355844..., userDataDir: C:\Users\NEXSOFT\AppData\Lo...}, goog:chromeOptions: {debuggerAddress: localhost:57895}, networkConnectionEnabled: false, pageLoadStrategy: normal, platformName: WINDOWS, proxy: Proxy(), se:cdp: ws://localhost:57895/devtoo..., se:cdpVersion: 106.0.5249.103, setWindowRect: true, strictFileInteractability: false, timeouts: {implicit: 0, pageLoad: 300000, script: 30000}, unhandledPromptBehavior: dismiss and notify, webauthn:extension:credBlob: true, webauthn:extension:largeBlob: true, webauthn:virtualAuthenticators: true}
Session ID: 53b43f3dcae921f643ce3d3a88449cc9]]>
            </message>
            <full-stacktrace>
              <![CDATA[org.openqa.selenium.NoSuchElementException: no such element: Unable to locate element: {"method":"xpath","selector":"//td[2]/div/img"}
  (Session info: chrome=106.0.5249.103)
For documentation on this error, please visit: https://selenium.dev/exceptions/#no_such_element
Build info: version: '4.4.0', revision: 'e5c75ed026a'
System info: host: 'LAPTOP-ASKQ9BMM', ip: '10.0.0.250', os.name: 'Windows 10', os.arch: 'amd64', os.version: '10.0', java.version: '17.0.4.1'
Driver info: org.openqa.selenium.chrome.ChromeDriver
Command: [53b43f3dcae921f643ce3d3a88449cc9, findElement {using=xpath, value=//td[2]/div/img}]
Capabilities {acceptInsecureCerts: false, browserName: chrome, browserVersion: 106.0.5249.103, chrome: {chromedriverVersion: 106.0.5249.61 (511755355844..., userDataDir: C:\Users\NEXSOFT\AppData\Lo...}, goog:chromeOptions: {debuggerAddress: localhost:57895}, networkConnectionEnabled: false, pageLoadStrategy: normal, platformName: WINDOWS, proxy: Proxy(), se:cdp: ws://localhost:57895/devtoo..., se:cdpVersion: 106.0.5249.103, setWindowRect: true, strictFileInteractability: false, timeouts: {implicit: 0, pageLoad: 300000, script: 30000}, unhandledPromptBehavior: dismiss and notify, webauthn:extension:credBlob: true, webauthn:extension:largeBlob: true, webauthn:virtualAuthenticators: true}
Session ID: 53b43f3dcae921f643ce3d3a88449cc9
at java.base/jdk.internal.reflect.NativeConstructorAccessorImpl.newInstance0(Native Method)
at java.base/jdk.internal.reflect.NativeConstructorAccessorImpl.newInstance(NativeConstructorAccessorImpl.java:77)
at java.base/jdk.internal.reflect.DelegatingConstructorAccessorImpl.newInstance(DelegatingConstructorAccessorImpl.java:45)
at java.base/java.lang.reflect.Constructor.newInstanceWithCaller(Constructor.java:499)
at java.base/java.lang.reflect.Constructor.newInstance(Constructor.java:480)
at org.openqa.selenium.remote.codec.w3c.W3CHttpResponseCodec.createException(W3CHttpResponseCodec.java:200)
at org.openqa.selenium.remote.codec.w3c.W3CHttpResponseCodec.decode(W3CHttpResponseCodec.java:133)
at org.openqa.selenium.remote.codec.w3c.W3CHttpResponseCodec.decode(W3CHttpResponseCodec.java:53)
at org.openqa.selenium.remote.HttpCommandExecutor.execute(HttpCommandExecutor.java:184)
at org.openqa.selenium.remote.service.DriverCommandExecutor.invokeExecute(DriverCommandExecutor.java:167)
at org.openqa.selenium.remote.service.DriverCommandExecutor.execute(DriverCommandExecutor.java:142)
at org.openqa.selenium.remote.RemoteWebDriver.execute(RemoteWebDriver.java:547)
at org.openqa.selenium.remote.ElementLocation$ElementFinder$2.findElement(ElementLocation.java:162)
at org.openqa.selenium.remote.ElementLocation.findElement(ElementLocation.java:60)
at org.openqa.selenium.remote.RemoteWebDriver.findElement(RemoteWebDriver.java:365)
at org.openqa.selenium.remote.RemoteWebDriver.findElement(RemoteWebDriver.java:357)
at org.openqa.selenium.support.pagefactory.DefaultElementLocator.findElement(DefaultElementLocator.java:70)
at org.openqa.selenium.support.pagefactory.internal.LocatingElementHandler.invoke(LocatingElementHandler.java:39)
at jdk.proxy2/jdk.proxy2.$Proxy31.click(Unknown Source)
at com.sqa.psikotes.framework.page.AdminPage.clickBtnDeleteDataAdmin(AdminPage.java:646)
at com.sqa.psikotes.framework.runner.TestAPHapusDataAdmin.tsap012001_admin_klik_tombol_hapus_data(TestAPHapusDataAdmin.java:41)
at ✽.TSAP012001 Admin klik tombol hapus data(file:///C:/Users/NEXSOFT/git/TARunanto/TARunanto/src/main/resources/features/091APHapusDataAdmin.feature:10)
]]>
            </full-stacktrace>
          </exception> <!-- org.openqa.selenium.NoSuchElementException -->
          <reporter-output>
          </reporter-output>
        </test-method> <!-- runScenario -->
        <test-method signature="runScenario(io.cucumber.testng.PickleWrapper,io.cucumber.testng.FeatureWrapper)[pri:0, instance:com.sqa.psikotes.framework.runner.TestRunner@2767e23c]" started-at="2022-10-07T15:50:45 WIB" name="runScenario" description="Runs Cucumber Scenarios" data-provider="scenarios" finished-at="2022-10-07T15:51:23 WIB" duration-ms="38107" status="FAIL">
          <params>
            <param index="0">
              <value>
                <![CDATA["TSAP012002 Admin berhasil menghapus data"]]>
              </value>
            </param>
            <param index="1">
              <value>
                <![CDATA["TSAP012 Admin menghapus data"]]>
              </value>
            </param>
          </params>
          <exception class="org.openqa.selenium.NoSuchElementException">
            <message>
              <![CDATA[no such element: Unable to locate element: {"method":"xpath","selector":"//td[2]/div/img"}
  (Session info: chrome=106.0.5249.103)
For documentation on this error, please visit: https://selenium.dev/exceptions/#no_such_element
Build info: version: '4.4.0', revision: 'e5c75ed026a'
System info: host: 'LAPTOP-ASKQ9BMM', ip: '10.0.0.250', os.name: 'Windows 10', os.arch: 'amd64', os.version: '10.0', java.version: '17.0.4.1'
Driver info: org.openqa.selenium.chrome.ChromeDriver
Command: [53b43f3dcae921f643ce3d3a88449cc9, findElement {using=xpath, value=//td[2]/div/img}]
Capabilities {acceptInsecureCerts: false, browserName: chrome, browserVersion: 106.0.5249.103, chrome: {chromedriverVersion: 106.0.5249.61 (511755355844..., userDataDir: C:\Users\NEXSOFT\AppData\Lo...}, goog:chromeOptions: {debuggerAddress: localhost:57895}, networkConnectionEnabled: false, pageLoadStrategy: normal, platformName: WINDOWS, proxy: Proxy(), se:cdp: ws://localhost:57895/devtoo..., se:cdpVersion: 106.0.5249.103, setWindowRect: true, strictFileInteractability: false, timeouts: {implicit: 0, pageLoad: 300000, script: 30000}, unhandledPromptBehavior: dismiss and notify, webauthn:extension:credBlob: true, webauthn:extension:largeBlob: true, webauthn:virtualAuthenticators: true}
Session ID: 53b43f3dcae921f643ce3d3a88449cc9]]>
            </message>
            <full-stacktrace>
              <![CDATA[org.openqa.selenium.NoSuchElementException: no such element: Unable to locate element: {"method":"xpath","selector":"//td[2]/div/img"}
  (Session info: chrome=106.0.5249.103)
For documentation on this error, please visit: https://selenium.dev/exceptions/#no_such_element
Build info: version: '4.4.0', revision: 'e5c75ed026a'
System info: host: 'LAPTOP-ASKQ9BMM', ip: '10.0.0.250', os.name: 'Windows 10', os.arch: 'amd64', os.version: '10.0', java.version: '17.0.4.1'
Driver info: org.openqa.selenium.chrome.ChromeDriver
Command: [53b43f3dcae921f643ce3d3a88449cc9, findElement {using=xpath, value=//td[2]/div/img}]
[...]
at com.sqa.psikotes.framework.runner.TestAPHapusDataAdmin.tsap012002_admin_klik_tombol_hapus_data(TestAPHapusDataAdmin.java:62)
at ✽.TSAP012002 Admin klik tombol hapus data(file:///C:/Users/NEXSOFT/git/TARunanto/TARunanto/src/main/resources/features/091APHapusDataAdmin.feature:15)
]]>
            </full-stacktrace>
          </exception> <!-- org.openqa.selenium.NoSuchElementException -->
          <reporter-output>
          </reporter-output>
        </test-method> <!-- runScenario -->
        <test-method signature="runScenario(io.cucumber.testng.PickleWrapper,io.cucumber.testng.FeatureWrapper)[pri:0, instance:com.sqa.psikotes.framework.runner.TestRunner@2767e23c]" started-at="2022-10-07T15:51:23 WIB" name="runScenario" description="Runs Cucumber Scenarios" data-provider="scenarios" finished-at="2022-10-07T15:51:33 WIB" duration-ms="9735" status="PASS">
          <params>
            <param index="0">
              <value>
                <![CDATA["TSAPN013001 Admin mencari data dengan tombol search"]]>
              </value>
            </param>
            <param index="1">
              <value>
                <![CDATA["TSAPN013 Admin Search Data Invalid"]]>
              </value>
            </param>
          </params>
          <reporter-output>
          </reporter-output>
        </test-method> <!-- runScenario -->
        <test-method signature="runScenario(io.cucumber.testng.PickleWrapper,io.cucumber.testng.FeatureWrapper)[pri:0, instance:com.sqa.psikotes.framework.runner.TestRunner@2767e23c]" started-at="2022-10-07T15:51:33 WIB" name="runScenario" description="Runs Cucumber Scenarios" data-provider="scenarios" finished-at="2022-10-07T15:51:41 WIB" duration-ms="8795" status="PASS">
          <params>
            <param index="0">
              <value>
                <![CDATA["TSAPN013001 Admin mencari data dengan tombol search"]]>
              </value>
            </param>
            <param index="1">
              <value>
                <![CDATA["TSAPN013 Admin Search Data Invalid"]]>
              </value>
            </param>
          </params>
          <reporter-output>
          </reporter-output>
        </test-method> <!-- runScenario -->
        <test-method signature="runScenario(io.cucumber.testng.PickleWrapper,io.cucumber.testng.FeatureWrapper)[pri:0, instance:com.sqa.psikotes.framework.runner.TestRunner@2767e23c]" started-at="2022-10-07T15:51:41 WIB" name="runScenario" description="Runs Cucumber Scenarios" data-provider="scenarios" finished-at="2022-10-07T15:51:50 WIB" duration-ms="9047" status="PASS">
          <params>
            <param index="0">
              <value>
                <![CDATA["TSAPN013002 Admin mencari data dengan  tombol enter (green button)"]]>
              </value>
            </param>
            <param index="1">
              <value>
                <![CDATA["TSAPN013 Admin Search Data Invalid"]]>
              </value>
            </param>
          </params>
          <reporter-output>
          </reporter-output>
        </test-method> <!-- runScenario -->
        <test-method signature="runScenario(io.cucumber.testng.PickleWrapper,io.cucumber.testng.FeatureWrapper)[pri:0, instance:com.sqa.psikotes.framework.runner.TestRunner@2767e23c]" started-at="2022-10-07T15:51:50 WIB" name="runScenario" description="Runs Cucumber Scenarios" data-provider="scenarios" finished-at="2022-10-07T15:51:59 WIB" duration-ms="8844" status="PASS">
          <params>
            <param index="0">
              <value>
                <![CDATA["TSAPN013002 Admin mencari data dengan  tombol enter (green button)"]]>
              </value>
            </param>
            <param index="1">
              <value>
                <![CDATA["TSAPN013 Admin Search Data Invalid"]]>
              </value>
            </param>
          </params>
          <reporter-output>
          </reporter-output>
        </test-method> <!-- runScenario -->
        <test-method signature="runScenario(io.cucumber.testng.PickleWrapper,io.cucumber.testng.FeatureWrapper)[pri:0, instance:com.sqa.psikotes.framework.runner.TestRunner@2767e23c]" started-at="2022-10-07T15:51:59 WIB" name="runScenario" description="Runs Cucumber Scenarios" data-provider="scenarios" finished-at="2022-10-07T15:52:08 WIB" duration-ms="8782" status="PASS">
          <params>
            <param index="0">
              <value>
                <![CDATA["TSAPN013003 Admin mencari data dengan tombol enter pada keyboard"]]>
              </value>
            </param>
            <param index="1">
              <value>
                <![CDATA["TSAPN013 Admin Search Data Invalid"]]>
              </value>
            </param>
          </params>
          <reporter-output>
          </reporter-output>
        </test-method> <!-- runScenario -->
        <test-method signature="runScenario(io.cucumber.testng.PickleWrapper,io.cucumber.testng.FeatureWrapper)[pri:0, instance:com.sqa.psikotes.framework.runner.TestRunner@2767e23c]" started-at="2022-10-07T15:52:08 WIB" name="runScenario" description="Runs Cucumber Scenarios" data-provider="scenarios" finished-at="2022-10-07T15:52:17 WIB" duration-ms="8705" status="PASS">
          <params>
            <param index="0">
              <value>
                <![CDATA["TSAPN013003 Admin mencari data dengan tombol enter pada keyboard"]]>
              </value>
            </param>
            <param index="1">
              <value>
                <![CDATA["TSAPN013 Admin Search Data Invalid"]]>
              </value>
            </param>
          </params>
          <reporter-output>
          </reporter-output>
        </test-method> <!-- runScenario -->
        <test-method signature="runScenario(io.cucumber.testng.PickleWrapper,io.cucumber.testng.FeatureWrapper)[pri:0, instance:com.sqa.psikotes.framework.runner.TestRunner@2767e23c]" started-at="2022-10-07T15:52:17 WIB" name="runScenario" description="Runs Cucumber Scenarios" data-provider="scenarios" finished-at="2022-10-07T15:52:36 WIB" duration-ms="19420" status="PASS">
          <params>
            <param index="0">
              <value>
                <![CDATA[""]]>
              </value>
            </param>
            <param index="1">
              <value>
                <![CDATA["TSAPN014 Admin tambah data invalid"]]>
              </value>
            </param>
          </params>
          <reporter-output>
          </reporter-output>
        </test-method> <!-- runScenario -->
        <test-method signature="runScenario(io.cucumber.testng.PickleWrapper,io.cucumber.testng.FeatureWrapper)[pri:0, instance:com.sqa.psikotes.framework.runner.TestRunner@2767e23c]" started-at="2022-10-07T15:52:36 WIB" name="runScenario" description="Runs Cucumber Scenarios" data-provider="scenarios" finished-at="2022-10-07T15:52:56 WIB" duration-ms="19353" status="PASS">
          <params>
            <param index="0">
              <value>
                <![CDATA[""]]>
              </value>
            </param>
            <param index="1">
              <value>
                <![CDATA["TSAPN014 Admin tambah data invalid"]]>
              </value>
            </param>
          </params>
          <reporter-output>
          </reporter-output>
        </test-method> <!-- runScenario -->
        <test-method signature="runScenario(io.cucumber.testng.PickleWrapper,io.cucumber.testng.FeatureWrapper)[pri:0, instance:com.sqa.psikotes.framework.runner.TestRunner@2767e23c]" started-at="2022-10-07T15:52:56 WIB" name="runScenario" description="Runs Cucumber Scenarios" data-provider="scenarios" finished-at="2022-10-07T15:53:15 WIB" duration-ms="19346" status="PASS">
          <params>
            <param index="0">
              <value>
                <![CDATA[""]]>
              </value>
            </param>
            <param index="1">
              <value>
                <![CDATA["TSAPN014 Admin tambah data invalid"]]>
              </value>
            </param>
          </params>
          <reporter-output>
          </reporter-output>
        </test-method> <!-- runScenario -->
        <test-method signature="runScenario(io.cucumber.testng.PickleWrapper,io.cucumber.testng.FeatureWrapper)[pri:0, instance:com.sqa.psikotes.framework.runner.TestRunner@2767e23c]" started-at="2022-10-07T15:53:15 WIB" name="runScenario" description="Runs Cucumber Scenarios" data-provider="scenarios" finished-at="2022-10-07T15:53:34 WIB" duration-ms="19381" status="PASS">
          <params>
            <param index="0">
              <value>
                <![CDATA[""]]>
              </value>
            </param>
            <param index="1">
              <value>
                <![CDATA["TSAPN014 Admin tambah data invalid"]]>
              </value>
            </param>
          </params>
          <reporter-output>
          </reporter-output>
        </test-method> <!-- runScenario -->
        <test-method signature="runScenario(io.cucumber.testng.PickleWrapper,io.cucumber.testng.FeatureWrapper)[pri:0, instance:com.sqa.psikotes.framework.runner.TestRunner@2767e23c]" started-at="2022-10-07T15:53:34 WIB" name="runScenario" description="Runs Cucumber Scenarios" data-provider="scenarios" finished-at="2022-10-07T15:53:54 WIB" duration-ms="19362" status="PASS">
          <params>
            <param index="0">
              <value>
                <![CDATA[""]]>
              </value>
            </param>
            <param index="1">
              <value>
                <![CDATA["TSAPN014 Admin tambah data invalid"]]>
              </value>
            </param>
          </params>
          <reporter-output>
          </reporter-output>
        </test-method> <!-- runScenario -->
        <test-method signature="runScenario(io.cucumber.testng.PickleWrapper,io.cucumber.testng.FeatureWrapper)[pri:0, instance:com.sqa.psikotes.framework.runner.TestRunner@2767e23c]" started-at="2022-10-07T15:53:54 WIB" name="runScenario" description="Runs Cucumber Scenarios" data-provider="scenarios" finished-at="2022-10-07T15:54:13 WIB" duration-ms="19385" status="PASS">
          <params>
            <param index="0">
              <value>
                <![CDATA[""]]>
              </value>
            </param>
            <param index="1">
              <value>
                <![CDATA["TSAPN014 Admin tambah data invalid"]]>
              </value>
            </param>
          </params>
          <reporter-output>
          </reporter-output>
        </test-method> <!-- runScenario -->
        <test-method signature="runScenario(io.cucumber.testng.PickleWrapper,io.cucumber.testng.FeatureWrapper)[pri:0, instance:com.sqa.psikotes.framework.runner.TestRunner@2767e23c]" started-at="2022-10-07T15:54:13 WIB" name="runScenario" description="Runs Cucumber Scenarios" data-provider="scenarios" finished-at="2022-10-07T15:54:32 WIB" duration-ms="19340" status="PASS">
          <params>
            <param index="0">
              <value>
                <![CDATA[""]]>
              </value>
            </param>
            <param index="1">
              <value>
                <![CDATA["TSAPN014 Admin tambah data invalid"]]>
              </value>
            </param>
          </params>
          <reporter-output>
          </reporter-output>
        </test-method> <!-- runScenario -->
        <test-method signature="runScenario(io.cucumber.testng.PickleWrapper,io.cucumber.testng.FeatureWrapper)[pri:0, instance:com.sqa.psikotes.framework.runner.TestRunner@2767e23c]" started-at="2022-10-07T15:54:32 WIB" name="runScenario" description="Runs Cucumber Scenarios" data-provider="scenarios" finished-at="2022-10-07T15:54:52 WIB" duration-ms="19339" status="PASS">
          <params>
            <param index="0">
              <value>
                <![CDATA[""]]>
              </value>
            </param>
            <param index="1">
              <value>
                <![CDATA["TSAPN014 Admin tambah data invalid"]]>
              </value>
            </param>
          </params>
          <reporter-output>
          </reporter-output>
        </test-method> <!-- runScenario -->
        <test-method signature="runScenario(io.cucumber.testng.PickleWrapper,io.cucumber.testng.FeatureWrapper)[pri:0, instance:com.sqa.psikotes.framework.runner.TestRunner@2767e23c]" started-at="2022-10-07T15:54:52 WIB" name="runScenario" description="Runs Cucumber Scenarios" data-provider="scenarios" finished-at="2022-10-07T15:55:11 WIB" duration-ms="19369" status="PASS">
          <params>
            <param index="0">
              <value>
                <![CDATA[""]]>
              </value>
            </param>
            <param index="1">
              <value>
                <![CDATA["TSAPN014 Admin tambah data invalid"]]>
              </value>
            </param>
          </params>
          <reporter-output>
          </reporter-output>
        </test-method> <!-- runScenario -->
        <test-method signature="runScenario(io.cucumber.testng.PickleWrapper,io.cucumber.testng.FeatureWrapper)[pri:0, instance:com.sqa.psikotes.framework.runner.TestRunner@2767e23c]" started-at="2022-10-07T15:55:11 WIB" name="runScenario" description="Runs Cucumber Scenarios" data-provider="scenarios" finished-at="2022-10-07T15:55:30 WIB" duration-ms="19339" status="PASS">
          <params>
            <param index="0">
              <value>
                <![CDATA[""]]>
              </value>
            </param>
            <param index="1">
              <value>
                <![CDATA["TSAPN014 Admin tambah data invalid"]]>
              </value>
            </param>
          </params>
          <reporter-output>
          </reporter-output>
        </test-method> <!-- runScenario -->
        <test-method signature="runScenario(io.cucumber.testng.PickleWrapper,io.cucumber.testng.FeatureWrapper)[pri:0, instance:com.sqa.psikotes.framework.runner.TestRunner@2767e23c]" started-at="2022-10-07T15:55:30 WIB" name="runScenario" description="Runs Cucumber Scenarios" data-provider="scenarios" finished-at="2022-10-07T15:55:50 WIB" duration-ms="19468" status="PASS">
          <params>
            <param index="0">
              <value>
                <![CDATA[""]]>
              </value>
            </param>
            <param index="1">
              <value>
                <![CDATA["TSAPN014 Admin tambah data invalid"]]>
              </value>
            </param>
          </params>
          <reporter-output>
          </reporter-output>
        </test-method> <!-- runScenario -->
        <test-method signature="runScenario(io.cucumber.testng.PickleWrapper,io.cucumber.testng.FeatureWrapper)[pri:0, instance:com.sqa.psikotes.framework.runner.TestRunner@2767e23c]" started-at="2022-10-07T15:55:50 WIB" name="runScenario" description="Runs Cucumber Scenarios" data-provider="scenarios" finished-at="2022-10-07T15:56:09 WIB" duration-ms="19493" status="PASS">
          <params>
            <param index="0">
              <value>
                <![CDATA[""]]>
              </value>
            </param>
            <param index="1">
              <value>
                <![CDATA["TSAPN014 Admin tambah data invalid"]]>
              </value>
            </param>
          </params>
          <reporter-output>
          </reporter-output>
        </test-method> <!-- runScenario -->
        <test-method signature="runScenario(io.cucumber.testng.PickleWrapper,io.cucumber.testng.FeatureWrapper)[pri:0, instance:com.sqa.psikotes.framework.runner.TestRunner@2767e23c]" started-at="2022-10-07T15:56:09 WIB" name="runScenario" description="Runs Cucumber Scenarios" data-provider="scenarios" finished-at="2022-10-07T15:56:30 WIB" duration-ms="20227" status="PASS">
          <params>
            <param index="0">
              <value>
                <![CDATA[""]]>
              </value>
            </param>
            <param index="1">
              <value>
                <![CDATA["TSAPN014 Admin tambah data invalid"]]>
              </value>
            </param>
          </params>
          <reporter-output>
          </reporter-output>
        </test-method> <!-- runScenario -->
        <test-method signature="runScenario(io.cucumber.testng.PickleWrapper,io.cucumber.testng.FeatureWrapper)[pri:0, instance:com.sqa.psikotes.framework.runner.TestRunner@2767e23c]" started-at="2022-10-07T15:56:30 WIB" name="runScenario" description="Runs Cucumber Scenarios" data-provider="scenarios" finished-at="2022-10-07T15:56:49 WIB" duration-ms="19642" status="PASS">
          <params>
            <param index="0">
              <value>
                <![CDATA[""]]>
              </value>
            </param>
            <param index="1">
              <value>
                <![CDATA["TSAPN014 Admin tambah data invalid"]]>
              </value>
            </param>
          </params>
          <reporter-output>
          </reporter-output>
        </test-method> <!-- runScenario -->
        <test-method signature="runScenario(io.cucumber.testng.PickleWrapper,io.cucumber.testng.FeatureWrapper)[pri:0, instance:com.sqa.psikotes.framework.runner.TestRunner@2767e23c]" started-at="2022-10-07T15:56:49 WIB" name="runScenario" description="Runs Cucumber Scenarios" data-provider="scenarios" finished-at="2022-10-07T15:56:55 WIB" duration-ms="5682" status="PASS">
          <params>
            <param index="0">
              <value>
                <![CDATA["TSLO002001N Admin membatalkan logout dari website"]]>
              </value>
            </param>
            <param index="1">
              <value>
                <![CDATA["TSLO002 Admin Logout"]]>
              </value>
            </param>
          </params>
          <reporter-output>
          </reporter-output>
        </test-method> <!-- runScenario -->
        <test-method signature="runScenario(io.cucumber.testng.PickleWrapper,io.cucumber.testng.FeatureWrapper)[pri:0, instance:com.sqa.psikotes.framework.runner.TestRunner@2767e23c]" started-at="2022-10-07T15:56:55 WIB" name="runScenario" description="Runs Cucumber Scenarios" data-provider="scenarios" finished-at="2022-10-07T15:57:01 WIB" duration-ms="5638" status="PASS">
          <params>
            <param index="0">
              <value>
                <![CDATA["TSLO002002N Admin membatalkan logout dari website"]]>
              </value>
            </param>
            <param index="1">
              <value>
                <![CDATA["TSLO002 Admin Logout"]]>
              </value>
            </param>
          </params>
          <reporter-output>
          </reporter-output>
        </test-method> <!-- runScenario -->
        <test-method signature="runScenario(io.cucumber.testng.PickleWrapper,io.cucumber.testng.FeatureWrapper)[pri:0, instance:com.sqa.psikotes.framework.runner.TestRunner@2767e23c]" started-at="2022-10-07T15:57:01 WIB" name="runScenario" description="Runs Cucumber Scenarios" data-provider="scenarios" finished-at="2022-10-07T15:57:06 WIB" duration-ms="5692" status="PASS">
          <params>
            <param index="0">
              <value>
                <![CDATA["TSLO002002 Admin berhasil logout dari website"]]>
              </value>
            </param>
            <param index="1">
              <value>
                <![CDATA["TSLO002 Admin Logout"]]>
              </value>
            </param>
          </params>
          <reporter-output>
          </reporter-output>
        </test-method> <!-- runScenario -->
        <test-method is-config="true" signature="tearDownClass()[pri:0, instance:com.sqa.psikotes.framework.runner.TestRunner@2767e23c]" started-at="2022-10-07T15:57:06 WIB" name="tearDownClass" finished-at="2022-10-07T15:57:07 WIB" duration-ms="598" status="PASS">
          <reporter-output>
          </reporter-output>
        </test-method> <!-- tearDownClass -->
      </class> <!-- com.sqa.psikotes.framework.runner.TestRunner -->
    </test> <!-- Default test -->
  </suite> <!-- Default suite -->
</testng-results>
